Using pre-set license
Built from '2021.3/staging' branch; Version is '2021.3.18f1 (3129e69bc0c7) revision 3221990'; Using compiler version '192829333'; Build Type 'Release'
OS: 'Windows 10  (10.0.19044) 64bit Professional' Language: 'ru' Physical Memory: 16163 MB
BatchMode: 1, IsHumanControllingUs: 0, StartBugReporterOnCrash: 0, Is64bit: 1, IsPro: 1

COMMAND LINE ARGUMENTS:
C:\Program Files\Unity\Hub\Editor\2021.3.18f1\Editor\Unity.exe
-adb2
-batchMode
-noUpm
-name
AssetImportWorker1
-projectPath
C:/Users/User/Desktop/dimarabotay/My project (2)
-logFile
Logs/AssetImportWorker1.log
-srvPort
52119
Successfully changed project path to: C:/Users/User/Desktop/dimarabotay/My project (2)
C:/Users/User/Desktop/dimarabotay/My project (2)
[UnityMemory] Configuration Parameters - Can be set up in boot.config
    "memorysetup-bucket-allocator-granularity=16"
    "memorysetup-bucket-allocator-bucket-count=8"
    "memorysetup-bucket-allocator-block-size=33554432"
    "memorysetup-bucket-allocator-block-count=8"
    "memorysetup-main-allocator-block-size=16777216"
    "memorysetup-thread-allocator-block-size=16777216"
    "memorysetup-gfx-main-allocator-block-size=16777216"
    "memorysetup-gfx-thread-allocator-block-size=16777216"
    "memorysetup-cache-allocator-block-size=4194304"
    "memorysetup-typetree-allocator-block-size=2097152"
    "memorysetup-profiler-bucket-allocator-granularity=16"
    "memorysetup-profiler-bucket-allocator-bucket-count=8"
    "memorysetup-profiler-bucket-allocator-block-size=33554432"
    "memorysetup-profiler-bucket-allocator-block-count=8"
    "memorysetup-profiler-allocator-block-size=16777216"
    "memorysetup-profiler-editor-allocator-block-size=1048576"
    "memorysetup-temp-allocator-size-main=16777216"
    "memorysetup-job-temp-allocator-block-size=2097152"
    "memorysetup-job-temp-allocator-block-size-background=1048576"
    "memorysetup-job-temp-allocator-reduction-small-platforms=262144"
    "memorysetup-temp-allocator-size-background-worker=32768"
    "memorysetup-temp-allocator-size-job-worker=262144"
    "memorysetup-temp-allocator-size-preload-manager=33554432"
    "memorysetup-temp-allocator-size-nav-mesh-worker=65536"
    "memorysetup-temp-allocator-size-audio-worker=65536"
    "memorysetup-temp-allocator-size-cloud-worker=32768"
    "memorysetup-temp-allocator-size-gi-baking-worker=262144"
    "memorysetup-temp-allocator-size-gfx=262144"
Player connection [8356] Host "[IP] 25.12.2.235 [Port] 0 [Flags] 2 [Guid] 676729035 [EditorId] 676729035 [Version] 1048832 [Id] WindowsEditor(7,WIN-VHP11R4SR6V) [Debug] 1 [PackageName] WindowsEditor [ProjectName] Editor" joined multi-casting on [225.0.0.222:54997]...

Player connection [8356] Host "[IP] 25.12.2.235 [Port] 0 [Flags] 2 [Guid] 676729035 [EditorId] 676729035 [Version] 1048832 [Id] WindowsEditor(7,WIN-VHP11R4SR6V) [Debug] 1 [PackageName] WindowsEditor [ProjectName] Editor" joined alternative multi-casting on [225.0.0.222:34997]...

Refreshing native plugins compatible for Editor in 93.07 ms, found 3 plugins.
Preloading 0 native plugins for Editor in 0.00 ms.
Initialize engine version: 2021.3.18f1 (3129e69bc0c7)
[Subsystems] Discovering subsystems at path C:/Program Files/Unity/Hub/Editor/2021.3.18f1/Editor/Data/Resources/UnitySubsystems
[Subsystems] Discovering subsystems at path C:/Users/User/Desktop/dimarabotay/My project (2)/Assets
GfxDevice: creating device client; threaded=0; jobified=0
Direct3D:
    Version:  Direct3D 11.0 [level 11.1]
    Renderer: NVIDIA GeForce RTX 3050 Ti Laptop GPU (ID=0x25a0)
    Vendor:   NVIDIA
    VRAM:     3976 MB
    Driver:   31.0.15.2756
Initialize mono
Mono path[0] = 'C:/Program Files/Unity/Hub/Editor/2021.3.18f1/Editor/Data/Managed'
Mono path[1] = 'C:/Program Files/Unity/Hub/Editor/2021.3.18f1/Editor/Data/MonoBleedingEdge/lib/mono/unityjit-win32'
Mono config path = 'C:/Program Files/Unity/Hub/Editor/2021.3.18f1/Editor/Data/MonoBleedingEdge/etc'
Using monoOptions --debugger-agent=transport=dt_socket,embedding=1,server=y,suspend=n,address=127.0.0.1:56484
Begin MonoManager ReloadAssembly
Registering precompiled unity dll's ...
Register platform support module: C:/Program Files/Unity/Hub/Editor/2021.3.18f1/Editor/Data/PlaybackEngines/WebGLSupport/UnityEditor.WebGL.Extensions.dll
Register platform support module: C:/Program Files/Unity/Hub/Editor/2021.3.18f1/Editor/Data/PlaybackEngines/WindowsStandaloneSupport/UnityEditor.WindowsStandalone.Extensions.dll
Registered in 0.005242 seconds.
Native extension for WindowsStandalone target not found
Native extension for WebGL target not found
Refreshing native plugins compatible for Editor in 139.18 ms, found 3 plugins.
Preloading 0 native plugins for Editor in 0.00 ms.
Mono: successfully reloaded assembly
- Completed reload, in  0.909 seconds
Domain Reload Profiling:
	ReloadAssembly (910ms)
		BeginReloadAssembly (77ms)
			ExecutionOrderSort (0ms)
			DisableScriptedObjects (0ms)
			BackupInstance (0ms)
			ReleaseScriptingObjects (0ms)
			CreateAndSetChildDomain (1ms)
		EndReloadAssembly (711ms)
			LoadAssemblies (75ms)
			RebuildTransferFunctionScriptingTraits (0ms)
			SetupTypeCache (119ms)
			ReleaseScriptCaches (0ms)
			RebuildScriptCaches (35ms)
			SetupLoadedEditorAssemblies (492ms)
				LogAssemblyErrors (0ms)
				InitializePlatformSupportModulesInManaged (11ms)
				SetLoadedEditorAssemblies (0ms)
				RefreshPlugins (139ms)
				BeforeProcessingInitializeOnLoad (2ms)
				ProcessInitializeOnLoadAttributes (261ms)
				ProcessInitializeOnLoadMethodAttributes (78ms)
				AfterProcessingInitializeOnLoad (0ms)
				EditorAssembliesLoaded (0ms)
			ExecutionOrderSort2 (0ms)
			AwakeInstancesAfterBackupRestoration (0ms)
Platform modules already initialized, skipping
Registering precompiled user dll's ...
Registered in 0.008952 seconds.
Begin MonoManager ReloadAssembly
Symbol file LoadedFromMemory doesn't match image C:\Users\User\Desktop\dimarabotay\My project (2)\Library\PackageCache\com.unity.visualscripting@1.8.0\Editor\VisualScripting.Core\Dependencies\YamlDotNet\Unity.VisualScripting.YamlDotNet.dll
Symbol file LoadedFromMemory doesn't match image C:\Users\User\Desktop\dimarabotay\My project (2)\Library\PackageCache\com.unity.visualscripting@1.8.0\Editor\VisualScripting.Core\Dependencies\DotNetZip\Unity.VisualScripting.IonicZip.dll
Native extension for WindowsStandalone target not found
Native extension for WebGL target not found
Refreshing native plugins compatible for Editor in 0.93 ms, found 3 plugins.
Preloading 0 native plugins for Editor in 0.00 ms.
Package Manager log level set to [2]
Mono: successfully reloaded assembly
- Completed reload, in  1.806 seconds
Domain Reload Profiling:
	ReloadAssembly (1807ms)
		BeginReloadAssembly (184ms)
			ExecutionOrderSort (0ms)
			DisableScriptedObjects (12ms)
			BackupInstance (0ms)
			ReleaseScriptingObjects (0ms)
			CreateAndSetChildDomain (27ms)
		EndReloadAssembly (1409ms)
			LoadAssemblies (126ms)
			RebuildTransferFunctionScriptingTraits (0ms)
			SetupTypeCache (524ms)
			ReleaseScriptCaches (1ms)
			RebuildScriptCaches (97ms)
			SetupLoadedEditorAssemblies (601ms)
				LogAssemblyErrors (0ms)
				InitializePlatformSupportModulesInManaged (13ms)
				SetLoadedEditorAssemblies (1ms)
				RefreshPlugins (1ms)
				BeforeProcessingInitializeOnLoad (172ms)
				ProcessInitializeOnLoadAttributes (370ms)
				ProcessInitializeOnLoadMethodAttributes (35ms)
				AfterProcessingInitializeOnLoad (9ms)
				EditorAssembliesLoaded (0ms)
			ExecutionOrderSort2 (0ms)
			AwakeInstancesAfterBackupRestoration (8ms)
Platform modules already initialized, skipping
========================================================================
Worker process is ready to serve import requests
Launched and connected shader compiler UnityShaderCompiler.exe after 0.05 seconds
Refreshing native plugins compatible for Editor in 1.39 ms, found 3 plugins.
Preloading 0 native plugins for Editor in 0.00 ms.
Unloading 3080 Unused Serialized files (Serialized files now loaded: 0)
Unloading 27 unused Assets / (117.8 KB). Loaded Objects now: 3671.
Memory consumption went from 126.5 MB to 126.4 MB.
Total: 4.793100 ms (FindLiveObjects: 0.504700 ms CreateObjectMapping: 0.258500 ms MarkObjects: 3.817300 ms  DeleteObjects: 0.210700 ms)

AssetImportParameters requested are different than current active one (requested -> active):
  custom:video-decoder-ogg-theora: a1e56fd34408186e4bbccfd4996cb3dc -> 
  custom:container-muxer-webm: aa71ff27fc2769a1b78a27578f13a17b -> 
  custom:container-demuxer-webm: 4f35f7cbe854078d1ac9338744f61a02 -> 
  custom:video-encoder-webm-vp8: eb34c28f22e8b96e1ab97ce403110664 -> 
  custom:audio-encoder-webm-vorbis: bf7c407c2cedff20999df2af8eb42d56 -> 
  custom:framework-win-MediaFoundation: 216162199b28c13a410421893ffa2e32 -> 
  custom:container-demuxer-ogg: 62fdf1f143b41e24485cea50d1cbac27 -> 
  custom:video-decoder-webm-vp8: 9c59270c3fd7afecdb556c50c9e8de78 -> 
  custom:audio-decoder-ogg-vorbis: bf7c407c2cedff20999df2af8eb42d56 -> 
========================================================================
Received Import Request.
  Time since last request: 13869.554424 seconds.
  path: Assets/EasyRoads3D/Resources/ERProjectLog.prefab
  artifactKey: Guid(8add2216a299bb04a96254601a49cc2a) Importer(815301076,1909f56bfc062723c751e8b465ee728b)
Start importing Assets/EasyRoads3D/Resources/ERProjectLog.prefab using Guid(8add2216a299bb04a96254601a49cc2a) Importer(815301076,1909f56bfc062723c751e8b465ee728b)  -> (artifact id: 'cfa5603d244ddcb22b97305ba5f0cf6e') in 0.119704 seconds 
========================================================================
Received Import Request.
  Time since last request: 6.931900 seconds.
  path: Assets/EasyRoads3D scenes/Terrain Assets/Grass ER.psd
  artifactKey: Guid(2c528fec5d95e4ac28cf46399b887662) Importer(815301076,1909f56bfc062723c751e8b465ee728b)
Start importing Assets/EasyRoads3D scenes/Terrain Assets/Grass ER.psd using Guid(2c528fec5d95e4ac28cf46399b887662) Importer(815301076,1909f56bfc062723c751e8b465ee728b)  -> (artifact id: '9ff24cbe480d89c72fb4cecc1038b0fb') in 0.043115 seconds 
========================================================================
Received Import Request.
  Time since last request: 0.000034 seconds.
  path: Assets/EasyRoads3D scenes/Terrain Assets/Grass ER.tga
  artifactKey: Guid(55533b228c2ec73499a5a9fbaa38c07d) Importer(815301076,1909f56bfc062723c751e8b465ee728b)
Start importing Assets/EasyRoads3D scenes/Terrain Assets/Grass ER.tga using Guid(55533b228c2ec73499a5a9fbaa38c07d) Importer(815301076,1909f56bfc062723c751e8b465ee728b)  -> (artifact id: '8b5570d3c6a9b88ef64502aa6637f4c6') in 0.015661 seconds 
========================================================================
Received Import Request.
  Time since last request: 0.000041 seconds.
  path: Assets/EasyRoads3D scenes/Terrain Assets/layer_Grass ER.terrainlayer
  artifactKey: Guid(b649106d044cd744cacbcd3582ecebb6) Importer(815301076,1909f56bfc062723c751e8b465ee728b)
Start importing Assets/EasyRoads3D scenes/Terrain Assets/layer_Grass ER.terrainlayer using Guid(b649106d044cd744cacbcd3582ecebb6) Importer(815301076,1909f56bfc062723c751e8b465ee728b)  -> (artifact id: '73606bd9ddd1b98e4b043e6ea6ee12ff') in 0.062959 seconds 
========================================================================
Received Import Request.
  Time since last request: 0.000031 seconds.
  path: Assets/EasyRoads3D scenes/Terrain Assets/Grass2 ER.psd
  artifactKey: Guid(d6cdc79ec19714fcd980ca3f6ac01a0a) Importer(815301076,1909f56bfc062723c751e8b465ee728b)
Start importing Assets/EasyRoads3D scenes/Terrain Assets/Grass2 ER.psd using Guid(d6cdc79ec19714fcd980ca3f6ac01a0a) Importer(815301076,1909f56bfc062723c751e8b465ee728b)  -> (artifact id: '7f4e87eefae201719ef2d1e4fb53f225') in 0.026067 seconds 
========================================================================
Received Import Request.
  Time since last request: 36.616530 seconds.
  path: Assets/POLYGON - FPS free/Prefabs/NewBrush.brush
  artifactKey: Guid(bf435cb4ce8ea85429ed315bc01b5792) Importer(815301076,1909f56bfc062723c751e8b465ee728b)
Start importing Assets/POLYGON - FPS free/Prefabs/NewBrush.brush using Guid(bf435cb4ce8ea85429ed315bc01b5792) Importer(815301076,1909f56bfc062723c751e8b465ee728b)  -> (artifact id: 'c9cb0d06009e33b8d281977188e68508') in 0.020934 seconds 
========================================================================
Received Import Request.
  Time since last request: 0.000021 seconds.
  path: Assets/POLYGON - FPS free/Prefabs/test_map_prefab.prefab
  artifactKey: Guid(e3d707c29a2415740953c579b3cdc855) Importer(815301076,1909f56bfc062723c751e8b465ee728b)
Start importing Assets/POLYGON - FPS free/Prefabs/test_map_prefab.prefab using Guid(e3d707c29a2415740953c579b3cdc855) Importer(815301076,1909f56bfc062723c751e8b465ee728b)  -> (artifact id: '5a012a339c72c020577ecac35a0d7e5a') in 0.221139 seconds 
========================================================================
Received Import Request.
  Time since last request: 0.000048 seconds.
  path: Assets/POLYGON - FPS free/Prefabs/Polygon_FPS_prefab.prefab
  artifactKey: Guid(856c031b7995ff24583a97d5c45ed012) Importer(815301076,1909f56bfc062723c751e8b465ee728b)
Start importing Assets/POLYGON - FPS free/Prefabs/Polygon_FPS_prefab.prefab using Guid(856c031b7995ff24583a97d5c45ed012) Importer(815301076,1909f56bfc062723c751e8b465ee728b)  -> (artifact id: 'b2168ac0a513172d78c14d319c24c6fd') in 0.198338 seconds 
========================================================================
Received Import Request.
  Time since last request: 37.081375 seconds.
  path: Assets/POLYGON - FPS free/Prefabs/props/flame_petrol.prefab
  artifactKey: Guid(dd30dc5dd4807714eb2761ea7fc6d5ce) Importer(815301076,1909f56bfc062723c751e8b465ee728b)
Start importing Assets/POLYGON - FPS free/Prefabs/props/flame_petrol.prefab using Guid(dd30dc5dd4807714eb2761ea7fc6d5ce) Importer(815301076,1909f56bfc062723c751e8b465ee728b)  -> (artifact id: '7ef723d4834a7a167a1684051d8c35bd') in 0.024218 seconds 
========================================================================
Received Import Request.
  Time since last request: 0.000032 seconds.
  path: Assets/POLYGON - FPS free/Prefabs/props/petrol_prefab.prefab
  artifactKey: Guid(1eac0aae58a38ae4697b45dd64e1143f) Importer(815301076,1909f56bfc062723c751e8b465ee728b)
Start importing Assets/POLYGON - FPS free/Prefabs/props/petrol_prefab.prefab using Guid(1eac0aae58a38ae4697b45dd64e1143f) Importer(815301076,1909f56bfc062723c751e8b465ee728b)  -> (artifact id: 'f5bc7fa722684b0f0eddc9ed091d77c9') in 0.047041 seconds 
========================================================================
Received Import Request.
  Time since last request: 21.980114 seconds.
  path: Assets/POLYGON - FPS free/Prefabs/props/TexMat/Lantern.mat
  artifactKey: Guid(345b20999ed117149a94011792b54d00) Importer(815301076,1909f56bfc062723c751e8b465ee728b)
Start importing Assets/POLYGON - FPS free/Prefabs/props/TexMat/Lantern.mat using Guid(345b20999ed117149a94011792b54d00) Importer(815301076,1909f56bfc062723c751e8b465ee728b)  -> (artifact id: 'eae564cf280f4e3bb49997fb26978395') in 0.057223 seconds 
========================================================================
Received Import Request.
  Time since last request: 0.000051 seconds.
  path: Assets/POLYGON - FPS free/Prefabs/props/TexMat/lever_off.png
  artifactKey: Guid(68371fb0cdaa7b74ab68be1cb5bd4ed2) Importer(815301076,1909f56bfc062723c751e8b465ee728b)
Start importing Assets/POLYGON - FPS free/Prefabs/props/TexMat/lever_off.png using Guid(68371fb0cdaa7b74ab68be1cb5bd4ed2) Importer(815301076,1909f56bfc062723c751e8b465ee728b)  -> (artifact id: '7a7b457eaca1e7e9eb3ed2d7c28761bb') in 0.034008 seconds 
========================================================================
Received Import Request.
  Time since last request: 0.000021 seconds.
  path: Assets/POLYGON - FPS free/Prefabs/props/TexMat/plywood_box2.png
  artifactKey: Guid(4f1d612ed5689f149b66418a8022fab9) Importer(815301076,1909f56bfc062723c751e8b465ee728b)
Start importing Assets/POLYGON - FPS free/Prefabs/props/TexMat/plywood_box2.png using Guid(4f1d612ed5689f149b66418a8022fab9) Importer(815301076,1909f56bfc062723c751e8b465ee728b)  -> (artifact id: '8207f3d7cf9247f553380e0ec5287e40') in 0.022485 seconds 
========================================================================
Received Import Request.
  Time since last request: 0.000058 seconds.
  path: Assets/POLYGON - FPS free/Prefabs/props/TexMat/plywood_box.mat
  artifactKey: Guid(94bc1cc654a0cbd41b2ce9fa3a0cdae8) Importer(815301076,1909f56bfc062723c751e8b465ee728b)
Start importing Assets/POLYGON - FPS free/Prefabs/props/TexMat/plywood_box.mat using Guid(94bc1cc654a0cbd41b2ce9fa3a0cdae8) Importer(815301076,1909f56bfc062723c751e8b465ee728b)  -> (artifact id: '24702bd1290f519f6c3037ddbfd056a0') in 0.046557 seconds 
========================================================================
Received Import Request.
  Time since last request: 0.000038 seconds.
  path: Assets/POLYGON - FPS free/Prefabs/props/TexMat/lever_on.png
  artifactKey: Guid(b18a5f00afd647f479741cb216de6c0c) Importer(815301076,1909f56bfc062723c751e8b465ee728b)
Start importing Assets/POLYGON - FPS free/Prefabs/props/TexMat/lever_on.png using Guid(b18a5f00afd647f479741cb216de6c0c) Importer(815301076,1909f56bfc062723c751e8b465ee728b)  -> (artifact id: '5560279e0686a1fc0937e24d9b8178d9') in 0.018376 seconds 
========================================================================
Received Import Request.
  Time since last request: 0.000040 seconds.
  path: Assets/POLYGON - FPS free/Prefabs/props/TexMat/Lantern_emission.png
  artifactKey: Guid(89f9ed0f22da7e9448d3e792f5c35576) Importer(815301076,1909f56bfc062723c751e8b465ee728b)
Start importing Assets/POLYGON - FPS free/Prefabs/props/TexMat/Lantern_emission.png using Guid(89f9ed0f22da7e9448d3e792f5c35576) Importer(815301076,1909f56bfc062723c751e8b465ee728b)  -> (artifact id: '6f100b9e381b46d5cda5630e177463a8') in 0.028716 seconds 
========================================================================
Received Import Request.
  Time since last request: 8.312979 seconds.
  path: Assets/POLYGON - FPS free/Prefabs/pickUp_prefabs/equipment/lamp_laser_a_prefab.prefab
  artifactKey: Guid(498c0a38d186d104f95da3ec8ee41bb0) Importer(815301076,1909f56bfc062723c751e8b465ee728b)
Start importing Assets/POLYGON - FPS free/Prefabs/pickUp_prefabs/equipment/lamp_laser_a_prefab.prefab using Guid(498c0a38d186d104f95da3ec8ee41bb0) Importer(815301076,1909f56bfc062723c751e8b465ee728b)  -> (artifact id: '5b7a3421b73298ce1e45c4ed1622066b') in 0.011201 seconds 
========================================================================
Received Import Request.
  Time since last request: 0.000022 seconds.
  path: Assets/POLYGON - FPS free/Prefabs/pickUp_prefabs/equipment/laser_a_prefab.prefab
  artifactKey: Guid(4fca3b1f61b89c046b9a9f436f3f4d62) Importer(815301076,1909f56bfc062723c751e8b465ee728b)
Start importing Assets/POLYGON - FPS free/Prefabs/pickUp_prefabs/equipment/laser_a_prefab.prefab using Guid(4fca3b1f61b89c046b9a9f436f3f4d62) Importer(815301076,1909f56bfc062723c751e8b465ee728b)  -> (artifact id: 'ba43af923dc8984a690cc6754bc12eee') in 0.015309 seconds 
========================================================================
Received Import Request.
  Time since last request: 0.000021 seconds.
  path: Assets/POLYGON - FPS free/Prefabs/pickUp_prefabs/equipment/suppressor_c_pickUp_prefab.prefab
  artifactKey: Guid(e2dd374df019d7a4bb549003951bf98e) Importer(815301076,1909f56bfc062723c751e8b465ee728b)
Start importing Assets/POLYGON - FPS free/Prefabs/pickUp_prefabs/equipment/suppressor_c_pickUp_prefab.prefab using Guid(e2dd374df019d7a4bb549003951bf98e) Importer(815301076,1909f56bfc062723c751e8b465ee728b)  -> (artifact id: '970be29a0a4d555a59db033312e7b09d') in 0.018372 seconds 
========================================================================
Received Import Request.
  Time since last request: 0.000031 seconds.
  path: Assets/POLYGON - FPS free/Prefabs/pickUp_prefabs/equipment/suppressor_a_pickUp_prefab.prefab
  artifactKey: Guid(569cd46a989c0754da667e3e0a779bd4) Importer(815301076,1909f56bfc062723c751e8b465ee728b)
Start importing Assets/POLYGON - FPS free/Prefabs/pickUp_prefabs/equipment/suppressor_a_pickUp_prefab.prefab using Guid(569cd46a989c0754da667e3e0a779bd4) Importer(815301076,1909f56bfc062723c751e8b465ee728b)  -> (artifact id: '1ee11433a195661a6abfd3cf4d95197f') in 0.015714 seconds 
========================================================================
Received Import Request.
  Time since last request: 0.000034 seconds.
  path: Assets/POLYGON - FPS free/Prefabs/pickUp_prefabs/equipment/red_dot_d_pickUp_prefab.prefab
  artifactKey: Guid(97e6ae8c37f2acf43a603697ad92128f) Importer(815301076,1909f56bfc062723c751e8b465ee728b)
Start importing Assets/POLYGON - FPS free/Prefabs/pickUp_prefabs/equipment/red_dot_d_pickUp_prefab.prefab using Guid(97e6ae8c37f2acf43a603697ad92128f) Importer(815301076,1909f56bfc062723c751e8b465ee728b)  -> (artifact id: '4099c91df7e7f33ab6ee1c81d63baeeb') in 0.146516 seconds 
========================================================================
Received Import Request.
  Time since last request: 0.000036 seconds.
  path: Assets/POLYGON - FPS free/Prefabs/pickUp_prefabs/equipment/Scope_b_pickUp_prefab.prefab
  artifactKey: Guid(178754c0ce0acdc4497c584c7954fafb) Importer(815301076,1909f56bfc062723c751e8b465ee728b)
Start importing Assets/POLYGON - FPS free/Prefabs/pickUp_prefabs/equipment/Scope_b_pickUp_prefab.prefab using Guid(178754c0ce0acdc4497c584c7954fafb) Importer(815301076,1909f56bfc062723c751e8b465ee728b)  -> (artifact id: 'a996c50212814894eedf2774793b75bb') in 0.024434 seconds 
========================================================================
Received Import Request.
  Time since last request: 0.000040 seconds.
  path: Assets/POLYGON - FPS free/Prefabs/pickUp_prefabs/equipment/red_dot_e_pickUp_prefab.prefab
  artifactKey: Guid(15b5e50aafef16c4799ac964fc2b2248) Importer(815301076,1909f56bfc062723c751e8b465ee728b)
Start importing Assets/POLYGON - FPS free/Prefabs/pickUp_prefabs/equipment/red_dot_e_pickUp_prefab.prefab using Guid(15b5e50aafef16c4799ac964fc2b2248) Importer(815301076,1909f56bfc062723c751e8b465ee728b)  -> (artifact id: '6cea0d38f7e34f8039e5a8094f5640de') in 0.026829 seconds 
========================================================================
Received Import Request.
  Time since last request: 0.000035 seconds.
  path: Assets/POLYGON - FPS free/Prefabs/pickUp_prefabs/equipment/red_dot_a_pickUp_prefab.prefab
  artifactKey: Guid(499854e68d439c843b111dd20bcaff52) Importer(815301076,1909f56bfc062723c751e8b465ee728b)
Start importing Assets/POLYGON - FPS free/Prefabs/pickUp_prefabs/equipment/red_dot_a_pickUp_prefab.prefab using Guid(499854e68d439c843b111dd20bcaff52) Importer(815301076,1909f56bfc062723c751e8b465ee728b)  -> (artifact id: '05de7b771f0ad4559c12e286062979b9') in 0.029034 seconds 
========================================================================
Received Import Request.
  Time since last request: 24.083344 seconds.
  path: Assets/POLYGON - FPS free/Prefabs/pickUp_prefabs/weapons/axe_PREFAB.prefab
  artifactKey: Guid(478d1466aacf0b946bf340ff5f3dfc91) Importer(815301076,1909f56bfc062723c751e8b465ee728b)
Start importing Assets/POLYGON - FPS free/Prefabs/pickUp_prefabs/weapons/axe_PREFAB.prefab using Guid(478d1466aacf0b946bf340ff5f3dfc91) Importer(815301076,1909f56bfc062723c751e8b465ee728b)  -> (artifact id: 'f05458fd53feb02b13203adae41fa2e5') in 0.016094 seconds 
========================================================================
Received Import Request.
  Time since last request: 0.000029 seconds.
  path: Assets/POLYGON - FPS free/Prefabs/pickUp_prefabs/weapons/old_pistol_PREFAB.prefab
  artifactKey: Guid(825fafe4628cc194d8ca681647ade90f) Importer(815301076,1909f56bfc062723c751e8b465ee728b)
Start importing Assets/POLYGON - FPS free/Prefabs/pickUp_prefabs/weapons/old_pistol_PREFAB.prefab using Guid(825fafe4628cc194d8ca681647ade90f) Importer(815301076,1909f56bfc062723c751e8b465ee728b)  -> (artifact id: '25cad75849ab1aa67b893a9811f11537') in 0.025493 seconds 
========================================================================
Received Import Request.
  Time since last request: 5.259421 seconds.
  path: Assets/POLYGON - FPS free/Prefabs/bullet_shells/5.7x28_prefab.prefab
  artifactKey: Guid(ccc9fc532e2e38b4e863e81be8c225a7) Importer(815301076,1909f56bfc062723c751e8b465ee728b)
Start importing Assets/POLYGON - FPS free/Prefabs/bullet_shells/5.7x28_prefab.prefab using Guid(ccc9fc532e2e38b4e863e81be8c225a7) Importer(815301076,1909f56bfc062723c751e8b465ee728b)  -> (artifact id: '3e77648c562400325b1d661e0c42aecd') in 0.036626 seconds 
========================================================================
Received Import Request.
  Time since last request: 0.000032 seconds.
  path: Assets/POLYGON - FPS free/Prefabs/bullet_shells/7,62x39_prefab.prefab
  artifactKey: Guid(9cf0be2ddff504949b6874bc926b796f) Importer(815301076,1909f56bfc062723c751e8b465ee728b)
Start importing Assets/POLYGON - FPS free/Prefabs/bullet_shells/7,62x39_prefab.prefab using Guid(9cf0be2ddff504949b6874bc926b796f) Importer(815301076,1909f56bfc062723c751e8b465ee728b)  -> (artifact id: 'b67063cffe517fdafa1f293c9250f771') in 0.039942 seconds 
========================================================================
Received Import Request.
  Time since last request: 0.000040 seconds.
  path: Assets/POLYGON - FPS free/Prefabs/bullet_shells/7,62x54_prefab.prefab
  artifactKey: Guid(072b09f469defef4a91d31f821873a7b) Importer(815301076,1909f56bfc062723c751e8b465ee728b)
Start importing Assets/POLYGON - FPS free/Prefabs/bullet_shells/7,62x54_prefab.prefab using Guid(072b09f469defef4a91d31f821873a7b) Importer(815301076,1909f56bfc062723c751e8b465ee728b)  -> (artifact id: '4295ec67a68c990d7fa8b40a4d5dd3fa') in 0.021653 seconds 
========================================================================
Received Import Request.
  Time since last request: 0.000067 seconds.
  path: Assets/POLYGON - FPS free/Prefabs/bullet_shells/12,7 × 99_prefab.prefab
  artifactKey: Guid(46987e56b43ba3a4e95ca266a6ef248c) Importer(815301076,1909f56bfc062723c751e8b465ee728b)
Start importing Assets/POLYGON - FPS free/Prefabs/bullet_shells/12,7 × 99_prefab.prefab using Guid(46987e56b43ba3a4e95ca266a6ef248c) Importer(815301076,1909f56bfc062723c751e8b465ee728b)  -> (artifact id: '05cc43bff6ae2c4a4f7489e73cb6cf2a') in 0.050298 seconds 
========================================================================
Received Import Request.
  Time since last request: 0.000033 seconds.
  path: Assets/POLYGON - FPS free/Prefabs/bullet_shells/12gauge_prefab.prefab
  artifactKey: Guid(04c87384bf0fddd4ebdcf2aeeb697997) Importer(815301076,1909f56bfc062723c751e8b465ee728b)
Start importing Assets/POLYGON - FPS free/Prefabs/bullet_shells/12gauge_prefab.prefab using Guid(04c87384bf0fddd4ebdcf2aeeb697997) Importer(815301076,1909f56bfc062723c751e8b465ee728b)  -> (artifact id: '777d2a54bc0c06ac466dc1dee38794d4') in 0.056818 seconds 
========================================================================
Received Import Request.
  Time since last request: 49.604318 seconds.
  path: Assets/Wand and Circles/Polygon City Free Pack - Environment and Interior/Prefabs/Fences/4/Fence_0.prefab
  artifactKey: Guid(235717fc8d388ac4d943e4cc4e657c93) Importer(815301076,1909f56bfc062723c751e8b465ee728b)
Start importing Assets/Wand and Circles/Polygon City Free Pack - Environment and Interior/Prefabs/Fences/4/Fence_0.prefab using Guid(235717fc8d388ac4d943e4cc4e657c93) Importer(815301076,1909f56bfc062723c751e8b465ee728b)  -> (artifact id: 'f5212dd6f98ca44c450027a1da110a80') in 0.019423 seconds 
========================================================================
Received Import Request.
  Time since last request: 8.018069 seconds.
  path: Assets/Wand and Circles/Polygon City Free Pack - Environment and Interior/Prefabs/Buildings/Big Garage/Roof.prefab
  artifactKey: Guid(dfcd561256250f34981470865a0cb8b3) Importer(815301076,1909f56bfc062723c751e8b465ee728b)
Start importing Assets/Wand and Circles/Polygon City Free Pack - Environment and Interior/Prefabs/Buildings/Big Garage/Roof.prefab using Guid(dfcd561256250f34981470865a0cb8b3) Importer(815301076,1909f56bfc062723c751e8b465ee728b)  -> (artifact id: 'fb626b9158fe0b051cb72a90b002e1bc') in 0.022722 seconds 
========================================================================
Received Import Request.
  Time since last request: 10.838681 seconds.
  path: Assets/Wand and Circles/Polygon City Free Pack - Environment and Interior/Prefabs/Buildings/Little angar/Roof.prefab
  artifactKey: Guid(e9e2da1cc190ffd4fac6a58ea4c21495) Importer(815301076,1909f56bfc062723c751e8b465ee728b)
Start importing Assets/Wand and Circles/Polygon City Free Pack - Environment and Interior/Prefabs/Buildings/Little angar/Roof.prefab using Guid(e9e2da1cc190ffd4fac6a58ea4c21495) Importer(815301076,1909f56bfc062723c751e8b465ee728b)  -> (artifact id: '5e9f7587e63fe2e44bc10536672c5180') in 0.013944 seconds 
========================================================================
Received Import Request.
  Time since last request: 9.159801 seconds.
  path: Assets/Wand and Circles/Polygon City Free Pack - Environment and Interior/Prefabs/Buildings/Modular/Ladder.prefab
  artifactKey: Guid(d1aa0e9608f1b8d41b9bc8a4803c9f3b) Importer(815301076,1909f56bfc062723c751e8b465ee728b)
Start importing Assets/Wand and Circles/Polygon City Free Pack - Environment and Interior/Prefabs/Buildings/Modular/Ladder.prefab using Guid(d1aa0e9608f1b8d41b9bc8a4803c9f3b) Importer(815301076,1909f56bfc062723c751e8b465ee728b)  -> (artifact id: '395a468b0f707cb33dd19f0fbcaddae9') in 0.017349 seconds 
========================================================================
Received Import Request.
  Time since last request: 0.000030 seconds.
  path: Assets/Wand and Circles/Polygon City Free Pack - Environment and Interior/Prefabs/Buildings/Modular/Roof prop.prefab
  artifactKey: Guid(11d95fcd76c7b5f4c992906ff3110001) Importer(815301076,1909f56bfc062723c751e8b465ee728b)
Start importing Assets/Wand and Circles/Polygon City Free Pack - Environment and Interior/Prefabs/Buildings/Modular/Roof prop.prefab using Guid(11d95fcd76c7b5f4c992906ff3110001) Importer(815301076,1909f56bfc062723c751e8b465ee728b)  -> (artifact id: '7bd17e6fc7d1da86a4385e3925ae0b92') in 0.013252 seconds 
========================================================================
Received Import Request.
  Time since last request: 0.000027 seconds.
  path: Assets/Wand and Circles/Polygon City Free Pack - Environment and Interior/Prefabs/Buildings/Modular/Roof prop_2.prefab
  artifactKey: Guid(b0034f4f2a491e344b87ae0a43db7806) Importer(815301076,1909f56bfc062723c751e8b465ee728b)
Start importing Assets/Wand and Circles/Polygon City Free Pack - Environment and Interior/Prefabs/Buildings/Modular/Roof prop_2.prefab using Guid(b0034f4f2a491e344b87ae0a43db7806) Importer(815301076,1909f56bfc062723c751e8b465ee728b)  -> (artifact id: '4fbbf00a523ad17f54aef0c0bcb7c5db') in 0.013673 seconds 
========================================================================
Received Import Request.
  Time since last request: 0.000027 seconds.
  path: Assets/Wand and Circles/Polygon City Free Pack - Environment and Interior/Prefabs/Buildings/Modular/Roof_1.prefab
  artifactKey: Guid(3deb1e52cd9daeb4eb6e5f48068cb84f) Importer(815301076,1909f56bfc062723c751e8b465ee728b)
Start importing Assets/Wand and Circles/Polygon City Free Pack - Environment and Interior/Prefabs/Buildings/Modular/Roof_1.prefab using Guid(3deb1e52cd9daeb4eb6e5f48068cb84f) Importer(815301076,1909f56bfc062723c751e8b465ee728b)  -> (artifact id: '23b285e654961f46b0b0d860d398cbdc') in 0.017008 seconds 
========================================================================
Received Import Request.
  Time since last request: 0.000050 seconds.
  path: Assets/Wand and Circles/Polygon City Free Pack - Environment and Interior/Prefabs/Buildings/Modular/Roof.prefab
  artifactKey: Guid(512b4764275d5b14b812191d182b3351) Importer(815301076,1909f56bfc062723c751e8b465ee728b)
Start importing Assets/Wand and Circles/Polygon City Free Pack - Environment and Interior/Prefabs/Buildings/Modular/Roof.prefab using Guid(512b4764275d5b14b812191d182b3351) Importer(815301076,1909f56bfc062723c751e8b465ee728b)  -> (artifact id: 'b6afa0ff659b5b763b61799e9b180f74') in 0.014517 seconds 
========================================================================
Received Import Request.
  Time since last request: 0.000052 seconds.
  path: Assets/Wand and Circles/Polygon City Free Pack - Environment and Interior/Prefabs/Buildings/Modular/Walls_1.prefab
  artifactKey: Guid(1baf7789d809a9e4eac0c4a58a186ca1) Importer(815301076,1909f56bfc062723c751e8b465ee728b)
Start importing Assets/Wand and Circles/Polygon City Free Pack - Environment and Interior/Prefabs/Buildings/Modular/Walls_1.prefab using Guid(1baf7789d809a9e4eac0c4a58a186ca1) Importer(815301076,1909f56bfc062723c751e8b465ee728b)  -> (artifact id: '3d2799150ec0262b263dae8a34df146e') in 0.018550 seconds 
========================================================================
Received Import Request.
  Time since last request: 6.602531 seconds.
  path: Assets/Wand and Circles/Polygon City Free Pack - Environment and Interior/Prefabs/Buildings/Sheds/Shed.prefab
  artifactKey: Guid(9c9a9dc4d9bda7c42ad799b19458ac7e) Importer(815301076,1909f56bfc062723c751e8b465ee728b)
Start importing Assets/Wand and Circles/Polygon City Free Pack - Environment and Interior/Prefabs/Buildings/Sheds/Shed.prefab using Guid(9c9a9dc4d9bda7c42ad799b19458ac7e) Importer(815301076,1909f56bfc062723c751e8b465ee728b)  -> (artifact id: 'dec34c8c21acbcc50399d4de40e9cd69') in 0.014468 seconds 
========================================================================
Received Import Request.
  Time since last request: 11.930886 seconds.
  path: Assets/Wand and Circles/Polygon City Free Pack - Environment and Interior/Prefabs/Buildings/Wooden booth/Roof.prefab
  artifactKey: Guid(9b6dda57b22ab4146b0110222bcf4659) Importer(815301076,1909f56bfc062723c751e8b465ee728b)
Start importing Assets/Wand and Circles/Polygon City Free Pack - Environment and Interior/Prefabs/Buildings/Wooden booth/Roof.prefab using Guid(9b6dda57b22ab4146b0110222bcf4659) Importer(815301076,1909f56bfc062723c751e8b465ee728b)  -> (artifact id: 'ab48cab2d28732514ef358389a7d27c6') in 0.011897 seconds 
========================================================================
Received Import Request.
  Time since last request: 9.720759 seconds.
  path: Assets/Wand and Circles/Polygon City Free Pack - Environment and Interior/Prefabs/Stones/Big Stones/Big stone_0.prefab
  artifactKey: Guid(9ba39673b4ed1ab45b49a16faf85bc9b) Importer(815301076,1909f56bfc062723c751e8b465ee728b)
Start importing Assets/Wand and Circles/Polygon City Free Pack - Environment and Interior/Prefabs/Stones/Big Stones/Big stone_0.prefab using Guid(9ba39673b4ed1ab45b49a16faf85bc9b) Importer(815301076,1909f56bfc062723c751e8b465ee728b)  -> (artifact id: '95fe561b6f3b04466f461900c7209b39') in 0.015048 seconds 
========================================================================
Received Import Request.
  Time since last request: 0.000030 seconds.
  path: Assets/Wand and Circles/Polygon City Free Pack - Environment and Interior/Prefabs/Stones/Big Stones/Big stone_2.prefab
  artifactKey: Guid(df7a67d7c28de8847be08621839e032c) Importer(815301076,1909f56bfc062723c751e8b465ee728b)
Start importing Assets/Wand and Circles/Polygon City Free Pack - Environment and Interior/Prefabs/Stones/Big Stones/Big stone_2.prefab using Guid(df7a67d7c28de8847be08621839e032c) Importer(815301076,1909f56bfc062723c751e8b465ee728b)  -> (artifact id: 'eef647b98cd4f55cc72729bb55e45859') in 0.017174 seconds 
========================================================================
Received Import Request.
  Time since last request: 0.000031 seconds.
  path: Assets/Wand and Circles/Polygon City Free Pack - Environment and Interior/Prefabs/Stones/Big Stones/Big stone_3.prefab
  artifactKey: Guid(754cf91f22b8fd14495f7dd8ce051aae) Importer(815301076,1909f56bfc062723c751e8b465ee728b)
Start importing Assets/Wand and Circles/Polygon City Free Pack - Environment and Interior/Prefabs/Stones/Big Stones/Big stone_3.prefab using Guid(754cf91f22b8fd14495f7dd8ce051aae) Importer(815301076,1909f56bfc062723c751e8b465ee728b)  -> (artifact id: '0f1c99e82faf9397ddc7c598abb74cc3') in 0.018399 seconds 
========================================================================
Received Import Request.
  Time since last request: 9.680907 seconds.
  path: Assets/Wand and Circles/Polygon City Free Pack - Environment and Interior/Prefabs/Stones/Little Stones/Little Stone_0.prefab
  artifactKey: Guid(4a30ba79df7f1754e8b69e78fd648cf8) Importer(815301076,1909f56bfc062723c751e8b465ee728b)
Start importing Assets/Wand and Circles/Polygon City Free Pack - Environment and Interior/Prefabs/Stones/Little Stones/Little Stone_0.prefab using Guid(4a30ba79df7f1754e8b69e78fd648cf8) Importer(815301076,1909f56bfc062723c751e8b465ee728b)  -> (artifact id: 'f6625b1971277fc0fe02125083d7870f') in 0.018544 seconds 
========================================================================
Received Import Request.
  Time since last request: 0.000028 seconds.
  path: Assets/Wand and Circles/Polygon City Free Pack - Environment and Interior/Prefabs/Stones/Little Stones/Little Stone_5.prefab
  artifactKey: Guid(a255add9260ac074a8d3988a3a856d3e) Importer(815301076,1909f56bfc062723c751e8b465ee728b)
Start importing Assets/Wand and Circles/Polygon City Free Pack - Environment and Interior/Prefabs/Stones/Little Stones/Little Stone_5.prefab using Guid(a255add9260ac074a8d3988a3a856d3e) Importer(815301076,1909f56bfc062723c751e8b465ee728b)  -> (artifact id: 'af564844de335b57b1d76fa182ba1021') in 0.015328 seconds 
========================================================================
Received Import Request.
  Time since last request: 0.000033 seconds.
  path: Assets/Wand and Circles/Polygon City Free Pack - Environment and Interior/Prefabs/Stones/Little Stones/Little Stone_11.prefab
  artifactKey: Guid(30c895ebf72f7ff4c9d0595a999ffee8) Importer(815301076,1909f56bfc062723c751e8b465ee728b)
Start importing Assets/Wand and Circles/Polygon City Free Pack - Environment and Interior/Prefabs/Stones/Little Stones/Little Stone_11.prefab using Guid(30c895ebf72f7ff4c9d0595a999ffee8) Importer(815301076,1909f56bfc062723c751e8b465ee728b)  -> (artifact id: 'fe7bd4e9b375326f555f29c36a0d6caa') in 0.019149 seconds 
========================================================================
Received Import Request.
  Time since last request: 0.000039 seconds.
  path: Assets/Wand and Circles/Polygon City Free Pack - Environment and Interior/Prefabs/Stones/Little Stones/Little Stone_7.prefab
  artifactKey: Guid(c3da3921aab4dd94994d4f59b79a6cb7) Importer(815301076,1909f56bfc062723c751e8b465ee728b)
Start importing Assets/Wand and Circles/Polygon City Free Pack - Environment and Interior/Prefabs/Stones/Little Stones/Little Stone_7.prefab using Guid(c3da3921aab4dd94994d4f59b79a6cb7) Importer(815301076,1909f56bfc062723c751e8b465ee728b)  -> (artifact id: '94f97cc78731d74dbceac8372636fa58') in 0.022000 seconds 
========================================================================
Received Import Request.
  Time since last request: 0.000050 seconds.
  path: Assets/Wand and Circles/Polygon City Free Pack - Environment and Interior/Prefabs/Stones/Little Stones/Little Stone_3.prefab
  artifactKey: Guid(97c7ef7ead6228b48aa04ea61808e57b) Importer(815301076,1909f56bfc062723c751e8b465ee728b)
Start importing Assets/Wand and Circles/Polygon City Free Pack - Environment and Interior/Prefabs/Stones/Little Stones/Little Stone_3.prefab using Guid(97c7ef7ead6228b48aa04ea61808e57b) Importer(815301076,1909f56bfc062723c751e8b465ee728b)  -> (artifact id: 'cbd2e48adec8ea36f3010b42d600b5a9') in 0.024176 seconds 
========================================================================
Received Import Request.
  Time since last request: 0.000024 seconds.
  path: Assets/Wand and Circles/Polygon City Free Pack - Environment and Interior/Prefabs/Stones/Little Stones/Little Stone_4.prefab
  artifactKey: Guid(aa075fb6fa08ec943a041798e793583c) Importer(815301076,1909f56bfc062723c751e8b465ee728b)
Start importing Assets/Wand and Circles/Polygon City Free Pack - Environment and Interior/Prefabs/Stones/Little Stones/Little Stone_4.prefab using Guid(aa075fb6fa08ec943a041798e793583c) Importer(815301076,1909f56bfc062723c751e8b465ee728b)  -> (artifact id: 'f1e16fd86766fd5498880e796101bf44') in 0.021889 seconds 
========================================================================
Received Import Request.
  Time since last request: 0.000046 seconds.
  path: Assets/Wand and Circles/Polygon City Free Pack - Environment and Interior/Prefabs/Stones/Little Stones/Little Stone_8.prefab
  artifactKey: Guid(b778ba81530777d408f8ef18c490a7ed) Importer(815301076,1909f56bfc062723c751e8b465ee728b)
Start importing Assets/Wand and Circles/Polygon City Free Pack - Environment and Interior/Prefabs/Stones/Little Stones/Little Stone_8.prefab using Guid(b778ba81530777d408f8ef18c490a7ed) Importer(815301076,1909f56bfc062723c751e8b465ee728b)  -> (artifact id: '98e9ac9cec176d1099cf72975610fda8') in 0.018386 seconds 
========================================================================
Received Import Request.
  Time since last request: 4.584754 seconds.
  path: Assets/Wand and Circles/Polygon City Free Pack - Environment and Interior/Prefabs/Trees/Tree_0.prefab
  artifactKey: Guid(b3346243102ac92468ba836d7a0084e5) Importer(815301076,1909f56bfc062723c751e8b465ee728b)
Start importing Assets/Wand and Circles/Polygon City Free Pack - Environment and Interior/Prefabs/Trees/Tree_0.prefab using Guid(b3346243102ac92468ba836d7a0084e5) Importer(815301076,1909f56bfc062723c751e8b465ee728b)  -> (artifact id: '6be5fb48c506321da8e7dd4c5f21198a') in 0.014900 seconds 
========================================================================
Received Import Request.
  Time since last request: 0.000028 seconds.
  path: Assets/Wand and Circles/Polygon City Free Pack - Environment and Interior/Prefabs/Trees/Tree_4.prefab
  artifactKey: Guid(f4d2489e02987df4982f3e366aaef83f) Importer(815301076,1909f56bfc062723c751e8b465ee728b)
Start importing Assets/Wand and Circles/Polygon City Free Pack - Environment and Interior/Prefabs/Trees/Tree_4.prefab using Guid(f4d2489e02987df4982f3e366aaef83f) Importer(815301076,1909f56bfc062723c751e8b465ee728b)  -> (artifact id: '1d78d37f12d46651723d5cbc2889cb7f') in 0.014058 seconds 
========================================================================
Received Import Request.
  Time since last request: 0.000026 seconds.
  path: Assets/Wand and Circles/Polygon City Free Pack - Environment and Interior/Prefabs/Trees/Tree_8.prefab
  artifactKey: Guid(21c9b1ab961ddd34989d733abf038cd9) Importer(815301076,1909f56bfc062723c751e8b465ee728b)
Start importing Assets/Wand and Circles/Polygon City Free Pack - Environment and Interior/Prefabs/Trees/Tree_8.prefab using Guid(21c9b1ab961ddd34989d733abf038cd9) Importer(815301076,1909f56bfc062723c751e8b465ee728b)  -> (artifact id: 'e456d66bfc31bec257cce2aee42bb5b7') in 0.014441 seconds 
========================================================================
Received Import Request.
  Time since last request: 0.000023 seconds.
  path: Assets/Wand and Circles/Polygon City Free Pack - Environment and Interior/Prefabs/Trees/Tree_6.prefab
  artifactKey: Guid(6c1f2f3b773f6da48bfc2f52765a2383) Importer(815301076,1909f56bfc062723c751e8b465ee728b)
Start importing Assets/Wand and Circles/Polygon City Free Pack - Environment and Interior/Prefabs/Trees/Tree_6.prefab using Guid(6c1f2f3b773f6da48bfc2f52765a2383) Importer(815301076,1909f56bfc062723c751e8b465ee728b)  -> (artifact id: '4af4845ed79c960cbb7f08d14e3f9c42') in 0.013795 seconds 
========================================================================
Received Import Request.
  Time since last request: 0.000030 seconds.
  path: Assets/Wand and Circles/Polygon City Free Pack - Environment and Interior/Prefabs/Trees/Tree_20.prefab
  artifactKey: Guid(750c5497d5b292843acd956d194bfb73) Importer(815301076,1909f56bfc062723c751e8b465ee728b)
Start importing Assets/Wand and Circles/Polygon City Free Pack - Environment and Interior/Prefabs/Trees/Tree_20.prefab using Guid(750c5497d5b292843acd956d194bfb73) Importer(815301076,1909f56bfc062723c751e8b465ee728b)  -> (artifact id: 'c6cd1f0a75073812f73b18e3e5610ee8') in 0.014577 seconds 
========================================================================
Received Import Request.
  Time since last request: 0.000034 seconds.
  path: Assets/Wand and Circles/Polygon City Free Pack - Environment and Interior/Prefabs/Trees/Tree_15.prefab
  artifactKey: Guid(8350df8b16289e445b22dedbeca77d01) Importer(815301076,1909f56bfc062723c751e8b465ee728b)
Start importing Assets/Wand and Circles/Polygon City Free Pack - Environment and Interior/Prefabs/Trees/Tree_15.prefab using Guid(8350df8b16289e445b22dedbeca77d01) Importer(815301076,1909f56bfc062723c751e8b465ee728b)  -> (artifact id: 'b10abc4f5f82ff2327763b2a12783903') in 0.015593 seconds 
========================================================================
Received Import Request.
  Time since last request: 0.000029 seconds.
  path: Assets/Wand and Circles/Polygon City Free Pack - Environment and Interior/Prefabs/Trees/Tree_24.prefab
  artifactKey: Guid(fb9947bd463beaa4aa7375f6ddd8d9d9) Importer(815301076,1909f56bfc062723c751e8b465ee728b)
Start importing Assets/Wand and Circles/Polygon City Free Pack - Environment and Interior/Prefabs/Trees/Tree_24.prefab using Guid(fb9947bd463beaa4aa7375f6ddd8d9d9) Importer(815301076,1909f56bfc062723c751e8b465ee728b)  -> (artifact id: '920b735b0c69a094a77c443463a332d5') in 0.013839 seconds 
========================================================================
Received Import Request.
  Time since last request: 0.000037 seconds.
  path: Assets/Wand and Circles/Polygon City Free Pack - Environment and Interior/Prefabs/Trees/Tree_34.prefab
  artifactKey: Guid(ebdc43a1651b3c14fb50f61b67f8daed) Importer(815301076,1909f56bfc062723c751e8b465ee728b)
Start importing Assets/Wand and Circles/Polygon City Free Pack - Environment and Interior/Prefabs/Trees/Tree_34.prefab using Guid(ebdc43a1651b3c14fb50f61b67f8daed) Importer(815301076,1909f56bfc062723c751e8b465ee728b)  -> (artifact id: 'cec298c7c2685ceaa9d932394fb6401d') in 0.017004 seconds 
========================================================================
Received Import Request.
  Time since last request: 0.000025 seconds.
  path: Assets/Wand and Circles/Polygon City Free Pack - Environment and Interior/Prefabs/Trees/Tree_30.prefab
  artifactKey: Guid(a3267b0d765bf3140b609489bfb08e89) Importer(815301076,1909f56bfc062723c751e8b465ee728b)
Start importing Assets/Wand and Circles/Polygon City Free Pack - Environment and Interior/Prefabs/Trees/Tree_30.prefab using Guid(a3267b0d765bf3140b609489bfb08e89) Importer(815301076,1909f56bfc062723c751e8b465ee728b)  -> (artifact id: '64f5fff2f526918f64891b0ffeffce61') in 0.018297 seconds 
========================================================================
Received Import Request.
  Time since last request: 0.000027 seconds.
  path: Assets/Wand and Circles/Polygon City Free Pack - Environment and Interior/Prefabs/Trees/Tree_19.prefab
  artifactKey: Guid(c0b4cbb041eed7545bc2f895ea7f15b4) Importer(815301076,1909f56bfc062723c751e8b465ee728b)
Start importing Assets/Wand and Circles/Polygon City Free Pack - Environment and Interior/Prefabs/Trees/Tree_19.prefab using Guid(c0b4cbb041eed7545bc2f895ea7f15b4) Importer(815301076,1909f56bfc062723c751e8b465ee728b)  -> (artifact id: 'f3cd4d67816eedeacd73ea6c71f2deec') in 0.018113 seconds 
========================================================================
Received Import Request.
  Time since last request: 0.000039 seconds.
  path: Assets/Wand and Circles/Polygon City Free Pack - Environment and Interior/Prefabs/Trees/Tree_5.prefab
  artifactKey: Guid(671057bf3cea25e439249d518c9ab427) Importer(815301076,1909f56bfc062723c751e8b465ee728b)
Start importing Assets/Wand and Circles/Polygon City Free Pack - Environment and Interior/Prefabs/Trees/Tree_5.prefab using Guid(671057bf3cea25e439249d518c9ab427) Importer(815301076,1909f56bfc062723c751e8b465ee728b)  -> (artifact id: '11905b61ad2dd1f29441abafc5ffa95d') in 0.016467 seconds 
========================================================================
Received Import Request.
  Time since last request: 0.000030 seconds.
  path: Assets/Wand and Circles/Polygon City Free Pack - Environment and Interior/Prefabs/Trees/Tree_32.prefab
  artifactKey: Guid(28baadc9ea818dc44bf4d83596a82f5f) Importer(815301076,1909f56bfc062723c751e8b465ee728b)
Start importing Assets/Wand and Circles/Polygon City Free Pack - Environment and Interior/Prefabs/Trees/Tree_32.prefab using Guid(28baadc9ea818dc44bf4d83596a82f5f) Importer(815301076,1909f56bfc062723c751e8b465ee728b)  -> (artifact id: 'd5866d14a6644a677af8a260718741aa') in 0.020207 seconds 
========================================================================
Received Import Request.
  Time since last request: 0.000027 seconds.
  path: Assets/Wand and Circles/Polygon City Free Pack - Environment and Interior/Prefabs/Trees/Tree_7.prefab
  artifactKey: Guid(702e3bcb3cd9c344d86166500986baa5) Importer(815301076,1909f56bfc062723c751e8b465ee728b)
Start importing Assets/Wand and Circles/Polygon City Free Pack - Environment and Interior/Prefabs/Trees/Tree_7.prefab using Guid(702e3bcb3cd9c344d86166500986baa5) Importer(815301076,1909f56bfc062723c751e8b465ee728b)  -> (artifact id: 'fbb030baa34b1d0fb8f1c8211c97dc75') in 0.018783 seconds 
========================================================================
Received Import Request.
  Time since last request: 0.000034 seconds.
  path: Assets/Wand and Circles/Polygon City Free Pack - Environment and Interior/Prefabs/Trees/Tree_23.prefab
  artifactKey: Guid(c62714803f850ff4fbaad7aab670523f) Importer(815301076,1909f56bfc062723c751e8b465ee728b)
Start importing Assets/Wand and Circles/Polygon City Free Pack - Environment and Interior/Prefabs/Trees/Tree_23.prefab using Guid(c62714803f850ff4fbaad7aab670523f) Importer(815301076,1909f56bfc062723c751e8b465ee728b)  -> (artifact id: '0e44af266511a55f31463dc3364c6c87') in 0.021941 seconds 
========================================================================
Received Import Request.
  Time since last request: 0.000041 seconds.
  path: Assets/Wand and Circles/Polygon City Free Pack - Environment and Interior/Prefabs/Trees/Tree_13.prefab
  artifactKey: Guid(2c35a7d7245e9b6418c2cb730ff1c39a) Importer(815301076,1909f56bfc062723c751e8b465ee728b)
Start importing Assets/Wand and Circles/Polygon City Free Pack - Environment and Interior/Prefabs/Trees/Tree_13.prefab using Guid(2c35a7d7245e9b6418c2cb730ff1c39a) Importer(815301076,1909f56bfc062723c751e8b465ee728b)  -> (artifact id: 'bec8e3078120af82820ad5910d6bfeb5') in 0.021241 seconds 
========================================================================
Received Import Request.
  Time since last request: 0.000037 seconds.
  path: Assets/Wand and Circles/Polygon City Free Pack - Environment and Interior/Prefabs/Trees/Tree_17.prefab
  artifactKey: Guid(a4fe006697c13a342b7a0d54569b3709) Importer(815301076,1909f56bfc062723c751e8b465ee728b)
Start importing Assets/Wand and Circles/Polygon City Free Pack - Environment and Interior/Prefabs/Trees/Tree_17.prefab using Guid(a4fe006697c13a342b7a0d54569b3709) Importer(815301076,1909f56bfc062723c751e8b465ee728b)  -> (artifact id: '94570cd53c97d94ef9f7ae6320c2b482') in 0.025271 seconds 
========================================================================
Received Import Request.
  Time since last request: 0.000038 seconds.
  path: Assets/Wand and Circles/Polygon City Free Pack - Environment and Interior/Prefabs/Trees/Tree_2.prefab
  artifactKey: Guid(a7c776caf2c967c439afe64c858c990f) Importer(815301076,1909f56bfc062723c751e8b465ee728b)
Start importing Assets/Wand and Circles/Polygon City Free Pack - Environment and Interior/Prefabs/Trees/Tree_2.prefab using Guid(a7c776caf2c967c439afe64c858c990f) Importer(815301076,1909f56bfc062723c751e8b465ee728b)  -> (artifact id: '081d782d667a39346fcb86e9e8050ce4') in 0.020579 seconds 
========================================================================
Received Import Request.
  Time since last request: 0.000048 seconds.
  path: Assets/Wand and Circles/Polygon City Free Pack - Environment and Interior/Prefabs/Trees/Tree_22.prefab
  artifactKey: Guid(5e1fb6f0e76eb1e4cb15c28228754928) Importer(815301076,1909f56bfc062723c751e8b465ee728b)
Start importing Assets/Wand and Circles/Polygon City Free Pack - Environment and Interior/Prefabs/Trees/Tree_22.prefab using Guid(5e1fb6f0e76eb1e4cb15c28228754928) Importer(815301076,1909f56bfc062723c751e8b465ee728b)  -> (artifact id: '1253e24cb951b5aec5f760bfcb17f294') in 0.023754 seconds 
========================================================================
Received Import Request.
  Time since last request: 0.000042 seconds.
  path: Assets/Wand and Circles/Polygon City Free Pack - Environment and Interior/Prefabs/Trees/Tree_21.prefab
  artifactKey: Guid(a243b9e001f8cac498844200c37de164) Importer(815301076,1909f56bfc062723c751e8b465ee728b)
Start importing Assets/Wand and Circles/Polygon City Free Pack - Environment and Interior/Prefabs/Trees/Tree_21.prefab using Guid(a243b9e001f8cac498844200c37de164) Importer(815301076,1909f56bfc062723c751e8b465ee728b)  -> (artifact id: '0c78097f34237ad3b8b1d69c98ebaedd') in 0.022113 seconds 
========================================================================
Received Import Request.
  Time since last request: 0.000039 seconds.
  path: Assets/Wand and Circles/Polygon City Free Pack - Environment and Interior/Prefabs/Trees/Tree_29.prefab
  artifactKey: Guid(0b3ba913a71cfba43abcae30095e3cf7) Importer(815301076,1909f56bfc062723c751e8b465ee728b)
Start importing Assets/Wand and Circles/Polygon City Free Pack - Environment and Interior/Prefabs/Trees/Tree_29.prefab using Guid(0b3ba913a71cfba43abcae30095e3cf7) Importer(815301076,1909f56bfc062723c751e8b465ee728b)  -> (artifact id: '9094865907202fb24dbeba27db93dad3') in 0.022808 seconds 
========================================================================
Received Prepare
Registering precompiled user dll's ...
Registered in 0.009509 seconds.
Begin MonoManager ReloadAssembly
Symbol file LoadedFromMemory doesn't match image C:\Users\User\Desktop\dimarabotay\My project (2)\Library\PackageCache\com.unity.visualscripting@1.8.0\Editor\VisualScripting.Core\Dependencies\YamlDotNet\Unity.VisualScripting.YamlDotNet.dll
Symbol file LoadedFromMemory doesn't match image C:\Users\User\Desktop\dimarabotay\My project (2)\Library\PackageCache\com.unity.visualscripting@1.8.0\Editor\VisualScripting.Core\Dependencies\DotNetZip\Unity.VisualScripting.IonicZip.dll
Native extension for WindowsStandalone target not found
Native extension for WebGL target not found
Refreshing native plugins compatible for Editor in 1.83 ms, found 3 plugins.
Preloading 0 native plugins for Editor in 0.00 ms.
Mono: successfully reloaded assembly
- Completed reload, in  4.914 seconds
Domain Reload Profiling:
	ReloadAssembly (4916ms)
		BeginReloadAssembly (392ms)
			ExecutionOrderSort (0ms)
			DisableScriptedObjects (15ms)
			BackupInstance (0ms)
			ReleaseScriptingObjects (0ms)
			CreateAndSetChildDomain (117ms)
		EndReloadAssembly (3169ms)
			LoadAssemblies (293ms)
			RebuildTransferFunctionScriptingTraits (0ms)
			SetupTypeCache (1830ms)
			ReleaseScriptCaches (8ms)
			RebuildScriptCaches (157ms)
			SetupLoadedEditorAssemblies (763ms)
				LogAssemblyErrors (0ms)
				InitializePlatformSupportModulesInManaged (35ms)
				SetLoadedEditorAssemblies (2ms)
				RefreshPlugins (2ms)
				BeforeProcessingInitializeOnLoad (136ms)
				ProcessInitializeOnLoadAttributes (519ms)
				ProcessInitializeOnLoadMethodAttributes (51ms)
				AfterProcessingInitializeOnLoad (19ms)
				EditorAssembliesLoaded (0ms)
			ExecutionOrderSort2 (0ms)
			AwakeInstancesAfterBackupRestoration (16ms)
Platform modules already initialized, skipping
Refreshing native plugins compatible for Editor in 4.74 ms, found 3 plugins.
Preloading 0 native plugins for Editor in 0.00 ms.
Unloading 3070 Unused Serialized files (Serialized files now loaded: 0)
Unloading 26 unused Assets / (85.1 KB). Loaded Objects now: 3730.
Memory consumption went from 143.3 MB to 143.3 MB.
Total: 5.215500 ms (FindLiveObjects: 0.468600 ms CreateObjectMapping: 0.260400 ms MarkObjects: 4.211200 ms  DeleteObjects: 0.272900 ms)

AssetImportParameters requested are different than current active one (requested -> active):
  custom:video-decoder-ogg-theora: a1e56fd34408186e4bbccfd4996cb3dc -> 
  custom:container-muxer-webm: aa71ff27fc2769a1b78a27578f13a17b -> 
  custom:container-demuxer-webm: 4f35f7cbe854078d1ac9338744f61a02 -> 
  custom:video-encoder-webm-vp8: eb34c28f22e8b96e1ab97ce403110664 -> 
  custom:audio-encoder-webm-vorbis: bf7c407c2cedff20999df2af8eb42d56 -> 
  custom:framework-win-MediaFoundation: 216162199b28c13a410421893ffa2e32 -> 
  custom:container-demuxer-ogg: 62fdf1f143b41e24485cea50d1cbac27 -> 
  custom:video-decoder-webm-vp8: 9c59270c3fd7afecdb556c50c9e8de78 -> 
  custom:audio-decoder-ogg-vorbis: bf7c407c2cedff20999df2af8eb42d56 -> 
========================================================================
Received Import Request.
  Time since last request: 160.577814 seconds.
  path: Assets/EasyRoads3D/textures/roads/dirtRoadTGA.tga
  artifactKey: Guid(59e73003f413d9c43be9da5db7734e4c) Importer(815301076,1909f56bfc062723c751e8b465ee728b)
Start importing Assets/EasyRoads3D/textures/roads/dirtRoadTGA.tga using Guid(59e73003f413d9c43be9da5db7734e4c) Importer(815301076,1909f56bfc062723c751e8b465ee728b)  -> (artifact id: 'd86267affff577b61241ea7477eee7e9') in 0.064892 seconds 
========================================================================
Received Import Request.
  Time since last request: 0.000035 seconds.
  path: Assets/EasyRoads3D/textures/roads/road2Lane_d.tga
  artifactKey: Guid(8ac8c5ecc0022ee42aa79d9031e5b7ec) Importer(815301076,1909f56bfc062723c751e8b465ee728b)
Start importing Assets/EasyRoads3D/textures/roads/road2Lane_d.tga using Guid(8ac8c5ecc0022ee42aa79d9031e5b7ec) Importer(815301076,1909f56bfc062723c751e8b465ee728b)  -> (artifact id: '1eea09848fe4ef00293664cc329f08e8') in 0.019917 seconds 
========================================================================
Received Import Request.
  Time since last request: 9.539325 seconds.
  path: Assets/EasyRoads3D/textures/editor/m_build.png
  artifactKey: Guid(881f73f964cf5104abc91a5f657615a8) Importer(815301076,1909f56bfc062723c751e8b465ee728b)
Start importing Assets/EasyRoads3D/textures/editor/m_build.png using Guid(881f73f964cf5104abc91a5f657615a8) Importer(815301076,1909f56bfc062723c751e8b465ee728b)  -> (artifact id: 'd86b594a39ea157e1d54092f151d20fb') in 0.034256 seconds 
========================================================================
Received Import Request.
  Time since last request: 0.000023 seconds.
  path: Assets/EasyRoads3D/textures/editor/m_info.png
  artifactKey: Guid(a734eccac0ad8bc49950dd4fbee58611) Importer(815301076,1909f56bfc062723c751e8b465ee728b)
Start importing Assets/EasyRoads3D/textures/editor/m_info.png using Guid(a734eccac0ad8bc49950dd4fbee58611) Importer(815301076,1909f56bfc062723c751e8b465ee728b)  -> (artifact id: '1e43a46a242263e691b86f379ef4f62d') in 0.033163 seconds 
========================================================================
Received Import Request.
  Time since last request: 0.000035 seconds.
  path: Assets/EasyRoads3D/textures/editor/unlocked.png
  artifactKey: Guid(eb319a63188c2d44bacc8572c8a2111a) Importer(815301076,1909f56bfc062723c751e8b465ee728b)
Start importing Assets/EasyRoads3D/textures/editor/unlocked.png using Guid(eb319a63188c2d44bacc8572c8a2111a) Importer(815301076,1909f56bfc062723c751e8b465ee728b)  -> (artifact id: 'ea809d468dd3bea6547f224d2fe38838') in 0.024149 seconds 
========================================================================
Received Import Request.
  Time since last request: 0.000047 seconds.
  path: Assets/EasyRoads3D/textures/editor/m_so.png
  artifactKey: Guid(8583bfb2058e94a48801d7212430d8d1) Importer(815301076,1909f56bfc062723c751e8b465ee728b)
Start importing Assets/EasyRoads3D/textures/editor/m_so.png using Guid(8583bfb2058e94a48801d7212430d8d1) Importer(815301076,1909f56bfc062723c751e8b465ee728b)  -> (artifact id: 'bd35427e57688812e0174232a8c19ae5') in 0.025056 seconds 
========================================================================
Received Import Request.
  Time since last request: 0.000047 seconds.
  path: Assets/EasyRoads3D/textures/editor/m_header.png
  artifactKey: Guid(16ef664a0f7023c4a94fa58f50bf2899) Importer(815301076,1909f56bfc062723c751e8b465ee728b)
Start importing Assets/EasyRoads3D/textures/editor/m_header.png using Guid(16ef664a0f7023c4a94fa58f50bf2899) Importer(815301076,1909f56bfc062723c751e8b465ee728b)  -> (artifact id: '8e57d2edcff6d1beecbe89289374a0fb') in 0.025358 seconds 
========================================================================
Received Prepare
Registering precompiled user dll's ...
Registered in 0.012099 seconds.
Begin MonoManager ReloadAssembly
Symbol file LoadedFromMemory doesn't match image C:\Users\User\Desktop\dimarabotay\My project (2)\Library\PackageCache\com.unity.visualscripting@1.8.0\Editor\VisualScripting.Core\Dependencies\YamlDotNet\Unity.VisualScripting.YamlDotNet.dll
Symbol file LoadedFromMemory doesn't match image C:\Users\User\Desktop\dimarabotay\My project (2)\Library\PackageCache\com.unity.visualscripting@1.8.0\Editor\VisualScripting.Core\Dependencies\DotNetZip\Unity.VisualScripting.IonicZip.dll
Native extension for WindowsStandalone target not found
Native extension for WebGL target not found
Refreshing native plugins compatible for Editor in 0.81 ms, found 3 plugins.
Preloading 0 native plugins for Editor in 0.00 ms.
Mono: successfully reloaded assembly
- Completed reload, in  1.847 seconds
Domain Reload Profiling:
	ReloadAssembly (1848ms)
		BeginReloadAssembly (241ms)
			ExecutionOrderSort (0ms)
			DisableScriptedObjects (9ms)
			BackupInstance (0ms)
			ReleaseScriptingObjects (0ms)
			CreateAndSetChildDomain (65ms)
		EndReloadAssembly (1377ms)
			LoadAssemblies (139ms)
			RebuildTransferFunctionScriptingTraits (0ms)
			SetupTypeCache (531ms)
			ReleaseScriptCaches (2ms)
			RebuildScriptCaches (77ms)
			SetupLoadedEditorAssemblies (574ms)
				LogAssemblyErrors (0ms)
				InitializePlatformSupportModulesInManaged (26ms)
				SetLoadedEditorAssemblies (1ms)
				RefreshPlugins (1ms)
				BeforeProcessingInitializeOnLoad (109ms)
				ProcessInitializeOnLoadAttributes (382ms)
				ProcessInitializeOnLoadMethodAttributes (41ms)
				AfterProcessingInitializeOnLoad (14ms)
				EditorAssembliesLoaded (0ms)
			ExecutionOrderSort2 (0ms)
			AwakeInstancesAfterBackupRestoration (10ms)
Platform modules already initialized, skipping
Refreshing native plugins compatible for Editor in 2.87 ms, found 3 plugins.
Preloading 0 native plugins for Editor in 0.00 ms.
Unloading 3070 Unused Serialized files (Serialized files now loaded: 0)
Unloading 20 unused Assets / (84.6 KB). Loaded Objects now: 3743.
Memory consumption went from 143.4 MB to 143.3 MB.
Total: 3.606300 ms (FindLiveObjects: 0.424000 ms CreateObjectMapping: 0.258100 ms MarkObjects: 2.748500 ms  DeleteObjects: 0.174000 ms)

AssetImportParameters requested are different than current active one (requested -> active):
  custom:video-decoder-ogg-theora: a1e56fd34408186e4bbccfd4996cb3dc -> 
  custom:container-muxer-webm: aa71ff27fc2769a1b78a27578f13a17b -> 
  custom:container-demuxer-webm: 4f35f7cbe854078d1ac9338744f61a02 -> 
  custom:video-encoder-webm-vp8: eb34c28f22e8b96e1ab97ce403110664 -> 
  custom:audio-encoder-webm-vorbis: bf7c407c2cedff20999df2af8eb42d56 -> 
  custom:framework-win-MediaFoundation: 216162199b28c13a410421893ffa2e32 -> 
  custom:container-demuxer-ogg: 62fdf1f143b41e24485cea50d1cbac27 -> 
  custom:video-decoder-webm-vp8: 9c59270c3fd7afecdb556c50c9e8de78 -> 
  custom:audio-decoder-ogg-vorbis: bf7c407c2cedff20999df2af8eb42d56 -> 
========================================================================
Received Prepare
Registering precompiled user dll's ...
Registered in 0.011768 seconds.
Begin MonoManager ReloadAssembly
Symbol file LoadedFromMemory doesn't match image C:\Users\User\Desktop\dimarabotay\My project (2)\Library\PackageCache\com.unity.visualscripting@1.8.0\Editor\VisualScripting.Core\Dependencies\YamlDotNet\Unity.VisualScripting.YamlDotNet.dll
Symbol file LoadedFromMemory doesn't match image C:\Users\User\Desktop\dimarabotay\My project (2)\Library\PackageCache\com.unity.visualscripting@1.8.0\Editor\VisualScripting.Core\Dependencies\DotNetZip\Unity.VisualScripting.IonicZip.dll
Native extension for WindowsStandalone target not found
Native extension for WebGL target not found
Refreshing native plugins compatible for Editor in 0.82 ms, found 3 plugins.
Preloading 0 native plugins for Editor in 0.00 ms.
Mono: successfully reloaded assembly
- Completed reload, in  1.802 seconds
Domain Reload Profiling:
	ReloadAssembly (1803ms)
		BeginReloadAssembly (232ms)
			ExecutionOrderSort (0ms)
			DisableScriptedObjects (11ms)
			BackupInstance (0ms)
			ReleaseScriptingObjects (0ms)
			CreateAndSetChildDomain (60ms)
		EndReloadAssembly (1353ms)
			LoadAssemblies (132ms)
			RebuildTransferFunctionScriptingTraits (0ms)
			SetupTypeCache (518ms)
			ReleaseScriptCaches (2ms)
			RebuildScriptCaches (92ms)
			SetupLoadedEditorAssemblies (532ms)
				LogAssemblyErrors (0ms)
				InitializePlatformSupportModulesInManaged (19ms)
				SetLoadedEditorAssemblies (1ms)
				RefreshPlugins (1ms)
				BeforeProcessingInitializeOnLoad (125ms)
				ProcessInitializeOnLoadAttributes (351ms)
				ProcessInitializeOnLoadMethodAttributes (26ms)
				AfterProcessingInitializeOnLoad (9ms)
				EditorAssembliesLoaded (0ms)
			ExecutionOrderSort2 (0ms)
			AwakeInstancesAfterBackupRestoration (9ms)
Platform modules already initialized, skipping
Refreshing native plugins compatible for Editor in 2.78 ms, found 3 plugins.
Preloading 0 native plugins for Editor in 0.00 ms.
Unloading 3070 Unused Serialized files (Serialized files now loaded: 0)
Unloading 20 unused Assets / (84.6 KB). Loaded Objects now: 3746.
Memory consumption went from 143.4 MB to 143.3 MB.
Total: 3.938000 ms (FindLiveObjects: 0.375900 ms CreateObjectMapping: 0.224200 ms MarkObjects: 3.208300 ms  DeleteObjects: 0.127300 ms)

AssetImportParameters requested are different than current active one (requested -> active):
  custom:video-decoder-ogg-theora: a1e56fd34408186e4bbccfd4996cb3dc -> 
  custom:container-muxer-webm: aa71ff27fc2769a1b78a27578f13a17b -> 
  custom:container-demuxer-webm: 4f35f7cbe854078d1ac9338744f61a02 -> 
  custom:video-encoder-webm-vp8: eb34c28f22e8b96e1ab97ce403110664 -> 
  custom:audio-encoder-webm-vorbis: bf7c407c2cedff20999df2af8eb42d56 -> 
  custom:framework-win-MediaFoundation: 216162199b28c13a410421893ffa2e32 -> 
  custom:container-demuxer-ogg: 62fdf1f143b41e24485cea50d1cbac27 -> 
  custom:video-decoder-webm-vp8: 9c59270c3fd7afecdb556c50c9e8de78 -> 
  custom:audio-decoder-ogg-vorbis: bf7c407c2cedff20999df2af8eb42d56 -> 
========================================================================
Received Prepare
Registering precompiled user dll's ...
Registered in 0.014226 seconds.
Begin MonoManager ReloadAssembly
Symbol file LoadedFromMemory doesn't match image C:\Users\User\Desktop\dimarabotay\My project (2)\Library\PackageCache\com.unity.visualscripting@1.8.0\Editor\VisualScripting.Core\Dependencies\YamlDotNet\Unity.VisualScripting.YamlDotNet.dll
Symbol file LoadedFromMemory doesn't match image C:\Users\User\Desktop\dimarabotay\My project (2)\Library\PackageCache\com.unity.visualscripting@1.8.0\Editor\VisualScripting.Core\Dependencies\DotNetZip\Unity.VisualScripting.IonicZip.dll
Native extension for WindowsStandalone target not found
Native extension for WebGL target not found
Refreshing native plugins compatible for Editor in 1.19 ms, found 3 plugins.
Preloading 0 native plugins for Editor in 0.00 ms.
Mono: successfully reloaded assembly
- Completed reload, in  1.768 seconds
Domain Reload Profiling:
	ReloadAssembly (1769ms)
		BeginReloadAssembly (236ms)
			ExecutionOrderSort (0ms)
			DisableScriptedObjects (12ms)
			BackupInstance (0ms)
			ReleaseScriptingObjects (0ms)
			CreateAndSetChildDomain (66ms)
		EndReloadAssembly (1299ms)
			LoadAssemblies (139ms)
			RebuildTransferFunctionScriptingTraits (0ms)
			SetupTypeCache (537ms)
			ReleaseScriptCaches (2ms)
			RebuildScriptCaches (78ms)
			SetupLoadedEditorAssemblies (492ms)
				LogAssemblyErrors (0ms)
				InitializePlatformSupportModulesInManaged (23ms)
				SetLoadedEditorAssemblies (1ms)
				RefreshPlugins (1ms)
				BeforeProcessingInitializeOnLoad (110ms)
				ProcessInitializeOnLoadAttributes (320ms)
				ProcessInitializeOnLoadMethodAttributes (25ms)
				AfterProcessingInitializeOnLoad (12ms)
				EditorAssembliesLoaded (0ms)
			ExecutionOrderSort2 (0ms)
			AwakeInstancesAfterBackupRestoration (10ms)
Platform modules already initialized, skipping
Refreshing native plugins compatible for Editor in 4.46 ms, found 3 plugins.
Preloading 0 native plugins for Editor in 0.00 ms.
Unloading 3070 Unused Serialized files (Serialized files now loaded: 0)
Unloading 20 unused Assets / (84.5 KB). Loaded Objects now: 3749.
Memory consumption went from 143.4 MB to 143.3 MB.
Total: 5.328900 ms (FindLiveObjects: 0.301000 ms CreateObjectMapping: 0.172200 ms MarkObjects: 4.660400 ms  DeleteObjects: 0.193500 ms)

AssetImportParameters requested are different than current active one (requested -> active):
  custom:video-decoder-ogg-theora: a1e56fd34408186e4bbccfd4996cb3dc -> 
  custom:container-muxer-webm: aa71ff27fc2769a1b78a27578f13a17b -> 
  custom:container-demuxer-webm: 4f35f7cbe854078d1ac9338744f61a02 -> 
  custom:video-encoder-webm-vp8: eb34c28f22e8b96e1ab97ce403110664 -> 
  custom:audio-encoder-webm-vorbis: bf7c407c2cedff20999df2af8eb42d56 -> 
  custom:framework-win-MediaFoundation: 216162199b28c13a410421893ffa2e32 -> 
  custom:container-demuxer-ogg: 62fdf1f143b41e24485cea50d1cbac27 -> 
  custom:video-decoder-webm-vp8: 9c59270c3fd7afecdb556c50c9e8de78 -> 
  custom:audio-decoder-ogg-vorbis: bf7c407c2cedff20999df2af8eb42d56 -> 
========================================================================
Received Prepare
Registering precompiled user dll's ...
Registered in 0.012981 seconds.
Begin MonoManager ReloadAssembly
Symbol file LoadedFromMemory doesn't match image C:\Users\User\Desktop\dimarabotay\My project (2)\Library\PackageCache\com.unity.visualscripting@1.8.0\Editor\VisualScripting.Core\Dependencies\YamlDotNet\Unity.VisualScripting.YamlDotNet.dll
Symbol file LoadedFromMemory doesn't match image C:\Users\User\Desktop\dimarabotay\My project (2)\Library\PackageCache\com.unity.visualscripting@1.8.0\Editor\VisualScripting.Core\Dependencies\DotNetZip\Unity.VisualScripting.IonicZip.dll
Native extension for WindowsStandalone target not found
Native extension for WebGL target not found
Refreshing native plugins compatible for Editor in 1.08 ms, found 3 plugins.
Preloading 0 native plugins for Editor in 0.00 ms.
Mono: successfully reloaded assembly
- Completed reload, in  1.998 seconds
Domain Reload Profiling:
	ReloadAssembly (2000ms)
		BeginReloadAssembly (230ms)
			ExecutionOrderSort (0ms)
			DisableScriptedObjects (11ms)
			BackupInstance (0ms)
			ReleaseScriptingObjects (0ms)
			CreateAndSetChildDomain (58ms)
		EndReloadAssembly (1580ms)
			LoadAssemblies (138ms)
			RebuildTransferFunctionScriptingTraits (0ms)
			SetupTypeCache (601ms)
			ReleaseScriptCaches (2ms)
			RebuildScriptCaches (110ms)
			SetupLoadedEditorAssemblies (618ms)
				LogAssemblyErrors (0ms)
				InitializePlatformSupportModulesInManaged (27ms)
				SetLoadedEditorAssemblies (1ms)
				RefreshPlugins (1ms)
				BeforeProcessingInitializeOnLoad (125ms)
				ProcessInitializeOnLoadAttributes (412ms)
				ProcessInitializeOnLoadMethodAttributes (39ms)
				AfterProcessingInitializeOnLoad (13ms)
				EditorAssembliesLoaded (0ms)
			ExecutionOrderSort2 (0ms)
			AwakeInstancesAfterBackupRestoration (14ms)
Platform modules already initialized, skipping
Refreshing native plugins compatible for Editor in 4.20 ms, found 3 plugins.
Preloading 0 native plugins for Editor in 0.00 ms.
Unloading 3070 Unused Serialized files (Serialized files now loaded: 0)
Unloading 20 unused Assets / (84.5 KB). Loaded Objects now: 3752.
Memory consumption went from 143.4 MB to 143.3 MB.
Total: 4.495500 ms (FindLiveObjects: 0.372100 ms CreateObjectMapping: 0.141000 ms MarkObjects: 3.779800 ms  DeleteObjects: 0.200800 ms)

AssetImportParameters requested are different than current active one (requested -> active):
  custom:video-decoder-ogg-theora: a1e56fd34408186e4bbccfd4996cb3dc -> 
  custom:container-muxer-webm: aa71ff27fc2769a1b78a27578f13a17b -> 
  custom:container-demuxer-webm: 4f35f7cbe854078d1ac9338744f61a02 -> 
  custom:video-encoder-webm-vp8: eb34c28f22e8b96e1ab97ce403110664 -> 
  custom:audio-encoder-webm-vorbis: bf7c407c2cedff20999df2af8eb42d56 -> 
  custom:framework-win-MediaFoundation: 216162199b28c13a410421893ffa2e32 -> 
  custom:container-demuxer-ogg: 62fdf1f143b41e24485cea50d1cbac27 -> 
  custom:video-decoder-webm-vp8: 9c59270c3fd7afecdb556c50c9e8de78 -> 
  custom:audio-decoder-ogg-vorbis: bf7c407c2cedff20999df2af8eb42d56 -> 
========================================================================
Received Import Request.
  Time since last request: 350.286877 seconds.
  path: Assets/POLYGON - FPS free/Prefabs/props/prop_sounds/Click_lever.wav
  artifactKey: Guid(83f02a2748fb0184d9af1e1488154c23) Importer(815301076,1909f56bfc062723c751e8b465ee728b)
Start importing Assets/POLYGON - FPS free/Prefabs/props/prop_sounds/Click_lever.wav using Guid(83f02a2748fb0184d9af1e1488154c23) Importer(815301076,1909f56bfc062723c751e8b465ee728b)  -> (artifact id: '142af6fb03ffe82404c25463be0fd703') in 0.147422 seconds 
========================================================================
Received Import Request.
  Time since last request: 4.160564 seconds.
  path: Assets/POLYGON - FPS free/Prefabs/props/fbx/PlyBox.fbx
  artifactKey: Guid(71212a39b1f72d54b85de3a627a5ddb2) Importer(815301076,1909f56bfc062723c751e8b465ee728b)
Start importing Assets/POLYGON - FPS free/Prefabs/props/fbx/PlyBox.fbx using Guid(71212a39b1f72d54b85de3a627a5ddb2) Importer(815301076,1909f56bfc062723c751e8b465ee728b)  -> (artifact id: '64840e3db24c038e31687aab0fe23132') in 0.173914 seconds 
========================================================================
Received Import Request.
  Time since last request: 12.607998 seconds.
  path: Assets/POLYGON - FPS free/map/test_map_prefab.prefab
  artifactKey: Guid(78d592da60d76ad4691bc77f78c459e7) Importer(815301076,1909f56bfc062723c751e8b465ee728b)
Start importing Assets/POLYGON - FPS free/map/test_map_prefab.prefab using Guid(78d592da60d76ad4691bc77f78c459e7) Importer(815301076,1909f56bfc062723c751e8b465ee728b)  -> (artifact id: '6855321f7e2ce967c141598aa9db3606') in 0.025797 seconds 
========================================================================
Received Import Request.
  Time since last request: 4.995588 seconds.
  path: Assets/POLYGON - FPS free/polygon fps sounds/explosion.wav
  artifactKey: Guid(cf4b2cb375a6bb447a75e4c7bf118fe6) Importer(815301076,1909f56bfc062723c751e8b465ee728b)
Start importing Assets/POLYGON - FPS free/polygon fps sounds/explosion.wav using Guid(cf4b2cb375a6bb447a75e4c7bf118fe6) Importer(815301076,1909f56bfc062723c751e8b465ee728b)  -> (artifact id: '91a378b26d2e91410ab47e86af29947d') in 0.015230 seconds 
========================================================================
Received Import Request.
  Time since last request: 0.000026 seconds.
  path: Assets/POLYGON - FPS free/polygon fps sounds/glass breaks.wav
  artifactKey: Guid(4c29955dfb64bab4c8fd5ac8cfc3156a) Importer(815301076,1909f56bfc062723c751e8b465ee728b)
Start importing Assets/POLYGON - FPS free/polygon fps sounds/glass breaks.wav using Guid(4c29955dfb64bab4c8fd5ac8cfc3156a) Importer(815301076,1909f56bfc062723c751e8b465ee728b)  -> (artifact id: 'da43b455468ca83771bc91fdbbdd299b') in 0.016792 seconds 
========================================================================
Received Prepare
Registering precompiled user dll's ...
Registered in 0.011371 seconds.
Begin MonoManager ReloadAssembly
Symbol file LoadedFromMemory doesn't match image C:\Users\User\Desktop\dimarabotay\My project (2)\Library\PackageCache\com.unity.visualscripting@1.8.0\Editor\VisualScripting.Core\Dependencies\YamlDotNet\Unity.VisualScripting.YamlDotNet.dll
Symbol file LoadedFromMemory doesn't match image C:\Users\User\Desktop\dimarabotay\My project (2)\Library\PackageCache\com.unity.visualscripting@1.8.0\Editor\VisualScripting.Core\Dependencies\DotNetZip\Unity.VisualScripting.IonicZip.dll
Native extension for WindowsStandalone target not found
Native extension for WebGL target not found
Refreshing native plugins compatible for Editor in 1.13 ms, found 3 plugins.
Preloading 0 native plugins for Editor in 0.00 ms.
Mono: successfully reloaded assembly
- Completed reload, in  1.882 seconds
Domain Reload Profiling:
	ReloadAssembly (1884ms)
		BeginReloadAssembly (309ms)
			ExecutionOrderSort (0ms)
			DisableScriptedObjects (11ms)
			BackupInstance (0ms)
			ReleaseScriptingObjects (0ms)
			CreateAndSetChildDomain (102ms)
		EndReloadAssembly (1383ms)
			LoadAssemblies (154ms)
			RebuildTransferFunctionScriptingTraits (0ms)
			SetupTypeCache (492ms)
			ReleaseScriptCaches (3ms)
			RebuildScriptCaches (89ms)
			SetupLoadedEditorAssemblies (579ms)
				LogAssemblyErrors (0ms)
				InitializePlatformSupportModulesInManaged (26ms)
				SetLoadedEditorAssemblies (1ms)
				RefreshPlugins (1ms)
				BeforeProcessingInitializeOnLoad (122ms)
				ProcessInitializeOnLoadAttributes (378ms)
				ProcessInitializeOnLoadMethodAttributes (38ms)
				AfterProcessingInitializeOnLoad (13ms)
				EditorAssembliesLoaded (0ms)
			ExecutionOrderSort2 (0ms)
			AwakeInstancesAfterBackupRestoration (13ms)
Platform modules already initialized, skipping
Refreshing native plugins compatible for Editor in 4.11 ms, found 3 plugins.
Preloading 0 native plugins for Editor in 0.00 ms.
Unloading 3070 Unused Serialized files (Serialized files now loaded: 0)
Unloading 21 unused Assets / (85.2 KB). Loaded Objects now: 3760.
Memory consumption went from 143.8 MB to 143.7 MB.
Total: 5.580700 ms (FindLiveObjects: 0.388900 ms CreateObjectMapping: 0.253800 ms MarkObjects: 4.747600 ms  DeleteObjects: 0.188400 ms)

AssetImportParameters requested are different than current active one (requested -> active):
  custom:video-decoder-ogg-theora: a1e56fd34408186e4bbccfd4996cb3dc -> 
  custom:container-muxer-webm: aa71ff27fc2769a1b78a27578f13a17b -> 
  custom:container-demuxer-webm: 4f35f7cbe854078d1ac9338744f61a02 -> 
  custom:video-encoder-webm-vp8: eb34c28f22e8b96e1ab97ce403110664 -> 
  custom:audio-encoder-webm-vorbis: bf7c407c2cedff20999df2af8eb42d56 -> 
  custom:framework-win-MediaFoundation: 216162199b28c13a410421893ffa2e32 -> 
  custom:container-demuxer-ogg: 62fdf1f143b41e24485cea50d1cbac27 -> 
  custom:video-decoder-webm-vp8: 9c59270c3fd7afecdb556c50c9e8de78 -> 
  custom:audio-decoder-ogg-vorbis: bf7c407c2cedff20999df2af8eb42d56 -> 
