Using pre-set license
Built from '2021.3/staging' branch; Version is '2021.3.18f1 (3129e69bc0c7) revision 3221990'; Using compiler version '192829333'; Build Type 'Release'
OS: 'Windows 10  (10.0.19044) 64bit Core' Language: 'ru' Physical Memory: 8029 MB
BatchMode: 1, IsHumanControllingUs: 0, StartBugReporterOnCrash: 0, Is64bit: 1, IsPro: 1

COMMAND LINE ARGUMENTS:
C:\Program Files\Unity\Hub\Editor\2021.3.18f1\Editor\Unity.exe
-adb2
-batchMode
-noUpm
-name
AssetImportWorker0
-projectPath
C:/Users/topgg/My project (2)
-logFile
Logs/AssetImportWorker0.log
-srvPort
53479
Successfully changed project path to: C:/Users/topgg/My project (2)
C:/Users/topgg/My project (2)
[UnityMemory] Configuration Parameters - Can be set up in boot.config
    "memorysetup-bucket-allocator-granularity=16"
    "memorysetup-bucket-allocator-bucket-count=8"
    "memorysetup-bucket-allocator-block-size=33554432"
    "memorysetup-bucket-allocator-block-count=8"
    "memorysetup-main-allocator-block-size=16777216"
    "memorysetup-thread-allocator-block-size=16777216"
    "memorysetup-gfx-main-allocator-block-size=16777216"
    "memorysetup-gfx-thread-allocator-block-size=16777216"
    "memorysetup-cache-allocator-block-size=4194304"
    "memorysetup-typetree-allocator-block-size=2097152"
    "memorysetup-profiler-bucket-allocator-granularity=16"
    "memorysetup-profiler-bucket-allocator-bucket-count=8"
    "memorysetup-profiler-bucket-allocator-block-size=33554432"
    "memorysetup-profiler-bucket-allocator-block-count=8"
    "memorysetup-profiler-allocator-block-size=16777216"
    "memorysetup-profiler-editor-allocator-block-size=1048576"
    "memorysetup-temp-allocator-size-main=16777216"
    "memorysetup-job-temp-allocator-block-size=2097152"
    "memorysetup-job-temp-allocator-block-size-background=1048576"
    "memorysetup-job-temp-allocator-reduction-small-platforms=262144"
    "memorysetup-temp-allocator-size-background-worker=32768"
    "memorysetup-temp-allocator-size-job-worker=262144"
    "memorysetup-temp-allocator-size-preload-manager=33554432"
    "memorysetup-temp-allocator-size-nav-mesh-worker=65536"
    "memorysetup-temp-allocator-size-audio-worker=65536"
    "memorysetup-temp-allocator-size-cloud-worker=32768"
    "memorysetup-temp-allocator-size-gi-baking-worker=262144"
    "memorysetup-temp-allocator-size-gfx=262144"
Player connection [16580] Host "[IP] 192.168.1.104 [Port] 0 [Flags] 2 [Guid] 3930576825 [EditorId] 3930576825 [Version] 1048832 [Id] WindowsEditor(7,DESKTOP-57PEG5T) [Debug] 1 [PackageName] WindowsEditor [ProjectName] Editor" joined multi-casting on [225.0.0.222:54997]...

Player connection [16580] Host "[IP] 192.168.1.104 [Port] 0 [Flags] 2 [Guid] 3930576825 [EditorId] 3930576825 [Version] 1048832 [Id] WindowsEditor(7,DESKTOP-57PEG5T) [Debug] 1 [PackageName] WindowsEditor [ProjectName] Editor" joined alternative multi-casting on [225.0.0.222:34997]...

Refreshing native plugins compatible for Editor in 79.31 ms, found 3 plugins.
Preloading 0 native plugins for Editor in 0.00 ms.
Initialize engine version: 2021.3.18f1 (3129e69bc0c7)
[Subsystems] Discovering subsystems at path C:/Program Files/Unity/Hub/Editor/2021.3.18f1/Editor/Data/Resources/UnitySubsystems
[Subsystems] Discovering subsystems at path C:/Users/topgg/My project (2)/Assets
GfxDevice: creating device client; threaded=0; jobified=0
Direct3D:
    Version:  Direct3D 11.0 [level 11.1]
    Renderer: NVIDIA GeForce GTX 1650 (ID=0x1f99)
    Vendor:   NVIDIA
    VRAM:     3949 MB
    Driver:   31.0.15.2802
Initialize mono
Mono path[0] = 'C:/Program Files/Unity/Hub/Editor/2021.3.18f1/Editor/Data/Managed'
Mono path[1] = 'C:/Program Files/Unity/Hub/Editor/2021.3.18f1/Editor/Data/MonoBleedingEdge/lib/mono/unityjit-win32'
Mono config path = 'C:/Program Files/Unity/Hub/Editor/2021.3.18f1/Editor/Data/MonoBleedingEdge/etc'
Using monoOptions --debugger-agent=transport=dt_socket,embedding=1,server=y,suspend=n,address=127.0.0.1:56628
Begin MonoManager ReloadAssembly
Registering precompiled unity dll's ...
Register platform support module: C:/Program Files/Unity/Hub/Editor/2021.3.18f1/Editor/Data/PlaybackEngines/WebGLSupport/UnityEditor.WebGL.Extensions.dll
Register platform support module: C:/Program Files/Unity/Hub/Editor/2021.3.18f1/Editor/Data/PlaybackEngines/WindowsStandaloneSupport/UnityEditor.WindowsStandalone.Extensions.dll
Registered in 0.007652 seconds.
Native extension for WindowsStandalone target not found
Native extension for WebGL target not found
Refreshing native plugins compatible for Editor in 77.94 ms, found 3 plugins.
Preloading 0 native plugins for Editor in 0.00 ms.
Mono: successfully reloaded assembly
- Completed reload, in  0.635 seconds
Domain Reload Profiling:
	ReloadAssembly (635ms)
		BeginReloadAssembly (73ms)
			ExecutionOrderSort (0ms)
			DisableScriptedObjects (0ms)
			BackupInstance (0ms)
			ReleaseScriptingObjects (0ms)
			CreateAndSetChildDomain (1ms)
		EndReloadAssembly (452ms)
			LoadAssemblies (71ms)
			RebuildTransferFunctionScriptingTraits (0ms)
			SetupTypeCache (99ms)
			ReleaseScriptCaches (0ms)
			RebuildScriptCaches (27ms)
			SetupLoadedEditorAssemblies (278ms)
				LogAssemblyErrors (0ms)
				InitializePlatformSupportModulesInManaged (9ms)
				SetLoadedEditorAssemblies (0ms)
				RefreshPlugins (78ms)
				BeforeProcessingInitializeOnLoad (1ms)
				ProcessInitializeOnLoadAttributes (140ms)
				ProcessInitializeOnLoadMethodAttributes (49ms)
				AfterProcessingInitializeOnLoad (0ms)
				EditorAssembliesLoaded (0ms)
			ExecutionOrderSort2 (0ms)
			AwakeInstancesAfterBackupRestoration (0ms)
Platform modules already initialized, skipping
Registering precompiled user dll's ...
Registered in 0.005307 seconds.
Begin MonoManager ReloadAssembly
Symbol file LoadedFromMemory doesn't match image C:\Users\topgg\My project (2)\Library\PackageCache\com.unity.visualscripting@1.8.0\Editor\VisualScripting.Core\Dependencies\YamlDotNet\Unity.VisualScripting.YamlDotNet.dll
Symbol file LoadedFromMemory doesn't match image C:\Users\topgg\My project (2)\Library\PackageCache\com.unity.visualscripting@1.8.0\Editor\VisualScripting.Core\Dependencies\DotNetZip\Unity.VisualScripting.IonicZip.dll
Native extension for WindowsStandalone target not found
Native extension for WebGL target not found
Refreshing native plugins compatible for Editor in 0.55 ms, found 3 plugins.
Preloading 0 native plugins for Editor in 0.00 ms.
Mono: successfully reloaded assembly
- Completed reload, in  1.164 seconds
Domain Reload Profiling:
	ReloadAssembly (1164ms)
		BeginReloadAssembly (159ms)
			ExecutionOrderSort (0ms)
			DisableScriptedObjects (6ms)
			BackupInstance (0ms)
			ReleaseScriptingObjects (0ms)
			CreateAndSetChildDomain (34ms)
		EndReloadAssembly (808ms)
			LoadAssemblies (118ms)
			RebuildTransferFunctionScriptingTraits (0ms)
			SetupTypeCache (291ms)
			ReleaseScriptCaches (1ms)
			RebuildScriptCaches (63ms)
			SetupLoadedEditorAssemblies (334ms)
				LogAssemblyErrors (0ms)
				InitializePlatformSupportModulesInManaged (10ms)
				SetLoadedEditorAssemblies (0ms)
				RefreshPlugins (1ms)
				BeforeProcessingInitializeOnLoad (86ms)
				ProcessInitializeOnLoadAttributes (208ms)
				ProcessInitializeOnLoadMethodAttributes (19ms)
				AfterProcessingInitializeOnLoad (10ms)
				EditorAssembliesLoaded (0ms)
			ExecutionOrderSort2 (0ms)
			AwakeInstancesAfterBackupRestoration (5ms)
Platform modules already initialized, skipping
========================================================================
Worker process is ready to serve import requests
Launched and connected shader compiler UnityShaderCompiler.exe after 0.04 seconds
Refreshing native plugins compatible for Editor in 1.10 ms, found 3 plugins.
Preloading 0 native plugins for Editor in 0.00 ms.
Unloading 3048 Unused Serialized files (Serialized files now loaded: 0)
Unloading 24 unused Assets / (113.4 KB). Loaded Objects now: 3508.
Memory consumption went from 107.5 MB to 107.4 MB.
Total: 3.124500 ms (FindLiveObjects: 0.269400 ms CreateObjectMapping: 0.228600 ms MarkObjects: 2.504700 ms  DeleteObjects: 0.120900 ms)

AssetImportParameters requested are different than current active one (requested -> active):
  custom:video-decoder-ogg-theora: a1e56fd34408186e4bbccfd4996cb3dc -> 
  custom:container-muxer-webm: aa71ff27fc2769a1b78a27578f13a17b -> 
  custom:container-demuxer-webm: 4f35f7cbe854078d1ac9338744f61a02 -> 
  custom:video-encoder-webm-vp8: eb34c28f22e8b96e1ab97ce403110664 -> 
  custom:audio-encoder-webm-vorbis: bf7c407c2cedff20999df2af8eb42d56 -> 
  custom:framework-win-MediaFoundation: 216162199b28c13a410421893ffa2e32 -> 
  custom:container-demuxer-ogg: 62fdf1f143b41e24485cea50d1cbac27 -> 
  custom:video-decoder-webm-vp8: 9c59270c3fd7afecdb556c50c9e8de78 -> 
  custom:audio-decoder-ogg-vorbis: bf7c407c2cedff20999df2af8eb42d56 -> 
========================================================================
Received Import Request.
  Time since last request: 339341.268412 seconds.
  path: Assets/Simple city plain/Prefabs/Gas_station_A_PREFAB.prefab
  artifactKey: Guid(01bbe20c855564648b02e0092e511cac) Importer(815301076,1909f56bfc062723c751e8b465ee728b)
Start importing Assets/Simple city plain/Prefabs/Gas_station_A_PREFAB.prefab using Guid(01bbe20c855564648b02e0092e511cac) Importer(815301076,1909f56bfc062723c751e8b465ee728b)  -> (artifact id: '70060362de3aa4d13053d0acbcc63b01') in 0.323029 seconds 
========================================================================
Received Import Request.
  Time since last request: 0.000026 seconds.
  path: Assets/Simple city plain
  artifactKey: Guid(28ae9a42a5ed53049b7d4cc7b95c3377) Importer(815301076,1909f56bfc062723c751e8b465ee728b)
Start importing Assets/Simple city plain using Guid(28ae9a42a5ed53049b7d4cc7b95c3377) Importer(815301076,1909f56bfc062723c751e8b465ee728b)  -> (artifact id: '00bddc79bce1f9381726c80ea784dac0') in 0.009504 seconds 
========================================================================
Received Import Request.
  Time since last request: 0.000041 seconds.
  path: Assets/Simple city plain/Prefabs/Stone Floor prefab.prefab
  artifactKey: Guid(ffa4d200e6c7d9c4b90b3764b7ed86d4) Importer(815301076,1909f56bfc062723c751e8b465ee728b)
Start importing Assets/Simple city plain/Prefabs/Stone Floor prefab.prefab using Guid(ffa4d200e6c7d9c4b90b3764b7ed86d4) Importer(815301076,1909f56bfc062723c751e8b465ee728b)  -> (artifact id: '3b5b6c171d835cd5e110f975a2df6e0d') in 0.024647 seconds 
========================================================================
Received Import Request.
  Time since last request: 0.000029 seconds.
  path: Assets/Simple city plain/Prefabs
  artifactKey: Guid(9b3f41c9510b3cd43a8766a508dc6635) Importer(815301076,1909f56bfc062723c751e8b465ee728b)
Start importing Assets/Simple city plain/Prefabs using Guid(9b3f41c9510b3cd43a8766a508dc6635) Importer(815301076,1909f56bfc062723c751e8b465ee728b)  -> (artifact id: 'a02920cdf64fef59a81bcf39a611e9c0') in 0.008906 seconds 
========================================================================
Received Import Request.
  Time since last request: 0.000033 seconds.
  path: Assets/Simple city plain/Prefabs/bench prefab.prefab
  artifactKey: Guid(80c5916b9606ce646be16611d9a06d13) Importer(815301076,1909f56bfc062723c751e8b465ee728b)
Start importing Assets/Simple city plain/Prefabs/bench prefab.prefab using Guid(80c5916b9606ce646be16611d9a06d13) Importer(815301076,1909f56bfc062723c751e8b465ee728b)  -> (artifact id: 'dc43e26f3f0c81d72a4fcf490d161aa2') in 0.014426 seconds 
========================================================================
Received Import Request.
  Time since last request: 0.000024 seconds.
  path: Assets/Simple city plain/Prefabs/Building_A1_prefab.prefab
  artifactKey: Guid(562df8355904213468a690c4ce6740b6) Importer(815301076,1909f56bfc062723c751e8b465ee728b)
Start importing Assets/Simple city plain/Prefabs/Building_A1_prefab.prefab using Guid(562df8355904213468a690c4ce6740b6) Importer(815301076,1909f56bfc062723c751e8b465ee728b)  -> (artifact id: '7d9b9f0e46d198341fe9e9f82c085906') in 0.035268 seconds 
========================================================================
Received Import Request.
  Time since last request: 0.000029 seconds.
  path: Assets/Simple city plain/Prefabs/ColaMachine prefab.prefab
  artifactKey: Guid(2bf7da734f1a8224fb14055902b5b343) Importer(815301076,1909f56bfc062723c751e8b465ee728b)
Start importing Assets/Simple city plain/Prefabs/ColaMachine prefab.prefab using Guid(2bf7da734f1a8224fb14055902b5b343) Importer(815301076,1909f56bfc062723c751e8b465ee728b)  -> (artifact id: '888d96d655f75f528fd562c7514142f5') in 0.023877 seconds 
========================================================================
Received Import Request.
  Time since last request: 0.000028 seconds.
  path: Assets/Simple city plain/Prefabs/Building_N_Prefab.prefab
  artifactKey: Guid(bbad862e7e06efe4a8ad0346a53e3cde) Importer(815301076,1909f56bfc062723c751e8b465ee728b)
Start importing Assets/Simple city plain/Prefabs/Building_N_Prefab.prefab using Guid(bbad862e7e06efe4a8ad0346a53e3cde) Importer(815301076,1909f56bfc062723c751e8b465ee728b)  -> (artifact id: '69ebe2a9092f863948bfd27c930e03c8') in 0.023183 seconds 
========================================================================
Received Import Request.
  Time since last request: 0.000044 seconds.
  path: Assets/Simple city plain/Prefabs/Shop_B_prefab.prefab
  artifactKey: Guid(9a52ba64c3a0abf49ad9515917ade04b) Importer(815301076,1909f56bfc062723c751e8b465ee728b)
Start importing Assets/Simple city plain/Prefabs/Shop_B_prefab.prefab using Guid(9a52ba64c3a0abf49ad9515917ade04b) Importer(815301076,1909f56bfc062723c751e8b465ee728b)  -> (artifact id: '20ea998972a4286acb05ae233be5328d') in 0.501180 seconds 
========================================================================
Received Import Request.
  Time since last request: 24.567597 seconds.
  path: Assets/Simple city plain/Material & Texture/Day.mat
  artifactKey: Guid(dfd5fe4561034804291bb92fffe808d9) Importer(815301076,1909f56bfc062723c751e8b465ee728b)
Start importing Assets/Simple city plain/Material & Texture/Day.mat using Guid(dfd5fe4561034804291bb92fffe808d9) Importer(815301076,1909f56bfc062723c751e8b465ee728b)  -> (artifact id: '7d245972b02412ed9bd2737daa3e568e') in 0.114271 seconds 
========================================================================
Received Import Request.
  Time since last request: 27.788057 seconds.
  path: Assets/Simple city plain/scene/Demo Scene.unity
  artifactKey: Guid(79f8bac4c75da6e43bd8288f7d84106c) Importer(815301076,1909f56bfc062723c751e8b465ee728b)
Start importing Assets/Simple city plain/scene/Demo Scene.unity using Guid(79f8bac4c75da6e43bd8288f7d84106c) Importer(815301076,1909f56bfc062723c751e8b465ee728b)  -> (artifact id: 'adc2860a679e79e67b42d8d012f676fd') in 0.008506 seconds 
========================================================================
Received Import Request.
  Time since last request: 23.569627 seconds.
  path: Assets/Scenes/SampleScene.unity
  artifactKey: Guid(9fc0d4010bbf28b4594072e72b8655ab) Importer(815301076,1909f56bfc062723c751e8b465ee728b)
Start importing Assets/Scenes/SampleScene.unity using Guid(9fc0d4010bbf28b4594072e72b8655ab) Importer(815301076,1909f56bfc062723c751e8b465ee728b)  -> (artifact id: '52b59a5d7d6412f3a8599ccc7c4f4d06') in 0.009894 seconds 
========================================================================
Received Import Request.
  Time since last request: 28.090964 seconds.
  path: Assets/Simple city plain/Mesh/bench.fbx
  artifactKey: Guid(2c2a46e9474367f42af1fdbfcc3c2434) Importer(815301076,1909f56bfc062723c751e8b465ee728b)
Start importing Assets/Simple city plain/Mesh/bench.fbx using Guid(2c2a46e9474367f42af1fdbfcc3c2434) Importer(815301076,1909f56bfc062723c751e8b465ee728b)  -> (artifact id: '81485ecf37e7eae8a6b5a6366ab18cf8') in 0.039724 seconds 
========================================================================
Received Import Request.
  Time since last request: 0.000019 seconds.
  path: Assets/Simple city plain/Mesh/Sidewalk_05.fbx
  artifactKey: Guid(5b37bebced2befa4cb0fa7e92016e465) Importer(815301076,1909f56bfc062723c751e8b465ee728b)
Start importing Assets/Simple city plain/Mesh/Sidewalk_05.fbx using Guid(5b37bebced2befa4cb0fa7e92016e465) Importer(815301076,1909f56bfc062723c751e8b465ee728b)  -> (artifact id: '2ac65c7ac4434efb23eb216162ba948b') in 0.048686 seconds 
========================================================================
Received Import Request.
  Time since last request: 0.000026 seconds.
  path: Assets/Simple city plain/Mesh/Building_I_1.fbx
  artifactKey: Guid(a31ede3a68c1fc642a73d7ab6870b43e) Importer(815301076,1909f56bfc062723c751e8b465ee728b)
Start importing Assets/Simple city plain/Mesh/Building_I_1.fbx using Guid(a31ede3a68c1fc642a73d7ab6870b43e) Importer(815301076,1909f56bfc062723c751e8b465ee728b)  -> (artifact id: 'd54d84db4845990b842b3c33af79e019') in 0.037184 seconds 
========================================================================
Received Import Request.
  Time since last request: 0.000028 seconds.
  path: Assets/Simple city plain/Mesh/street_lamp 1.fbx
  artifactKey: Guid(be2c575b59c07d54e937a759af1f404e) Importer(815301076,1909f56bfc062723c751e8b465ee728b)
Start importing Assets/Simple city plain/Mesh/street_lamp 1.fbx using Guid(be2c575b59c07d54e937a759af1f404e) Importer(815301076,1909f56bfc062723c751e8b465ee728b)  -> (artifact id: 'ed3c2e9fea1d3e39d3c7fcd28e6f7806') in 0.021723 seconds 
========================================================================
Received Import Request.
  Time since last request: 0.000023 seconds.
  path: Assets/Simple city plain/Mesh/Hydrant.fbx
  artifactKey: Guid(e929ac57e943d3c489f18cb67b6b4ac2) Importer(815301076,1909f56bfc062723c751e8b465ee728b)
Start importing Assets/Simple city plain/Mesh/Hydrant.fbx using Guid(e929ac57e943d3c489f18cb67b6b4ac2) Importer(815301076,1909f56bfc062723c751e8b465ee728b)  -> (artifact id: '48e14a899539f595b488eb8ff79f5f82') in 0.025045 seconds 
========================================================================
Received Import Request.
  Time since last request: 0.000032 seconds.
  path: Assets/Simple city plain/Mesh/Gas_station_A.fbx
  artifactKey: Guid(5bb97b332176ae0499af0f666e4f5828) Importer(815301076,1909f56bfc062723c751e8b465ee728b)
Start importing Assets/Simple city plain/Mesh/Gas_station_A.fbx using Guid(5bb97b332176ae0499af0f666e4f5828) Importer(815301076,1909f56bfc062723c751e8b465ee728b)  -> (artifact id: 'be2436648b76d7be74e1082a6dfacebc') in 0.036536 seconds 
========================================================================
Received Import Request.
  Time since last request: 0.000015 seconds.
  path: Assets/Simple city plain/Mesh/Building_A1.fbx
  artifactKey: Guid(e48ed78ee18a85b4ab1b16c0f67824b5) Importer(815301076,1909f56bfc062723c751e8b465ee728b)
Start importing Assets/Simple city plain/Mesh/Building_A1.fbx using Guid(e48ed78ee18a85b4ab1b16c0f67824b5) Importer(815301076,1909f56bfc062723c751e8b465ee728b)  -> (artifact id: 'db7057d259a5ac369b94823b1c83475b') in 0.044533 seconds 
========================================================================
Received Import Request.
  Time since last request: 0.000091 seconds.
  path: Assets/Simple city plain/Mesh/Building_N.fbx
  artifactKey: Guid(55ca7edad2f1e3b40b4dc5801b9f454b) Importer(815301076,1909f56bfc062723c751e8b465ee728b)
Start importing Assets/Simple city plain/Mesh/Building_N.fbx using Guid(55ca7edad2f1e3b40b4dc5801b9f454b) Importer(815301076,1909f56bfc062723c751e8b465ee728b)  -> (artifact id: '0f7775d91a25b00ba150d55ef80ba22c') in 0.034025 seconds 
========================================================================
Received Import Request.
  Time since last request: 43.557196 seconds.
  path: Assets/New Terrain.asset
  artifactKey: Guid(07b280a513adf8c48963eacc843bd340) Importer(815301076,1909f56bfc062723c751e8b465ee728b)
Start importing Assets/New Terrain.asset using Guid(07b280a513adf8c48963eacc843bd340) Importer(815301076,1909f56bfc062723c751e8b465ee728b)  -> (artifact id: '93d83390a0e63f39cbb8dbecddeb557d') in 0.013966 seconds 
========================================================================
Received Import Request.
  Time since last request: 59.539905 seconds.
  path: Assets/Simple city plain/Mesh/Materials/Windows_03.mat
  artifactKey: Guid(d16b52f3e03f1a742818f91bea7e38f9) Importer(815301076,1909f56bfc062723c751e8b465ee728b)
Start importing Assets/Simple city plain/Mesh/Materials/Windows_03.mat using Guid(d16b52f3e03f1a742818f91bea7e38f9) Importer(815301076,1909f56bfc062723c751e8b465ee728b)  -> (artifact id: 'f6e21cdf323f051a5ab611e3b46c76f7') in 0.019718 seconds 
========================================================================
Received Import Request.
  Time since last request: 0.015834 seconds.
  path: Assets/Simple city plain/Mesh/Materials/Windows_01.mat
  artifactKey: Guid(c2690394d4748024bb61bb766b35f76e) Importer(815301076,1909f56bfc062723c751e8b465ee728b)
Start importing Assets/Simple city plain/Mesh/Materials/Windows_01.mat using Guid(c2690394d4748024bb61bb766b35f76e) Importer(815301076,1909f56bfc062723c751e8b465ee728b)  -> (artifact id: 'a9c5e8ca246a6d185ca6b154024d04b2') in 0.016345 seconds 
========================================================================
Received Import Request.
  Time since last request: 0.000038 seconds.
  path: Assets/Simple city plain/Material & Texture/color_windows/Windows light 2.mat
  artifactKey: Guid(763d547f29cebc443a26da20545010dd) Importer(815301076,1909f56bfc062723c751e8b465ee728b)
Start importing Assets/Simple city plain/Material & Texture/color_windows/Windows light 2.mat using Guid(763d547f29cebc443a26da20545010dd) Importer(815301076,1909f56bfc062723c751e8b465ee728b)  -> (artifact id: '61e5415a737bdbda5ef792c73d4afae0') in 0.111774 seconds 
========================================================================
Received Import Request.
  Time since last request: 0.184236 seconds.
  path: Assets/Simple city plain/Mesh/Materials/Windows.mat
  artifactKey: Guid(51caddaa297ecb0469a2a32286ef7b8a) Importer(815301076,1909f56bfc062723c751e8b465ee728b)
Start importing Assets/Simple city plain/Mesh/Materials/Windows.mat using Guid(51caddaa297ecb0469a2a32286ef7b8a) Importer(815301076,1909f56bfc062723c751e8b465ee728b)  -> (artifact id: 'f8f4f6295ac64a7c4bac345b77f3e2f6') in 0.011418 seconds 
========================================================================
Received Import Request.
  Time since last request: 0.023259 seconds.
  path: Assets/Simple city plain/Mesh/Materials/Window_frames.mat
  artifactKey: Guid(04448d580486411489ce8389d30edc31) Importer(815301076,1909f56bfc062723c751e8b465ee728b)
Start importing Assets/Simple city plain/Mesh/Materials/Window_frames.mat using Guid(04448d580486411489ce8389d30edc31) Importer(815301076,1909f56bfc062723c751e8b465ee728b)  -> (artifact id: '5da92d195d7237faf7142a4e608f0b4d') in 0.011066 seconds 
========================================================================
Received Import Request.
  Time since last request: 0.000018 seconds.
  path: Assets/Simple city plain/Mesh/Materials/Window_frames.001.mat
  artifactKey: Guid(7e2b047f5d4d04d4c814296023d343bb) Importer(815301076,1909f56bfc062723c751e8b465ee728b)
Start importing Assets/Simple city plain/Mesh/Materials/Window_frames.001.mat using Guid(7e2b047f5d4d04d4c814296023d343bb) Importer(815301076,1909f56bfc062723c751e8b465ee728b)  -> (artifact id: '39ce0342237125d0d9ef469553254462') in 0.012755 seconds 
========================================================================
Received Import Request.
  Time since last request: 0.057081 seconds.
  path: Assets/Simple city plain/Mesh/Materials/window frames.mat
  artifactKey: Guid(8d5b9b46c80053d4e9a8958ef0a9644f) Importer(815301076,1909f56bfc062723c751e8b465ee728b)
Start importing Assets/Simple city plain/Mesh/Materials/window frames.mat using Guid(8d5b9b46c80053d4e9a8958ef0a9644f) Importer(815301076,1909f56bfc062723c751e8b465ee728b)  -> (artifact id: '04013b9f56f0aebb9fac8f98320259a4') in 0.014634 seconds 
========================================================================
Received Import Request.
  Time since last request: 0.609908 seconds.
  path: Assets/Simple city plain/Mesh/Materials/window 1.mat
  artifactKey: Guid(3957b3a6d124d6a42810bee87a947c7f) Importer(815301076,1909f56bfc062723c751e8b465ee728b)
Start importing Assets/Simple city plain/Mesh/Materials/window 1.mat using Guid(3957b3a6d124d6a42810bee87a947c7f) Importer(815301076,1909f56bfc062723c751e8b465ee728b)  -> (artifact id: '746cf5df421c568b5d5be04a26a2e5a2') in 0.011535 seconds 
========================================================================
Received Import Request.
  Time since last request: 0.243709 seconds.
  path: Assets/Simple city plain/Mesh/Materials/white.mat
  artifactKey: Guid(e99045f9a3caf054d94bfe3cb66f1ab1) Importer(815301076,1909f56bfc062723c751e8b465ee728b)
Start importing Assets/Simple city plain/Mesh/Materials/white.mat using Guid(e99045f9a3caf054d94bfe3cb66f1ab1) Importer(815301076,1909f56bfc062723c751e8b465ee728b)  -> (artifact id: '6f6ed6bc4c6dd2b60a71b59319dcb223') in 0.011999 seconds 
========================================================================
Received Import Request.
  Time since last request: 0.091081 seconds.
  path: Assets/Simple city plain/Mesh/Materials/Texture.mat
  artifactKey: Guid(d6f9ab40a57dac84b8d3ab60ec04c95a) Importer(815301076,1909f56bfc062723c751e8b465ee728b)
Start importing Assets/Simple city plain/Mesh/Materials/Texture.mat using Guid(d6f9ab40a57dac84b8d3ab60ec04c95a) Importer(815301076,1909f56bfc062723c751e8b465ee728b)  -> (artifact id: '12c57a6decb59eea46ec8a85741a98d2') in 0.011721 seconds 
========================================================================
Received Import Request.
  Time since last request: 0.899180 seconds.
  path: Assets/Simple city plain/Material & Texture/Material mesh/street 3.mat
  artifactKey: Guid(7e20040aa26e36443b2ae6d45e7b8ff6) Importer(815301076,1909f56bfc062723c751e8b465ee728b)
Start importing Assets/Simple city plain/Material & Texture/Material mesh/street 3.mat using Guid(7e20040aa26e36443b2ae6d45e7b8ff6) Importer(815301076,1909f56bfc062723c751e8b465ee728b)  -> (artifact id: 'e34e6c174bfbb2a1fb1ef391ca4cf127') in 0.013294 seconds 
========================================================================
Received Import Request.
  Time since last request: 0.605828 seconds.
  path: Assets/Simple city plain/Mesh/Materials/Stone_01.mat
  artifactKey: Guid(434cd880d0f09f84db923efeeca97c3a) Importer(815301076,1909f56bfc062723c751e8b465ee728b)
Start importing Assets/Simple city plain/Mesh/Materials/Stone_01.mat using Guid(434cd880d0f09f84db923efeeca97c3a) Importer(815301076,1909f56bfc062723c751e8b465ee728b)  -> (artifact id: 'd871296787c3b8a29d6210bf4bb1287c') in 0.013096 seconds 
========================================================================
Received Import Request.
  Time since last request: 0.240016 seconds.
  path: Assets/Simple city plain/Mesh/Materials/stairs.mat
  artifactKey: Guid(ddcb72a3c5c385a439a6a15e4c5da3d3) Importer(815301076,1909f56bfc062723c751e8b465ee728b)
Start importing Assets/Simple city plain/Mesh/Materials/stairs.mat using Guid(ddcb72a3c5c385a439a6a15e4c5da3d3) Importer(815301076,1909f56bfc062723c751e8b465ee728b)  -> (artifact id: 'ffc822c5d5992ba6f661ebe7f689912c') in 0.011129 seconds 
========================================================================
Received Import Request.
  Time since last request: 0.443942 seconds.
  path: Assets/Simple city plain/Material & Texture/Material mesh/SideWay.mat
  artifactKey: Guid(826ead3abf95f194996cb8156de6f671) Importer(815301076,1909f56bfc062723c751e8b465ee728b)
Start importing Assets/Simple city plain/Material & Texture/Material mesh/SideWay.mat using Guid(826ead3abf95f194996cb8156de6f671) Importer(815301076,1909f56bfc062723c751e8b465ee728b)  -> (artifact id: 'f2c19f2878ffbe33b210b8601219ae79') in 0.014445 seconds 
========================================================================
Received Import Request.
  Time since last request: 0.024823 seconds.
  path: Assets/Simple city plain/Material & Texture/Material mesh/shop b.mat
  artifactKey: Guid(d2ece15c27b1b3e42af178de8034e3be) Importer(815301076,1909f56bfc062723c751e8b465ee728b)
Start importing Assets/Simple city plain/Material & Texture/Material mesh/shop b.mat using Guid(d2ece15c27b1b3e42af178de8034e3be) Importer(815301076,1909f56bfc062723c751e8b465ee728b)  -> (artifact id: 'b021c1bb155d9cbe8bd9edac5954a785') in 0.014546 seconds 
========================================================================
Received Import Request.
  Time since last request: 0.875459 seconds.
  path: Assets/Simple city plain/Mesh/Materials/Roof_03.mat
  artifactKey: Guid(335cabc33d7146744a85dd7038555020) Importer(815301076,1909f56bfc062723c751e8b465ee728b)
Start importing Assets/Simple city plain/Mesh/Materials/Roof_03.mat using Guid(335cabc33d7146744a85dd7038555020) Importer(815301076,1909f56bfc062723c751e8b465ee728b)  -> (artifact id: '7dcd1acc5ed6e3059a2f3d747cdea115') in 0.012788 seconds 
========================================================================
Received Import Request.
  Time since last request: 0.088034 seconds.
  path: Assets/Simple city plain/Mesh/Materials/Roof_01.mat
  artifactKey: Guid(fb9a33807bb827f419820d2af5cd0a00) Importer(815301076,1909f56bfc062723c751e8b465ee728b)
Start importing Assets/Simple city plain/Mesh/Materials/Roof_01.mat using Guid(fb9a33807bb827f419820d2af5cd0a00) Importer(815301076,1909f56bfc062723c751e8b465ee728b)  -> (artifact id: '684ec7242e67a1d0d5608b53361fef80') in 0.011843 seconds 
========================================================================
Received Import Request.
  Time since last request: 0.477946 seconds.
  path: Assets/Simple city plain/Mesh/Materials/roof 2.mat
  artifactKey: Guid(3582e0537bca0c541b79828b6948f2b1) Importer(815301076,1909f56bfc062723c751e8b465ee728b)
Start importing Assets/Simple city plain/Mesh/Materials/roof 2.mat using Guid(3582e0537bca0c541b79828b6948f2b1) Importer(815301076,1909f56bfc062723c751e8b465ee728b)  -> (artifact id: 'f9503db3af3292ed73088d8359f6a890') in 0.011707 seconds 
========================================================================
Received Import Request.
  Time since last request: 0.020863 seconds.
  path: Assets/Simple city plain/Mesh/Materials/Roof.mat
  artifactKey: Guid(79f2a697b5690204b85c955149f00bfa) Importer(815301076,1909f56bfc062723c751e8b465ee728b)
Start importing Assets/Simple city plain/Mesh/Materials/Roof.mat using Guid(79f2a697b5690204b85c955149f00bfa) Importer(815301076,1909f56bfc062723c751e8b465ee728b)  -> (artifact id: '673d149845b8e2e04a50c787ef1b4809') in 0.014469 seconds 
========================================================================
Received Import Request.
  Time since last request: 0.054195 seconds.
  path: Assets/Simple city plain/Material & Texture/Material mesh/Pot_tree.mat
  artifactKey: Guid(3b40b8ee00299524ea7fc922043f7454) Importer(815301076,1909f56bfc062723c751e8b465ee728b)
Start importing Assets/Simple city plain/Material & Texture/Material mesh/Pot_tree.mat using Guid(3b40b8ee00299524ea7fc922043f7454) Importer(815301076,1909f56bfc062723c751e8b465ee728b)  -> (artifact id: 'a63cfa1376b81fcbdb1a35df498a1920') in 0.010092 seconds 
========================================================================
Received Import Request.
  Time since last request: 0.373114 seconds.
  path: Assets/Simple city plain/Mesh/Materials/Pole.mat
  artifactKey: Guid(6cc176fbb916ac646b18beefc434b783) Importer(815301076,1909f56bfc062723c751e8b465ee728b)
Start importing Assets/Simple city plain/Mesh/Materials/Pole.mat using Guid(6cc176fbb916ac646b18beefc434b783) Importer(815301076,1909f56bfc062723c751e8b465ee728b)  -> (artifact id: '5e6c4528d38bb0d05adb9829e5739de1') in 0.010014 seconds 
========================================================================
Received Import Request.
  Time since last request: 0.451091 seconds.
  path: Assets/Simple city plain/Mesh/Materials/parking meter texture.mat
  artifactKey: Guid(df96a5a4cf2b7a04bb715ccb918e6f18) Importer(815301076,1909f56bfc062723c751e8b465ee728b)
Start importing Assets/Simple city plain/Mesh/Materials/parking meter texture.mat using Guid(df96a5a4cf2b7a04bb715ccb918e6f18) Importer(815301076,1909f56bfc062723c751e8b465ee728b)  -> (artifact id: 'f9437f9a8fec5cd919db8a8259ef0e7c') in 0.011931 seconds 
========================================================================
Received Import Request.
  Time since last request: 0.032000 seconds.
  path: Assets/Simple city plain/Mesh/Materials/metal.mat
  artifactKey: Guid(d2a811d5f3026684b88bafadd4083f66) Importer(815301076,1909f56bfc062723c751e8b465ee728b)
Start importing Assets/Simple city plain/Mesh/Materials/metal.mat using Guid(d2a811d5f3026684b88bafadd4083f66) Importer(815301076,1909f56bfc062723c751e8b465ee728b)  -> (artifact id: 'ef93f454fb20e5ddaa3b508c7c586034') in 0.011168 seconds 
========================================================================
Received Import Request.
  Time since last request: 0.027018 seconds.
  path: Assets/Simple city plain/Mesh/Materials/light.mat
  artifactKey: Guid(509b72a92c6aa534e8072d99618a50f3) Importer(815301076,1909f56bfc062723c751e8b465ee728b)
Start importing Assets/Simple city plain/Mesh/Materials/light.mat using Guid(509b72a92c6aa534e8072d99618a50f3) Importer(815301076,1909f56bfc062723c751e8b465ee728b)  -> (artifact id: '151091ff562169d3530c48da67d7c05d') in 0.014513 seconds 
========================================================================
Received Import Request.
  Time since last request: 0.302970 seconds.
  path: Assets/Simple city plain/Mesh/Materials/Leaf.mat
  artifactKey: Guid(33b9bae44dfab954c8b49273a86a356a) Importer(815301076,1909f56bfc062723c751e8b465ee728b)
Start importing Assets/Simple city plain/Mesh/Materials/Leaf.mat using Guid(33b9bae44dfab954c8b49273a86a356a) Importer(815301076,1909f56bfc062723c751e8b465ee728b)  -> (artifact id: '5f13cc288a1500aca1cd92887ba79cf2') in 0.010548 seconds 
========================================================================
Received Import Request.
  Time since last request: 0.022238 seconds.
  path: Assets/Simple city plain/Material & Texture/Colors_buildings/k12.mat
  artifactKey: Guid(8d50894cec04b584c99d0e15c717bf2e) Importer(815301076,1909f56bfc062723c751e8b465ee728b)
Start importing Assets/Simple city plain/Material & Texture/Colors_buildings/k12.mat using Guid(8d50894cec04b584c99d0e15c717bf2e) Importer(815301076,1909f56bfc062723c751e8b465ee728b)  -> (artifact id: '42c1ad5900e7a038e4577a272349af1c') in 0.015653 seconds 
========================================================================
Received Import Request.
  Time since last request: 0.370457 seconds.
  path: Assets/Simple city plain/Material & Texture/Colors_buildings/K10.mat
  artifactKey: Guid(bdcbb625d2db6d344907f63d3439281d) Importer(815301076,1909f56bfc062723c751e8b465ee728b)
Start importing Assets/Simple city plain/Material & Texture/Colors_buildings/K10.mat using Guid(bdcbb625d2db6d344907f63d3439281d) Importer(815301076,1909f56bfc062723c751e8b465ee728b)  -> (artifact id: 'becf6e4d9100acd3001b2824059455c4') in 0.011844 seconds 
========================================================================
Received Import Request.
  Time since last request: 0.092499 seconds.
  path: Assets/Simple city plain/Material & Texture/Colors_buildings/K8.mat
  artifactKey: Guid(4a68a0cfc4d91c447b2fe408cb8e7dca) Importer(815301076,1909f56bfc062723c751e8b465ee728b)
Start importing Assets/Simple city plain/Material & Texture/Colors_buildings/K8.mat using Guid(4a68a0cfc4d91c447b2fe408cb8e7dca) Importer(815301076,1909f56bfc062723c751e8b465ee728b)  -> (artifact id: '5902bba209379063519d3c0d8806f7e4') in 0.010882 seconds 
========================================================================
Received Import Request.
  Time since last request: 0.313049 seconds.
  path: Assets/Simple city plain/Material & Texture/Colors_buildings/K6.mat
  artifactKey: Guid(ee406a0d2cd53e046b9c7bcfdcc189a7) Importer(815301076,1909f56bfc062723c751e8b465ee728b)
Start importing Assets/Simple city plain/Material & Texture/Colors_buildings/K6.mat using Guid(ee406a0d2cd53e046b9c7bcfdcc189a7) Importer(815301076,1909f56bfc062723c751e8b465ee728b)  -> (artifact id: 'c847c7c4f16721442104ffb2b4a08208') in 0.010585 seconds 
========================================================================
Received Import Request.
  Time since last request: 0.314218 seconds.
  path: Assets/Simple city plain/Material & Texture/Colors_buildings/K4.mat
  artifactKey: Guid(711bad159df31524ca17958a0c56fbf5) Importer(815301076,1909f56bfc062723c751e8b465ee728b)
Start importing Assets/Simple city plain/Material & Texture/Colors_buildings/K4.mat using Guid(711bad159df31524ca17958a0c56fbf5) Importer(815301076,1909f56bfc062723c751e8b465ee728b)  -> (artifact id: '81eb0e5d6d919c2cf9a98800bc2332cb') in 0.010308 seconds 
========================================================================
Received Import Request.
  Time since last request: 0.034660 seconds.
  path: Assets/Simple city plain/Material & Texture/Colors_buildings/K2.mat
  artifactKey: Guid(0b5ab4b8a0e43004ba5e294fbe6cf73a) Importer(815301076,1909f56bfc062723c751e8b465ee728b)
Start importing Assets/Simple city plain/Material & Texture/Colors_buildings/K2.mat using Guid(0b5ab4b8a0e43004ba5e294fbe6cf73a) Importer(815301076,1909f56bfc062723c751e8b465ee728b)  -> (artifact id: '9cc663cce04f2370da8207bf863debe5') in 0.011273 seconds 
========================================================================
Received Import Request.
  Time since last request: 0.300558 seconds.
  path: Assets/Simple city plain/Material & Texture/Colors_buildings/J3.mat
  artifactKey: Guid(5fd1fed63457bc14abea612957703653) Importer(815301076,1909f56bfc062723c751e8b465ee728b)
Start importing Assets/Simple city plain/Material & Texture/Colors_buildings/J3.mat using Guid(5fd1fed63457bc14abea612957703653) Importer(815301076,1909f56bfc062723c751e8b465ee728b)  -> (artifact id: 'e3bb70e6b99917cce85a009d5fcf86fa') in 0.011039 seconds 
========================================================================
Received Import Request.
  Time since last request: 0.038072 seconds.
  path: Assets/Simple city plain/Material & Texture/Colors_buildings/J1.mat
  artifactKey: Guid(8bf8e8eb3c4ec9c4e9f79488c39bff59) Importer(815301076,1909f56bfc062723c751e8b465ee728b)
Start importing Assets/Simple city plain/Material & Texture/Colors_buildings/J1.mat using Guid(8bf8e8eb3c4ec9c4e9f79488c39bff59) Importer(815301076,1909f56bfc062723c751e8b465ee728b)  -> (artifact id: '32127b68e969df507543a83d9f51d949') in 0.013615 seconds 
========================================================================
Received Import Request.
  Time since last request: 13.088283 seconds.
  path: Assets/Simple city plain/Material & Texture/Colors_buildings/A.mat
  artifactKey: Guid(3c98c150d6196ef419f666d71cf7d13f) Importer(815301076,1909f56bfc062723c751e8b465ee728b)
Start importing Assets/Simple city plain/Material & Texture/Colors_buildings/A.mat using Guid(3c98c150d6196ef419f666d71cf7d13f) Importer(815301076,1909f56bfc062723c751e8b465ee728b)  -> (artifact id: 'e1358a409301cb23cf2d988c169a95e1') in 0.015793 seconds 
========================================================================
Received Import Request.
  Time since last request: 0.000031 seconds.
  path: Assets/Simple city plain/Material & Texture/Colors_buildings/G3.mat
  artifactKey: Guid(ed6309fcf2465f8459ee0d575167c0ed) Importer(815301076,1909f56bfc062723c751e8b465ee728b)
Start importing Assets/Simple city plain/Material & Texture/Colors_buildings/G3.mat using Guid(ed6309fcf2465f8459ee0d575167c0ed) Importer(815301076,1909f56bfc062723c751e8b465ee728b)  -> (artifact id: '0c4412c623159f61d949671fbb8e6fa4') in 0.029931 seconds 
========================================================================
Received Import Request.
  Time since last request: 0.000048 seconds.
  path: Assets/Simple city plain/Material & Texture/Colors_buildings/C2.mat
  artifactKey: Guid(0510da7b3809d94478e8a6a4f562366e) Importer(815301076,1909f56bfc062723c751e8b465ee728b)
Start importing Assets/Simple city plain/Material & Texture/Colors_buildings/C2.mat using Guid(0510da7b3809d94478e8a6a4f562366e) Importer(815301076,1909f56bfc062723c751e8b465ee728b)  -> (artifact id: '2900afe5b785dd11b6404d9301ae2c3a') in 0.015170 seconds 
========================================================================
Received Import Request.
  Time since last request: 0.000021 seconds.
  path: Assets/Simple city plain/Material & Texture/Colors_buildings/I3.mat
  artifactKey: Guid(ce22e4b8667c6c4498256004a51def48) Importer(815301076,1909f56bfc062723c751e8b465ee728b)
Start importing Assets/Simple city plain/Material & Texture/Colors_buildings/I3.mat using Guid(ce22e4b8667c6c4498256004a51def48) Importer(815301076,1909f56bfc062723c751e8b465ee728b)  -> (artifact id: '5697dc6f437f84bd11f678d857c4bd55') in 0.026160 seconds 
========================================================================
Received Import Request.
  Time since last request: 0.000099 seconds.
  path: Assets/Simple city plain/Material & Texture/Colors_buildings/E3.mat
  artifactKey: Guid(4e806bb1fdee85a44aca49978bc274e7) Importer(815301076,1909f56bfc062723c751e8b465ee728b)
Start importing Assets/Simple city plain/Material & Texture/Colors_buildings/E3.mat using Guid(4e806bb1fdee85a44aca49978bc274e7) Importer(815301076,1909f56bfc062723c751e8b465ee728b)  -> (artifact id: 'cb1dac81415def68e71a626d456ffa65') in 0.019033 seconds 
========================================================================
Received Import Request.
  Time since last request: 0.000036 seconds.
  path: Assets/Simple city plain/Material & Texture/Colors_buildings/D2.mat
  artifactKey: Guid(527a2f1bf2a8e6b44a73711edbc69733) Importer(815301076,1909f56bfc062723c751e8b465ee728b)
Start importing Assets/Simple city plain/Material & Texture/Colors_buildings/D2.mat using Guid(527a2f1bf2a8e6b44a73711edbc69733) Importer(815301076,1909f56bfc062723c751e8b465ee728b)  -> (artifact id: 'a0dc766c993281a2a442f38adb0142d0') in 0.024273 seconds 
========================================================================
Received Import Request.
  Time since last request: 0.000033 seconds.
  path: Assets/Simple city plain/Material & Texture/Colors_buildings/D1.mat
  artifactKey: Guid(be3dd0dbeba4e0e44b4a036604ec5247) Importer(815301076,1909f56bfc062723c751e8b465ee728b)
Start importing Assets/Simple city plain/Material & Texture/Colors_buildings/D1.mat using Guid(be3dd0dbeba4e0e44b4a036604ec5247) Importer(815301076,1909f56bfc062723c751e8b465ee728b)  -> (artifact id: '9bb00af32d2a0e2cf1080d78a34017a0') in 0.019960 seconds 
========================================================================
Received Import Request.
  Time since last request: 0.000026 seconds.
  path: Assets/Simple city plain/Material & Texture/Colors_buildings/E2.mat
  artifactKey: Guid(04ea80a7b7a8f25419eec6649973eba0) Importer(815301076,1909f56bfc062723c751e8b465ee728b)
Start importing Assets/Simple city plain/Material & Texture/Colors_buildings/E2.mat using Guid(04ea80a7b7a8f25419eec6649973eba0) Importer(815301076,1909f56bfc062723c751e8b465ee728b)  -> (artifact id: 'ba78c5291998c9beb8a0e02d5fc73f16') in 0.021619 seconds 
========================================================================
Received Import Request.
  Time since last request: 0.000022 seconds.
  path: Assets/Simple city plain/Material & Texture/Colors_buildings/B2.mat
  artifactKey: Guid(792fa418de0281e4bab622f9a60c88b2) Importer(815301076,1909f56bfc062723c751e8b465ee728b)
Start importing Assets/Simple city plain/Material & Texture/Colors_buildings/B2.mat using Guid(792fa418de0281e4bab622f9a60c88b2) Importer(815301076,1909f56bfc062723c751e8b465ee728b)  -> (artifact id: '9618338795459855b4eff022f61c33e6') in 0.021590 seconds 
========================================================================
Received Import Request.
  Time since last request: 0.000027 seconds.
  path: Assets/Simple city plain/Material & Texture/Colors_buildings/G1.mat
  artifactKey: Guid(73daffab7784ec040ba2d4d7302527f8) Importer(815301076,1909f56bfc062723c751e8b465ee728b)
Start importing Assets/Simple city plain/Material & Texture/Colors_buildings/G1.mat using Guid(73daffab7784ec040ba2d4d7302527f8) Importer(815301076,1909f56bfc062723c751e8b465ee728b)  -> (artifact id: '47e214e2536008adaa96770c8bcc2b86') in 0.021760 seconds 
========================================================================
Received Import Request.
  Time since last request: 0.000028 seconds.
  path: Assets/Simple city plain/Material & Texture/Colors_buildings/B1.mat
  artifactKey: Guid(b1aa805cd8c03914ea529c0d11595111) Importer(815301076,1909f56bfc062723c751e8b465ee728b)
Start importing Assets/Simple city plain/Material & Texture/Colors_buildings/B1.mat using Guid(b1aa805cd8c03914ea529c0d11595111) Importer(815301076,1909f56bfc062723c751e8b465ee728b)  -> (artifact id: '245b794b44af41357426240d20fb838c') in 0.020365 seconds 
========================================================================
Received Import Request.
  Time since last request: 0.000021 seconds.
  path: Assets/Simple city plain/Material & Texture/Colors_buildings/C3.mat
  artifactKey: Guid(91155d9f14bc7c24885accb7c3b9025f) Importer(815301076,1909f56bfc062723c751e8b465ee728b)
Start importing Assets/Simple city plain/Material & Texture/Colors_buildings/C3.mat using Guid(91155d9f14bc7c24885accb7c3b9025f) Importer(815301076,1909f56bfc062723c751e8b465ee728b)  -> (artifact id: '6d7014f42693c3ed386a633be163315f') in 0.018049 seconds 
========================================================================
Received Import Request.
  Time since last request: 0.000031 seconds.
  path: Assets/Simple city plain/Material & Texture/Colors_buildings/I1.mat
  artifactKey: Guid(09bb7389d12b7fe4cb01b4d2afb6b0a7) Importer(815301076,1909f56bfc062723c751e8b465ee728b)
Start importing Assets/Simple city plain/Material & Texture/Colors_buildings/I1.mat using Guid(09bb7389d12b7fe4cb01b4d2afb6b0a7) Importer(815301076,1909f56bfc062723c751e8b465ee728b)  -> (artifact id: 'f0f2b5674b2c574b604154b2e2acf36f') in 0.019382 seconds 
========================================================================
Received Import Request.
  Time since last request: 0.000038 seconds.
  path: Assets/Simple city plain/Material & Texture/Colors_buildings/G2.mat
  artifactKey: Guid(8a92d92c33dbd87489558551e9ce75ce) Importer(815301076,1909f56bfc062723c751e8b465ee728b)
Start importing Assets/Simple city plain/Material & Texture/Colors_buildings/G2.mat using Guid(8a92d92c33dbd87489558551e9ce75ce) Importer(815301076,1909f56bfc062723c751e8b465ee728b)  -> (artifact id: '8e2bcbfc0a8a684285f0d8fd9b72c401') in 0.021038 seconds 
========================================================================
Received Import Request.
  Time since last request: 341.944366 seconds.
  path: Assets/Simple city plain/Material & Texture/Material mesh/Bench texture.png
  artifactKey: Guid(9a4a04b84933213428ed33e0c31813b7) Importer(815301076,1909f56bfc062723c751e8b465ee728b)
Start importing Assets/Simple city plain/Material & Texture/Material mesh/Bench texture.png using Guid(9a4a04b84933213428ed33e0c31813b7) Importer(815301076,1909f56bfc062723c751e8b465ee728b)  -> (artifact id: '1b3dc96e718c8c7165e25ef9d8ba1aa9') in 0.037210 seconds 
========================================================================
Received Import Request.
  Time since last request: 0.000113 seconds.
  path: Packages/com.unity.textmeshpro/Editor Resources/Textures/btn_AlignBaseLine_Light.psd
  artifactKey: Guid(18775b51e3bd42299fd30bd036ea982f) Importer(815301076,1909f56bfc062723c751e8b465ee728b)
Start importing Packages/com.unity.textmeshpro/Editor Resources/Textures/btn_AlignBaseLine_Light.psd using Guid(18775b51e3bd42299fd30bd036ea982f) Importer(815301076,1909f56bfc062723c751e8b465ee728b)  -> (artifact id: '42cfc1279a46fbaf1919953bf728d691') in 0.029537 seconds 
========================================================================
Received Import Request.
  Time since last request: 0.000036 seconds.
  path: Packages/com.unity.textmeshpro/Editor Resources/Textures/btn_AlignBottom_Light.psd
  artifactKey: Guid(585b70cb75dd43efbfead809c30a1731) Importer(815301076,1909f56bfc062723c751e8b465ee728b)
Start importing Packages/com.unity.textmeshpro/Editor Resources/Textures/btn_AlignBottom_Light.psd using Guid(585b70cb75dd43efbfead809c30a1731) Importer(815301076,1909f56bfc062723c751e8b465ee728b)  -> (artifact id: '4236eaaea3dbcc2795706b84fd959930') in 0.024943 seconds 
========================================================================
Received Import Request.
  Time since last request: 0.000035 seconds.
  path: Packages/com.unity.textmeshpro/Editor Resources/Textures/btn_AlignBaseLine.psd
  artifactKey: Guid(8bc445bb79654bf496c92d0407840a92) Importer(815301076,1909f56bfc062723c751e8b465ee728b)
Start importing Packages/com.unity.textmeshpro/Editor Resources/Textures/btn_AlignBaseLine.psd using Guid(8bc445bb79654bf496c92d0407840a92) Importer(815301076,1909f56bfc062723c751e8b465ee728b)  -> (artifact id: 'aa8201d79be9fc423d6f7f3d6d815a96') in 0.022857 seconds 
========================================================================
Received Import Request.
  Time since last request: 1.123874 seconds.
  path: Packages/com.unity.textmeshpro/Editor Resources/Textures/btn_AlignCenter.psd
  artifactKey: Guid(81ed8c76d2bc4a4c95d092c98af4e58f) Importer(815301076,1909f56bfc062723c751e8b465ee728b)
Start importing Packages/com.unity.textmeshpro/Editor Resources/Textures/btn_AlignCenter.psd using Guid(81ed8c76d2bc4a4c95d092c98af4e58f) Importer(815301076,1909f56bfc062723c751e8b465ee728b)  -> (artifact id: 'aede8093aac20b33f19bb27205017204') in 0.016153 seconds 
========================================================================
Received Import Request.
  Time since last request: 0.224883 seconds.
  path: Packages/com.unity.textmeshpro/Editor Resources/Textures/btn_AlignCenterGeo.psd
  artifactKey: Guid(c76700ea0062413d9f69409b4e9e151b) Importer(815301076,1909f56bfc062723c751e8b465ee728b)
Start importing Packages/com.unity.textmeshpro/Editor Resources/Textures/btn_AlignCenterGeo.psd using Guid(c76700ea0062413d9f69409b4e9e151b) Importer(815301076,1909f56bfc062723c751e8b465ee728b)  -> (artifact id: 'd17bb311e1048bbab1128cbcad5ba461') in 0.015840 seconds 
========================================================================
Received Import Request.
  Time since last request: 1.694693 seconds.
  path: Packages/com.unity.textmeshpro/Editor Resources/Textures/btn_AlignFlush.psd
  artifactKey: Guid(691475c57a824010be0c6f474caeb7e1) Importer(815301076,1909f56bfc062723c751e8b465ee728b)
Start importing Packages/com.unity.textmeshpro/Editor Resources/Textures/btn_AlignFlush.psd using Guid(691475c57a824010be0c6f474caeb7e1) Importer(815301076,1909f56bfc062723c751e8b465ee728b)  -> (artifact id: '75fe30df852767926f8b3227b2e5b618') in 0.016504 seconds 
========================================================================
Received Import Request.
  Time since last request: 0.000022 seconds.
  path: Packages/com.unity.collab-proxy/Editor/PlasticSCM/Assets/Images/d_buttonssosigninemail.png
  artifactKey: Guid(3086d66a563317b40a20a20da2c64ac0) Importer(815301076,1909f56bfc062723c751e8b465ee728b)
Start importing Packages/com.unity.collab-proxy/Editor/PlasticSCM/Assets/Images/d_buttonssosigninemail.png using Guid(3086d66a563317b40a20a20da2c64ac0) Importer(815301076,1909f56bfc062723c751e8b465ee728b)  -> (artifact id: '13c269237f2279efaec537d961e3e9ae') in 0.036652 seconds 
========================================================================
Received Import Request.
  Time since last request: 0.000041 seconds.
  path: Packages/com.unity.textmeshpro/Editor Resources/Textures/btn_AlignJustified.psd
  artifactKey: Guid(92027f7f8cfc4feaa477da0dc38d3d46) Importer(815301076,1909f56bfc062723c751e8b465ee728b)
Start importing Packages/com.unity.textmeshpro/Editor Resources/Textures/btn_AlignJustified.psd using Guid(92027f7f8cfc4feaa477da0dc38d3d46) Importer(815301076,1909f56bfc062723c751e8b465ee728b)  -> (artifact id: '88eab5b378584069bfa2518cd079c6d9') in 0.022193 seconds 
========================================================================
Received Import Request.
  Time since last request: 0.000023 seconds.
  path: Packages/com.unity.collab-proxy/Editor/PlasticSCM/Assets/Images/buttonssosigninemail@2x.png
  artifactKey: Guid(ddf2e76e8a1f88f46ae1e42277850b48) Importer(815301076,1909f56bfc062723c751e8b465ee728b)
Start importing Packages/com.unity.collab-proxy/Editor/PlasticSCM/Assets/Images/buttonssosigninemail@2x.png using Guid(ddf2e76e8a1f88f46ae1e42277850b48) Importer(815301076,1909f56bfc062723c751e8b465ee728b)  -> (artifact id: '82d5994b4deefa3bbd7ab2985595f882') in 0.038323 seconds 
========================================================================
Received Import Request.
  Time since last request: 0.764766 seconds.
  path: Packages/com.unity.collab-proxy/Editor/PlasticSCM/Assets/Images/d_buttonssosigninemail@2x.png
  artifactKey: Guid(144aa74618b85974a9a50f612c2fa8fd) Importer(815301076,1909f56bfc062723c751e8b465ee728b)
Start importing Packages/com.unity.collab-proxy/Editor/PlasticSCM/Assets/Images/d_buttonssosigninemail@2x.png using Guid(144aa74618b85974a9a50f612c2fa8fd) Importer(815301076,1909f56bfc062723c751e8b465ee728b)  -> (artifact id: '240c5ad99a9ed214bdba6377fa547014') in 0.021764 seconds 
========================================================================
Received Import Request.
  Time since last request: 5.919523 seconds.
  path: Packages/com.unity.textmeshpro/Editor Resources/Textures/btn_AlignLeft.psd
  artifactKey: Guid(9288066c33474b94b6ee5465f4df1cc0) Importer(815301076,1909f56bfc062723c751e8b465ee728b)
Start importing Packages/com.unity.textmeshpro/Editor Resources/Textures/btn_AlignLeft.psd using Guid(9288066c33474b94b6ee5465f4df1cc0) Importer(815301076,1909f56bfc062723c751e8b465ee728b)  -> (artifact id: '5baf3df44971ee5afeacf7ed816872d4') in 0.027840 seconds 
========================================================================
Received Import Request.
  Time since last request: 0.046365 seconds.
  path: Packages/com.unity.textmeshpro/Editor Resources/Textures/btn_AlignMiddle.psd
  artifactKey: Guid(41b96614b2e6494ba995ddcd252d11ae) Importer(815301076,1909f56bfc062723c751e8b465ee728b)
Start importing Packages/com.unity.textmeshpro/Editor Resources/Textures/btn_AlignMiddle.psd using Guid(41b96614b2e6494ba995ddcd252d11ae) Importer(815301076,1909f56bfc062723c751e8b465ee728b)  -> (artifact id: 'bb7640d555c2a0ba83e0b6c3222d3197') in 0.018742 seconds 
========================================================================
Received Import Request.
  Time since last request: 0.000029 seconds.
  path: Packages/com.unity.textmeshpro/Editor Resources/Textures/btn_AlignMidLine.psd
  artifactKey: Guid(c2f7f6a88b4c4f20a53deb72f3d9144c) Importer(815301076,1909f56bfc062723c751e8b465ee728b)
Start importing Packages/com.unity.textmeshpro/Editor Resources/Textures/btn_AlignMidLine.psd using Guid(c2f7f6a88b4c4f20a53deb72f3d9144c) Importer(815301076,1909f56bfc062723c751e8b465ee728b)  -> (artifact id: '4e609720ea0587dc2307dc23bb2ed8c1') in 0.026009 seconds 
========================================================================
Received Import Request.
  Time since last request: 0.204894 seconds.
  path: Packages/com.unity.textmeshpro/Editor Resources/Textures/btn_AlignRight.psd
  artifactKey: Guid(342a0f8aca7f4f0691338912faec0494) Importer(815301076,1909f56bfc062723c751e8b465ee728b)
Start importing Packages/com.unity.textmeshpro/Editor Resources/Textures/btn_AlignRight.psd using Guid(342a0f8aca7f4f0691338912faec0494) Importer(815301076,1909f56bfc062723c751e8b465ee728b)  -> (artifact id: '612ee554d8d56aec0672e3facb773a7e') in 0.019892 seconds 
========================================================================
Received Import Request.
  Time since last request: 0.000029 seconds.
  path: Packages/com.unity.textmeshpro/Editor Resources/Textures/btn_AlignTop.psd
  artifactKey: Guid(48d034c499ee4697af9dd6e327110249) Importer(815301076,1909f56bfc062723c751e8b465ee728b)
Start importing Packages/com.unity.textmeshpro/Editor Resources/Textures/btn_AlignTop.psd using Guid(48d034c499ee4697af9dd6e327110249) Importer(815301076,1909f56bfc062723c751e8b465ee728b)  -> (artifact id: '69ac413dd7cf2da7ea3f4cc05686200f') in 0.022159 seconds 
========================================================================
Received Import Request.
  Time since last request: 0.281982 seconds.
  path: Packages/com.unity.testtools.codecoverage/Editor/Icons/CodeCoverage.png
  artifactKey: Guid(5e4d1277a09266944b3431a0a44d0862) Importer(815301076,1909f56bfc062723c751e8b465ee728b)
Start importing Packages/com.unity.testtools.codecoverage/Editor/Icons/CodeCoverage.png using Guid(5e4d1277a09266944b3431a0a44d0862) Importer(815301076,1909f56bfc062723c751e8b465ee728b)  -> (artifact id: '30c2e005dfb258548173370375d60645') in 0.011851 seconds 
========================================================================
Received Import Request.
  Time since last request: 0.021449 seconds.
  path: Assets/Simple city plain/Material & Texture/Material mesh/coke_machine_texture.png
  artifactKey: Guid(1936ed2defc3a7f4b906965a34d00aaf) Importer(815301076,1909f56bfc062723c751e8b465ee728b)
Start importing Assets/Simple city plain/Material & Texture/Material mesh/coke_machine_texture.png using Guid(1936ed2defc3a7f4b906965a34d00aaf) Importer(815301076,1909f56bfc062723c751e8b465ee728b)  -> (artifact id: '9d333bf0a10cf6042dfcb356a60ce90e') in 0.018745 seconds 
========================================================================
Received Import Request.
  Time since last request: 0.302266 seconds.
  path: Packages/com.unity.collab-proxy/Editor/PlasticSCM/Assets/Images/d_cloudbuhoshe.png
  artifactKey: Guid(dae33700bd23f76409a80bf78fdb8a42) Importer(815301076,1909f56bfc062723c751e8b465ee728b)
Start importing Packages/com.unity.collab-proxy/Editor/PlasticSCM/Assets/Images/d_cloudbuhoshe.png using Guid(dae33700bd23f76409a80bf78fdb8a42) Importer(815301076,1909f56bfc062723c751e8b465ee728b)  -> (artifact id: 'f5693136bf9be4f46b414ae9715b3116') in 0.028346 seconds 
========================================================================
Received Import Request.
  Time since last request: 0.000031 seconds.
  path: Packages/com.unity.collab-proxy/Editor/PlasticSCM/Assets/Images/d_cloudbuhoshechristmas.png
  artifactKey: Guid(9c0d6ec706e01ce448aea81584af092b) Importer(815301076,1909f56bfc062723c751e8b465ee728b)
Start importing Packages/com.unity.collab-proxy/Editor/PlasticSCM/Assets/Images/d_cloudbuhoshechristmas.png using Guid(9c0d6ec706e01ce448aea81584af092b) Importer(815301076,1909f56bfc062723c751e8b465ee728b)  -> (artifact id: 'b62e8368a3c3fde9488ee256b849891e') in 0.036703 seconds 
========================================================================
Received Import Request.
  Time since last request: 0.169108 seconds.
  path: Packages/com.unity.testtools.codecoverage/Editor/Icons/d_CodeCoverage@2x.png
  artifactKey: Guid(8616c9d86a8504a4b8b5c65bb6a5644f) Importer(815301076,1909f56bfc062723c751e8b465ee728b)
Start importing Packages/com.unity.testtools.codecoverage/Editor/Icons/d_CodeCoverage@2x.png using Guid(8616c9d86a8504a4b8b5c65bb6a5644f) Importer(815301076,1909f56bfc062723c751e8b465ee728b)  -> (artifact id: '437d24e628206092099c06a3d84319fa') in 0.020020 seconds 
========================================================================
Received Import Request.
  Time since last request: 0.046482 seconds.
  path: Packages/com.unity.collab-proxy/Editor/PlasticSCM/Assets/Images/d_colorbuhochristmas.png
  artifactKey: Guid(fd098fb4cf57bad419701c802e442b7e) Importer(815301076,1909f56bfc062723c751e8b465ee728b)
Start importing Packages/com.unity.collab-proxy/Editor/PlasticSCM/Assets/Images/d_colorbuhochristmas.png using Guid(fd098fb4cf57bad419701c802e442b7e) Importer(815301076,1909f56bfc062723c751e8b465ee728b)  -> (artifact id: '7d7e24cf0970573175638c8a7633bfbf') in 0.026353 seconds 
========================================================================
Received Import Request.
  Time since last request: 0.273768 seconds.
  path: Packages/com.unity.collab-proxy/Editor/PlasticSCM/Assets/Images/d_colorbuhoshechristmas.png
  artifactKey: Guid(ec03f79379868c642b48ae5ddc821b6d) Importer(815301076,1909f56bfc062723c751e8b465ee728b)
Start importing Packages/com.unity.collab-proxy/Editor/PlasticSCM/Assets/Images/d_colorbuhoshechristmas.png using Guid(ec03f79379868c642b48ae5ddc821b6d) Importer(815301076,1909f56bfc062723c751e8b465ee728b)  -> (artifact id: '3fdeba6a3414328cbfbff202e949e4b7') in 0.029176 seconds 
========================================================================
Received Import Request.
  Time since last request: 0.000029 seconds.
  path: Packages/com.unity.collab-proxy/Editor/PlasticSCM/Assets/Images/d_expertbuhochristmas.png
  artifactKey: Guid(c887ed2a931c29040bc544cd8c546e9f) Importer(815301076,1909f56bfc062723c751e8b465ee728b)
Start importing Packages/com.unity.collab-proxy/Editor/PlasticSCM/Assets/Images/d_expertbuhochristmas.png using Guid(c887ed2a931c29040bc544cd8c546e9f) Importer(815301076,1909f56bfc062723c751e8b465ee728b)  -> (artifact id: 'd67d4055c2228b7ecf959f354cb9a9a0') in 0.034397 seconds 
========================================================================
Received Import Request.
  Time since last request: 0.000133 seconds.
  path: Packages/com.unity.testtools.codecoverage/Editor/Icons/d_FolderOpened.png
  artifactKey: Guid(663a080499383ea4e9297061febf5ef7) Importer(815301076,1909f56bfc062723c751e8b465ee728b)
Start importing Packages/com.unity.testtools.codecoverage/Editor/Icons/d_FolderOpened.png using Guid(663a080499383ea4e9297061febf5ef7) Importer(815301076,1909f56bfc062723c751e8b465ee728b)  -> (artifact id: '7398810c76364cbecd742f6626905bdf') in 0.016565 seconds 
========================================================================
Received Import Request.
  Time since last request: 778.196413 seconds.
  path: Assets/Simple city plain/Prefabs/Sideway Prefab.prefab
  artifactKey: Guid(a9da80f587bbf9046aefc4a4cfb8a7fc) Importer(815301076,1909f56bfc062723c751e8b465ee728b)
Start importing Assets/Simple city plain/Prefabs/Sideway Prefab.prefab using Guid(a9da80f587bbf9046aefc4a4cfb8a7fc) Importer(815301076,1909f56bfc062723c751e8b465ee728b)  -> (artifact id: '8387cdaf6b9664ba88fa8ed04165ab8f') in 0.012454 seconds 
========================================================================
Received Import Request.
  Time since last request: 5222.139977 seconds.
  path: Assets/Simple city plain/Prefabs/Double mega trotyar.prefab
  artifactKey: Guid(6b1f953449ff828418adf7ab19bdd28a) Importer(815301076,1909f56bfc062723c751e8b465ee728b)
Start importing Assets/Simple city plain/Prefabs/Double mega trotyar.prefab using Guid(6b1f953449ff828418adf7ab19bdd28a) Importer(815301076,1909f56bfc062723c751e8b465ee728b)  -> (artifact id: '5e26a175d54c9ee40b2b8d3916913f61') in 0.059208 seconds 
========================================================================
Received Import Request.
  Time since last request: 54.604017 seconds.
  path: Assets/Simple city plain/Prefabs/Double mega trotyar 1.prefab
  artifactKey: Guid(58793577562e9844cb12b7a23bca00a7) Importer(815301076,1909f56bfc062723c751e8b465ee728b)
Start importing Assets/Simple city plain/Prefabs/Double mega trotyar 1.prefab using Guid(58793577562e9844cb12b7a23bca00a7) Importer(815301076,1909f56bfc062723c751e8b465ee728b)  -> (artifact id: '423ef1cab250378b512e3e4eae0af5fe') in 0.044427 seconds 
========================================================================
Received Import Request.
  Time since last request: 120.917813 seconds.
  path: Assets/Simple city plain/Prefabs/Double maga trotyar XL.prefab
  artifactKey: Guid(5ea2fb4966846b146bb49e1b1beaceb8) Importer(815301076,1909f56bfc062723c751e8b465ee728b)
Start importing Assets/Simple city plain/Prefabs/Double maga trotyar XL.prefab using Guid(5ea2fb4966846b146bb49e1b1beaceb8) Importer(815301076,1909f56bfc062723c751e8b465ee728b)  -> (artifact id: '7bdebccd2247b6cfebdc231572b44caa') in 0.050248 seconds 
========================================================================
Received Import Request.
  Time since last request: 118.887682 seconds.
  path: Assets/Simple city plain/Prefabs/Street 3 Prefab.prefab
  artifactKey: Guid(2224b63330275e5478ef024b2913f937) Importer(815301076,1909f56bfc062723c751e8b465ee728b)
Start importing Assets/Simple city plain/Prefabs/Street 3 Prefab.prefab using Guid(2224b63330275e5478ef024b2913f937) Importer(815301076,1909f56bfc062723c751e8b465ee728b)  -> (artifact id: '040a1a6f444ad1390581721d9b536270') in 0.022429 seconds 
========================================================================
Received Import Request.
  Time since last request: 60.483647 seconds.
  path: Assets/Simple city plain/Prefabs/Street 3 Prefab (1).prefab
  artifactKey: Guid(0f0dfef95772b2f4a8d498af52fa2e81) Importer(815301076,1909f56bfc062723c751e8b465ee728b)
Start importing Assets/Simple city plain/Prefabs/Street 3 Prefab (1).prefab using Guid(0f0dfef95772b2f4a8d498af52fa2e81) Importer(815301076,1909f56bfc062723c751e8b465ee728b)  -> (artifact id: 'b7e3211c39b57676c686d266452baab1') in 0.025295 seconds 
========================================================================
Received Import Request.
  Time since last request: 270.093821 seconds.
  path: Assets/Simple city plain/Prefabs/Ultra road.prefab
  artifactKey: Guid(71ac4e0db1d4c4246999c1418a5ec4d7) Importer(815301076,1909f56bfc062723c751e8b465ee728b)
Start importing Assets/Simple city plain/Prefabs/Ultra road.prefab using Guid(71ac4e0db1d4c4246999c1418a5ec4d7) Importer(815301076,1909f56bfc062723c751e8b465ee728b)  -> (artifact id: 'd1cdcbf94e6beb9e3fd00f0be6b5212f') in 0.031827 seconds 
========================================================================
Received Import Request.
  Time since last request: 469.937770 seconds.
  path: Assets/Simple city plain/Prefabs/Triple mega trotyar.prefab
  artifactKey: Guid(a43455fd3d42ccb4abc2d63f20d78fac) Importer(815301076,1909f56bfc062723c751e8b465ee728b)
Start importing Assets/Simple city plain/Prefabs/Triple mega trotyar.prefab using Guid(a43455fd3d42ccb4abc2d63f20d78fac) Importer(815301076,1909f56bfc062723c751e8b465ee728b)  -> (artifact id: '932d3beaf0324418e49e975d1d90e2ea') in 0.044733 seconds 
========================================================================
Received Import Request.
  Time since last request: 710.235895 seconds.
  path: Assets/Simple city plain/Prefabs/Mega Baton.prefab
  artifactKey: Guid(6b99f8c6f6a8e43499fa1fa2487cbd20) Importer(815301076,1909f56bfc062723c751e8b465ee728b)
Start importing Assets/Simple city plain/Prefabs/Mega Baton.prefab using Guid(6b99f8c6f6a8e43499fa1fa2487cbd20) Importer(815301076,1909f56bfc062723c751e8b465ee728b)  -> (artifact id: '8a06f6fd5ae3616edc4566d02382dc0a') in 0.014123 seconds 
========================================================================
Received Import Request.
  Time since last request: 63.699578 seconds.
  path: Assets/Simple city plain/Prefabs/Mega baton.prefab
  artifactKey: Guid(6b99f8c6f6a8e43499fa1fa2487cbd20) Importer(815301076,1909f56bfc062723c751e8b465ee728b)
Start importing Assets/Simple city plain/Prefabs/Mega baton.prefab using Guid(6b99f8c6f6a8e43499fa1fa2487cbd20) Importer(815301076,1909f56bfc062723c751e8b465ee728b)  -> (artifact id: 'c1e0a79ad686a42fede8fe8807cb3ec5') in 0.022695 seconds 
========================================================================
Received Import Request.
  Time since last request: 832.670990 seconds.
  path: Assets/Simple city plain/Prefabs/Shop_B_prefab.prefab
  artifactKey: Guid(9a52ba64c3a0abf49ad9515917ade04b) Importer(815301076,1909f56bfc062723c751e8b465ee728b)
Start importing Assets/Simple city plain/Prefabs/Shop_B_prefab.prefab using Guid(9a52ba64c3a0abf49ad9515917ade04b) Importer(815301076,1909f56bfc062723c751e8b465ee728b)  -> (artifact id: '45f4427fa0ca9c91d44cf767dbfccd20') in 0.052718 seconds 
