Using pre-set license
Built from '2021.3/staging' branch; Version is '2021.3.18f1 (3129e69bc0c7) revision 3221990'; Using compiler version '192829333'; Build Type 'Release'
OS: 'Windows 10  (10.0.19044) 64bit Core' Language: 'ru' Physical Memory: 8029 MB
BatchMode: 1, IsHumanControllingUs: 0, StartBugReporterOnCrash: 0, Is64bit: 1, IsPro: 1

COMMAND LINE ARGUMENTS:
C:\Program Files\Unity\Hub\Editor\2021.3.18f1\Editor\Unity.exe
-adb2
-batchMode
-noUpm
-name
AssetImportWorker1
-projectPath
C:/Users/topgg/My project (2)
-logFile
Logs/AssetImportWorker1.log
-srvPort
53479
Successfully changed project path to: C:/Users/topgg/My project (2)
C:/Users/topgg/My project (2)
[UnityMemory] Configuration Parameters - Can be set up in boot.config
    "memorysetup-bucket-allocator-granularity=16"
    "memorysetup-bucket-allocator-bucket-count=8"
    "memorysetup-bucket-allocator-block-size=33554432"
    "memorysetup-bucket-allocator-block-count=8"
    "memorysetup-main-allocator-block-size=16777216"
    "memorysetup-thread-allocator-block-size=16777216"
    "memorysetup-gfx-main-allocator-block-size=16777216"
    "memorysetup-gfx-thread-allocator-block-size=16777216"
    "memorysetup-cache-allocator-block-size=4194304"
    "memorysetup-typetree-allocator-block-size=2097152"
    "memorysetup-profiler-bucket-allocator-granularity=16"
    "memorysetup-profiler-bucket-allocator-bucket-count=8"
    "memorysetup-profiler-bucket-allocator-block-size=33554432"
    "memorysetup-profiler-bucket-allocator-block-count=8"
    "memorysetup-profiler-allocator-block-size=16777216"
    "memorysetup-profiler-editor-allocator-block-size=1048576"
    "memorysetup-temp-allocator-size-main=16777216"
    "memorysetup-job-temp-allocator-block-size=2097152"
    "memorysetup-job-temp-allocator-block-size-background=1048576"
    "memorysetup-job-temp-allocator-reduction-small-platforms=262144"
    "memorysetup-temp-allocator-size-background-worker=32768"
    "memorysetup-temp-allocator-size-job-worker=262144"
    "memorysetup-temp-allocator-size-preload-manager=33554432"
    "memorysetup-temp-allocator-size-nav-mesh-worker=65536"
    "memorysetup-temp-allocator-size-audio-worker=65536"
    "memorysetup-temp-allocator-size-cloud-worker=32768"
    "memorysetup-temp-allocator-size-gi-baking-worker=262144"
    "memorysetup-temp-allocator-size-gfx=262144"
Player connection [15324] Host "[IP] 192.168.1.104 [Port] 0 [Flags] 2 [Guid] 208511112 [EditorId] 208511112 [Version] 1048832 [Id] WindowsEditor(7,DESKTOP-57PEG5T) [Debug] 1 [PackageName] WindowsEditor [ProjectName] Editor" joined multi-casting on [225.0.0.222:54997]...

Player connection [15324] Host "[IP] 192.168.1.104 [Port] 0 [Flags] 2 [Guid] 208511112 [EditorId] 208511112 [Version] 1048832 [Id] WindowsEditor(7,DESKTOP-57PEG5T) [Debug] 1 [PackageName] WindowsEditor [ProjectName] Editor" joined alternative multi-casting on [225.0.0.222:34997]...

Refreshing native plugins compatible for Editor in 83.05 ms, found 3 plugins.
Preloading 0 native plugins for Editor in 0.00 ms.
Initialize engine version: 2021.3.18f1 (3129e69bc0c7)
[Subsystems] Discovering subsystems at path C:/Program Files/Unity/Hub/Editor/2021.3.18f1/Editor/Data/Resources/UnitySubsystems
[Subsystems] Discovering subsystems at path C:/Users/topgg/My project (2)/Assets
GfxDevice: creating device client; threaded=0; jobified=0
Direct3D:
    Version:  Direct3D 11.0 [level 11.1]
    Renderer: NVIDIA GeForce GTX 1650 (ID=0x1f99)
    Vendor:   NVIDIA
    VRAM:     3949 MB
    Driver:   31.0.15.2802
Initialize mono
Mono path[0] = 'C:/Program Files/Unity/Hub/Editor/2021.3.18f1/Editor/Data/Managed'
Mono path[1] = 'C:/Program Files/Unity/Hub/Editor/2021.3.18f1/Editor/Data/MonoBleedingEdge/lib/mono/unityjit-win32'
Mono config path = 'C:/Program Files/Unity/Hub/Editor/2021.3.18f1/Editor/Data/MonoBleedingEdge/etc'
Using monoOptions --debugger-agent=transport=dt_socket,embedding=1,server=y,suspend=n,address=127.0.0.1:56368
Begin MonoManager ReloadAssembly
Registering precompiled unity dll's ...
Register platform support module: C:/Program Files/Unity/Hub/Editor/2021.3.18f1/Editor/Data/PlaybackEngines/WebGLSupport/UnityEditor.WebGL.Extensions.dll
Register platform support module: C:/Program Files/Unity/Hub/Editor/2021.3.18f1/Editor/Data/PlaybackEngines/WindowsStandaloneSupport/UnityEditor.WindowsStandalone.Extensions.dll
Registered in 0.007541 seconds.
Native extension for WindowsStandalone target not found
Native extension for WebGL target not found
Refreshing native plugins compatible for Editor in 76.94 ms, found 3 plugins.
Preloading 0 native plugins for Editor in 0.00 ms.
Mono: successfully reloaded assembly
- Completed reload, in  0.633 seconds
Domain Reload Profiling:
	ReloadAssembly (633ms)
		BeginReloadAssembly (73ms)
			ExecutionOrderSort (0ms)
			DisableScriptedObjects (0ms)
			BackupInstance (0ms)
			ReleaseScriptingObjects (0ms)
			CreateAndSetChildDomain (1ms)
		EndReloadAssembly (450ms)
			LoadAssemblies (71ms)
			RebuildTransferFunctionScriptingTraits (0ms)
			SetupTypeCache (103ms)
			ReleaseScriptCaches (0ms)
			RebuildScriptCaches (26ms)
			SetupLoadedEditorAssemblies (272ms)
				LogAssemblyErrors (0ms)
				InitializePlatformSupportModulesInManaged (9ms)
				SetLoadedEditorAssemblies (0ms)
				RefreshPlugins (77ms)
				BeforeProcessingInitializeOnLoad (1ms)
				ProcessInitializeOnLoadAttributes (136ms)
				ProcessInitializeOnLoadMethodAttributes (49ms)
				AfterProcessingInitializeOnLoad (0ms)
				EditorAssembliesLoaded (0ms)
			ExecutionOrderSort2 (0ms)
			AwakeInstancesAfterBackupRestoration (0ms)
Platform modules already initialized, skipping
Registering precompiled user dll's ...
Registered in 0.004509 seconds.
Begin MonoManager ReloadAssembly
Symbol file LoadedFromMemory doesn't match image C:\Users\topgg\My project (2)\Library\PackageCache\com.unity.visualscripting@1.8.0\Editor\VisualScripting.Core\Dependencies\YamlDotNet\Unity.VisualScripting.YamlDotNet.dll
Symbol file LoadedFromMemory doesn't match image C:\Users\topgg\My project (2)\Library\PackageCache\com.unity.visualscripting@1.8.0\Editor\VisualScripting.Core\Dependencies\DotNetZip\Unity.VisualScripting.IonicZip.dll
Native extension for WindowsStandalone target not found
Native extension for WebGL target not found
Refreshing native plugins compatible for Editor in 0.89 ms, found 3 plugins.
Preloading 0 native plugins for Editor in 0.00 ms.
Mono: successfully reloaded assembly
- Completed reload, in  1.165 seconds
Domain Reload Profiling:
	ReloadAssembly (1165ms)
		BeginReloadAssembly (156ms)
			ExecutionOrderSort (0ms)
			DisableScriptedObjects (6ms)
			BackupInstance (0ms)
			ReleaseScriptingObjects (0ms)
			CreateAndSetChildDomain (26ms)
		EndReloadAssembly (810ms)
			LoadAssemblies (123ms)
			RebuildTransferFunctionScriptingTraits (0ms)
			SetupTypeCache (293ms)
			ReleaseScriptCaches (1ms)
			RebuildScriptCaches (62ms)
			SetupLoadedEditorAssemblies (331ms)
				LogAssemblyErrors (0ms)
				InitializePlatformSupportModulesInManaged (9ms)
				SetLoadedEditorAssemblies (1ms)
				RefreshPlugins (1ms)
				BeforeProcessingInitializeOnLoad (86ms)
				ProcessInitializeOnLoadAttributes (209ms)
				ProcessInitializeOnLoadMethodAttributes (17ms)
				AfterProcessingInitializeOnLoad (8ms)
				EditorAssembliesLoaded (0ms)
			ExecutionOrderSort2 (0ms)
			AwakeInstancesAfterBackupRestoration (8ms)
Platform modules already initialized, skipping
========================================================================
Worker process is ready to serve import requests
Launched and connected shader compiler UnityShaderCompiler.exe after 0.04 seconds
Refreshing native plugins compatible for Editor in 0.97 ms, found 3 plugins.
Preloading 0 native plugins for Editor in 0.00 ms.
Unloading 3048 Unused Serialized files (Serialized files now loaded: 0)
Unloading 24 unused Assets / (113.4 KB). Loaded Objects now: 3508.
Memory consumption went from 107.5 MB to 107.4 MB.
Total: 3.530700 ms (FindLiveObjects: 0.273000 ms CreateObjectMapping: 0.226800 ms MarkObjects: 2.930900 ms  DeleteObjects: 0.099100 ms)

AssetImportParameters requested are different than current active one (requested -> active):
  custom:video-decoder-ogg-theora: a1e56fd34408186e4bbccfd4996cb3dc -> 
  custom:container-muxer-webm: aa71ff27fc2769a1b78a27578f13a17b -> 
  custom:container-demuxer-webm: 4f35f7cbe854078d1ac9338744f61a02 -> 
  custom:video-encoder-webm-vp8: eb34c28f22e8b96e1ab97ce403110664 -> 
  custom:audio-encoder-webm-vorbis: bf7c407c2cedff20999df2af8eb42d56 -> 
  custom:framework-win-MediaFoundation: 216162199b28c13a410421893ffa2e32 -> 
  custom:container-demuxer-ogg: 62fdf1f143b41e24485cea50d1cbac27 -> 
  custom:video-decoder-webm-vp8: 9c59270c3fd7afecdb556c50c9e8de78 -> 
  custom:audio-decoder-ogg-vorbis: bf7c407c2cedff20999df2af8eb42d56 -> 
========================================================================
Received Import Request.
  Time since last request: 339341.268351 seconds.
  path: Assets/Simple city plain/Prefabs/Building_I_2_Prefab.prefab
  artifactKey: Guid(1e198ff9400b5064c816d8f779eff296) Importer(815301076,1909f56bfc062723c751e8b465ee728b)
Start importing Assets/Simple city plain/Prefabs/Building_I_2_Prefab.prefab using Guid(1e198ff9400b5064c816d8f779eff296) Importer(815301076,1909f56bfc062723c751e8b465ee728b)  -> (artifact id: '33417fd043208d7bd537a2d1d75c0709') in 0.322543 seconds 
========================================================================
Received Import Request.
  Time since last request: 0.000038 seconds.
  path: Assets/Simple city plain/Prefabs/Building_I_1_prefab.prefab
  artifactKey: Guid(931ecb32d754b3f40afc9a688c8cea66) Importer(815301076,1909f56bfc062723c751e8b465ee728b)
Start importing Assets/Simple city plain/Prefabs/Building_I_1_prefab.prefab using Guid(931ecb32d754b3f40afc9a688c8cea66) Importer(815301076,1909f56bfc062723c751e8b465ee728b)  -> (artifact id: '75f0e4781f7e91b408b9ab39ed01af5e') in 0.029064 seconds 
========================================================================
Received Import Request.
  Time since last request: 0.000045 seconds.
  path: Assets/Simple city plain/Prefabs/Building_M_prefab.prefab
  artifactKey: Guid(84bb406b82cecb24cb1ffe5d4359339d) Importer(815301076,1909f56bfc062723c751e8b465ee728b)
Start importing Assets/Simple city plain/Prefabs/Building_M_prefab.prefab using Guid(84bb406b82cecb24cb1ffe5d4359339d) Importer(815301076,1909f56bfc062723c751e8b465ee728b)  -> (artifact id: 'e9c26787c820290f4a0cf91cf8a8b761') in 0.025766 seconds 
========================================================================
Received Import Request.
  Time since last request: 0.000025 seconds.
  path: Assets/Simple city plain/Prefabs/Street 3 Prefab.prefab
  artifactKey: Guid(2224b63330275e5478ef024b2913f937) Importer(815301076,1909f56bfc062723c751e8b465ee728b)
Start importing Assets/Simple city plain/Prefabs/Street 3 Prefab.prefab using Guid(2224b63330275e5478ef024b2913f937) Importer(815301076,1909f56bfc062723c751e8b465ee728b)  -> (artifact id: '50ce5faf78c39206f6a34b040fa0f2d9') in 0.019189 seconds 
========================================================================
Received Import Request.
  Time since last request: 0.000026 seconds.
  path: Assets/Simple city plain/Prefabs/Pot_tree prefab.prefab
  artifactKey: Guid(8e00364320862a746a6e67a5af5e5979) Importer(815301076,1909f56bfc062723c751e8b465ee728b)
Start importing Assets/Simple city plain/Prefabs/Pot_tree prefab.prefab using Guid(8e00364320862a746a6e67a5af5e5979) Importer(815301076,1909f56bfc062723c751e8b465ee728b)  -> (artifact id: '4250a235f1c4b5531adcbf6f4cf27fd9') in 0.369117 seconds 
========================================================================
Received Import Request.
  Time since last request: 0.000032 seconds.
  path: Assets/Simple city plain/Prefabs/Tree prefab.prefab
  artifactKey: Guid(1be61187b5d765449be824463642cb0f) Importer(815301076,1909f56bfc062723c751e8b465ee728b)
Start importing Assets/Simple city plain/Prefabs/Tree prefab.prefab using Guid(1be61187b5d765449be824463642cb0f) Importer(815301076,1909f56bfc062723c751e8b465ee728b)  -> (artifact id: '6e01ccb0cac567be1aec4da82786e1ae') in 0.037830 seconds 
========================================================================
Received Import Request.
  Time since last request: 0.000067 seconds.
  path: Assets/Simple city plain/Prefabs/Grass Prefab.prefab
  artifactKey: Guid(7446a392a730ac14d9cc70d21cf7ace0) Importer(815301076,1909f56bfc062723c751e8b465ee728b)
Start importing Assets/Simple city plain/Prefabs/Grass Prefab.prefab using Guid(7446a392a730ac14d9cc70d21cf7ace0) Importer(815301076,1909f56bfc062723c751e8b465ee728b)  -> (artifact id: '5ed6a3d7aa3f543538aa88a48ba53041') in 0.029345 seconds 
========================================================================
Received Import Request.
  Time since last request: 0.000035 seconds.
  path: Assets/Simple city plain/Prefabs/Sideway Prefab.prefab
  artifactKey: Guid(a9da80f587bbf9046aefc4a4cfb8a7fc) Importer(815301076,1909f56bfc062723c751e8b465ee728b)
Start importing Assets/Simple city plain/Prefabs/Sideway Prefab.prefab using Guid(a9da80f587bbf9046aefc4a4cfb8a7fc) Importer(815301076,1909f56bfc062723c751e8b465ee728b)  -> (artifact id: '529faee1401d2343a48b706fa169d3ca') in 0.029620 seconds 
========================================================================
Received Import Request.
  Time since last request: 0.000047 seconds.
  path: Assets/Simple city plain/Prefabs/street_lamp 1 prefab.prefab
  artifactKey: Guid(6825a3fe8a1605f42a0d0589e582ac40) Importer(815301076,1909f56bfc062723c751e8b465ee728b)
Start importing Assets/Simple city plain/Prefabs/street_lamp 1 prefab.prefab using Guid(6825a3fe8a1605f42a0d0589e582ac40) Importer(815301076,1909f56bfc062723c751e8b465ee728b)  -> (artifact id: '9918db6e51b9bcfd032164b6587771d1') in 0.024168 seconds 
========================================================================
Received Import Request.
  Time since last request: 0.000032 seconds.
  path: Assets/Simple city plain/Prefabs/Big_trash_bin prefab.prefab
  artifactKey: Guid(331560f2206dc024cb084301a19c05ad) Importer(815301076,1909f56bfc062723c751e8b465ee728b)
Start importing Assets/Simple city plain/Prefabs/Big_trash_bin prefab.prefab using Guid(331560f2206dc024cb084301a19c05ad) Importer(815301076,1909f56bfc062723c751e8b465ee728b)  -> (artifact id: '315bbb0282f612b333d17e7eb6513430') in 0.035672 seconds 
========================================================================
Received Import Request.
  Time since last request: 24.568059 seconds.
  path: Assets/Simple city plain/Material & Texture/Night.mat
  artifactKey: Guid(2693a75b9cc71fb4bae0674a2e512e59) Importer(815301076,1909f56bfc062723c751e8b465ee728b)
Start importing Assets/Simple city plain/Material & Texture/Night.mat using Guid(2693a75b9cc71fb4bae0674a2e512e59) Importer(815301076,1909f56bfc062723c751e8b465ee728b)  -> (artifact id: 'dbb97484328b26f71831bf6696f8b360') in 0.114574 seconds 
========================================================================
Received Import Request.
  Time since last request: 79.478013 seconds.
  path: Assets/Simple city plain/Mesh/Big_trash_bin.fbx
  artifactKey: Guid(221422f7266ae3249b686bbfb5989c70) Importer(815301076,1909f56bfc062723c751e8b465ee728b)
Start importing Assets/Simple city plain/Mesh/Big_trash_bin.fbx using Guid(221422f7266ae3249b686bbfb5989c70) Importer(815301076,1909f56bfc062723c751e8b465ee728b)  -> (artifact id: '77df4d279e23ed2616c3585317b8eb34') in 0.056417 seconds 
========================================================================
Received Import Request.
  Time since last request: 0.000025 seconds.
  path: Assets/Simple city plain/Mesh/Pot_tree.fbx
  artifactKey: Guid(495aba848fd785f43bf771270ddea3dc) Importer(815301076,1909f56bfc062723c751e8b465ee728b)
Start importing Assets/Simple city plain/Mesh/Pot_tree.fbx using Guid(495aba848fd785f43bf771270ddea3dc) Importer(815301076,1909f56bfc062723c751e8b465ee728b)  -> (artifact id: 'cf3466267dc44a5a04e98b834793e152') in 0.028588 seconds 
========================================================================
Received Import Request.
  Time since last request: 0.000095 seconds.
  path: Assets/Simple city plain/Mesh/Building_I_2.fbx
  artifactKey: Guid(9f70c3b25552f8c4cbfc2dc5b60b2c0e) Importer(815301076,1909f56bfc062723c751e8b465ee728b)
Start importing Assets/Simple city plain/Mesh/Building_I_2.fbx using Guid(9f70c3b25552f8c4cbfc2dc5b60b2c0e) Importer(815301076,1909f56bfc062723c751e8b465ee728b)  -> (artifact id: '498ac17e102c0c69260b8c151acd608c') in 0.036618 seconds 
========================================================================
Received Import Request.
  Time since last request: 0.000016 seconds.
  path: Assets/Simple city plain/Mesh/tree_01.fbx
  artifactKey: Guid(679283963e23da7408c0cc75a881a565) Importer(815301076,1909f56bfc062723c751e8b465ee728b)
Start importing Assets/Simple city plain/Mesh/tree_01.fbx using Guid(679283963e23da7408c0cc75a881a565) Importer(815301076,1909f56bfc062723c751e8b465ee728b)  -> (artifact id: '3dc9c02297d44fbae7dbc34e63ddfbe3') in 0.033401 seconds 
========================================================================
Received Import Request.
  Time since last request: 0.000022 seconds.
  path: Assets/Simple city plain/Mesh/street_.fbx
  artifactKey: Guid(72e65272e9752d842a914dd27fd86306) Importer(815301076,1909f56bfc062723c751e8b465ee728b)
Start importing Assets/Simple city plain/Mesh/street_.fbx using Guid(72e65272e9752d842a914dd27fd86306) Importer(815301076,1909f56bfc062723c751e8b465ee728b)  -> (artifact id: 'cde87618270edb97213ca610a3f03108') in 0.033560 seconds 
========================================================================
Received Import Request.
  Time since last request: 0.000046 seconds.
  path: Assets/Simple city plain/Mesh/WalkWay 5.fbx
  artifactKey: Guid(391ef46e275c80b408f222be809688a5) Importer(815301076,1909f56bfc062723c751e8b465ee728b)
Start importing Assets/Simple city plain/Mesh/WalkWay 5.fbx using Guid(391ef46e275c80b408f222be809688a5) Importer(815301076,1909f56bfc062723c751e8b465ee728b)  -> (artifact id: '9e9452aa5c0706be4d10fd61a2c70b0c') in 0.024841 seconds 
========================================================================
Received Import Request.
  Time since last request: 0.000017 seconds.
  path: Assets/Simple city plain/Mesh/ColaMachine.fbx
  artifactKey: Guid(2831f92b409a46f45a21bbde0b1f5107) Importer(815301076,1909f56bfc062723c751e8b465ee728b)
Start importing Assets/Simple city plain/Mesh/ColaMachine.fbx using Guid(2831f92b409a46f45a21bbde0b1f5107) Importer(815301076,1909f56bfc062723c751e8b465ee728b)  -> (artifact id: '52bfe777571d5b3f21008dd3ef722a2e') in 0.025417 seconds 
========================================================================
Received Import Request.
  Time since last request: 0.000025 seconds.
  path: Assets/Simple city plain/Mesh/Shop_B.fbx
  artifactKey: Guid(82fffc905fad13948a591b76e545791d) Importer(815301076,1909f56bfc062723c751e8b465ee728b)
Start importing Assets/Simple city plain/Mesh/Shop_B.fbx using Guid(82fffc905fad13948a591b76e545791d) Importer(815301076,1909f56bfc062723c751e8b465ee728b)  -> (artifact id: '31aba48cb7d65ec60aebf3e4ae976534') in 0.038447 seconds 
========================================================================
Received Import Request.
  Time since last request: 0.000024 seconds.
  path: Assets/Simple city plain/Mesh/Building_M.fbx
  artifactKey: Guid(33a58fa9897d81c4fa6655fc4a19a500) Importer(815301076,1909f56bfc062723c751e8b465ee728b)
Start importing Assets/Simple city plain/Mesh/Building_M.fbx using Guid(33a58fa9897d81c4fa6655fc4a19a500) Importer(815301076,1909f56bfc062723c751e8b465ee728b)  -> (artifact id: 'b721fe4e90877fc17fcd6a695a1d9943') in 0.032266 seconds 
========================================================================
Received Import Request.
  Time since last request: 103.084540 seconds.
  path: Assets/Simple city plain/Mesh/Materials/wood.mat
  artifactKey: Guid(d376f2ed7a95d3d40957eeae9ceb7d5f) Importer(815301076,1909f56bfc062723c751e8b465ee728b)
Start importing Assets/Simple city plain/Mesh/Materials/wood.mat using Guid(d376f2ed7a95d3d40957eeae9ceb7d5f) Importer(815301076,1909f56bfc062723c751e8b465ee728b)  -> (artifact id: 'ef3c88a567a0f27892a15ca6377097de') in 0.019040 seconds 
========================================================================
Received Import Request.
  Time since last request: 0.016201 seconds.
  path: Assets/Simple city plain/Mesh/Materials/Windows_02.mat
  artifactKey: Guid(631502a3dc769bd4193fbec8aa59ae0a) Importer(815301076,1909f56bfc062723c751e8b465ee728b)
Start importing Assets/Simple city plain/Mesh/Materials/Windows_02.mat using Guid(631502a3dc769bd4193fbec8aa59ae0a) Importer(815301076,1909f56bfc062723c751e8b465ee728b)  -> (artifact id: '2acb08060c73491d1c5db062b5d01460') in 0.018140 seconds 
========================================================================
Received Import Request.
  Time since last request: 0.000022 seconds.
  path: Assets/Simple city plain/Material & Texture/color_windows/Windows no light.mat
  artifactKey: Guid(26df91506bf83b343b8083c5322323ae) Importer(815301076,1909f56bfc062723c751e8b465ee728b)
Start importing Assets/Simple city plain/Material & Texture/color_windows/Windows no light.mat using Guid(26df91506bf83b343b8083c5322323ae) Importer(815301076,1909f56bfc062723c751e8b465ee728b)  -> (artifact id: '6bf5e1efe31623dba46afc55c0b36423') in 0.022679 seconds 
========================================================================
Received Import Request.
  Time since last request: 0.271229 seconds.
  path: Assets/Simple city plain/Material & Texture/color_windows/Windows light 1.mat
  artifactKey: Guid(d7636558dbd50f7429a53d5bc6352a44) Importer(815301076,1909f56bfc062723c751e8b465ee728b)
Start importing Assets/Simple city plain/Material & Texture/color_windows/Windows light 1.mat using Guid(d7636558dbd50f7429a53d5bc6352a44) Importer(815301076,1909f56bfc062723c751e8b465ee728b)  -> (artifact id: '24e818be8e7e9b99f590daa97a4e547c') in 0.110476 seconds 
========================================================================
Received Import Request.
  Time since last request: 0.018062 seconds.
  path: Assets/Simple city plain/Mesh/Materials/Window_board.mat
  artifactKey: Guid(5cae43bd5bc7cdb40b5131c4398e4c34) Importer(815301076,1909f56bfc062723c751e8b465ee728b)
Start importing Assets/Simple city plain/Mesh/Materials/Window_board.mat using Guid(5cae43bd5bc7cdb40b5131c4398e4c34) Importer(815301076,1909f56bfc062723c751e8b465ee728b)  -> (artifact id: '9a608685c001b61c263c25adfb3f8644') in 0.014237 seconds 
========================================================================
Received Import Request.
  Time since last request: 0.612078 seconds.
  path: Assets/Simple city plain/Mesh/Materials/window 2.mat
  artifactKey: Guid(1a7d6c4ae92d5904dbfc1a47e740c47b) Importer(815301076,1909f56bfc062723c751e8b465ee728b)
Start importing Assets/Simple city plain/Mesh/Materials/window 2.mat using Guid(1a7d6c4ae92d5904dbfc1a47e740c47b) Importer(815301076,1909f56bfc062723c751e8b465ee728b)  -> (artifact id: '8beb66577bddbbde003d72e60ddcba11') in 0.012052 seconds 
========================================================================
Received Import Request.
  Time since last request: 0.242379 seconds.
  path: Assets/Simple city plain/Mesh/Materials/WhiteWood.mat
  artifactKey: Guid(4deb771275d9ab948adf86f67df6647d) Importer(815301076,1909f56bfc062723c751e8b465ee728b)
Start importing Assets/Simple city plain/Mesh/Materials/WhiteWood.mat using Guid(4deb771275d9ab948adf86f67df6647d) Importer(815301076,1909f56bfc062723c751e8b465ee728b)  -> (artifact id: '27baf74b8d532ddb1f898cab547a2760') in 0.011792 seconds 
========================================================================
Received Import Request.
  Time since last request: 0.091311 seconds.
  path: Assets/Simple city plain/Material & Texture/Material mesh/tree leaf.mat
  artifactKey: Guid(45aa121491da72e4b8c0fcdb4533272d) Importer(815301076,1909f56bfc062723c751e8b465ee728b)
Start importing Assets/Simple city plain/Material & Texture/Material mesh/tree leaf.mat using Guid(45aa121491da72e4b8c0fcdb4533272d) Importer(815301076,1909f56bfc062723c751e8b465ee728b)  -> (artifact id: '3ebad1ee6566f3ea4e089ffc9221b840') in 0.012503 seconds 
========================================================================
Received Import Request.
  Time since last request: 0.898868 seconds.
  path: Assets/Simple city plain/Mesh/Materials/Surface.mat
  artifactKey: Guid(687c9db806fbc0749a94347a589e861a) Importer(815301076,1909f56bfc062723c751e8b465ee728b)
Start importing Assets/Simple city plain/Mesh/Materials/Surface.mat using Guid(687c9db806fbc0749a94347a589e861a) Importer(815301076,1909f56bfc062723c751e8b465ee728b)  -> (artifact id: '3b254a5957c0870db6fa8b1d989e04ab') in 0.010579 seconds 
========================================================================
Received Import Request.
  Time since last request: 0.608036 seconds.
  path: Assets/Simple city plain/Mesh/Materials/Stone_02.mat
  artifactKey: Guid(c85b354e4ee2bb54ebd1aebef28a4fd4) Importer(815301076,1909f56bfc062723c751e8b465ee728b)
Start importing Assets/Simple city plain/Mesh/Materials/Stone_02.mat using Guid(c85b354e4ee2bb54ebd1aebef28a4fd4) Importer(815301076,1909f56bfc062723c751e8b465ee728b)  -> (artifact id: '5256c557c49d76218234c33450bf2842') in 0.012305 seconds 
========================================================================
Received Import Request.
  Time since last request: 0.241891 seconds.
  path: Assets/Simple city plain/Mesh/Materials/Stone.mat
  artifactKey: Guid(2d099a4d1b0c3124c8f6b056f92e249a) Importer(815301076,1909f56bfc062723c751e8b465ee728b)
Start importing Assets/Simple city plain/Mesh/Materials/Stone.mat using Guid(2d099a4d1b0c3124c8f6b056f92e249a) Importer(815301076,1909f56bfc062723c751e8b465ee728b)  -> (artifact id: '62cab5b19868451ab75f458de23a707d') in 0.010951 seconds 
========================================================================
Received Import Request.
  Time since last request: 0.443439 seconds.
  path: Assets/Simple city plain/Mesh/Materials/Sideway.005.mat
  artifactKey: Guid(50721acdb7b98624faae1d0540d69132) Importer(815301076,1909f56bfc062723c751e8b465ee728b)
Start importing Assets/Simple city plain/Mesh/Materials/Sideway.005.mat using Guid(50721acdb7b98624faae1d0540d69132) Importer(815301076,1909f56bfc062723c751e8b465ee728b)  -> (artifact id: '4a8b166675bfb75ca045e4c371ebb94f') in 0.012429 seconds 
========================================================================
Received Import Request.
  Time since last request: 0.026850 seconds.
  path: Assets/Simple city plain/Mesh/Materials/SideWalk.005.mat
  artifactKey: Guid(c176db54fe3b29d458a452e7baf62062) Importer(815301076,1909f56bfc062723c751e8b465ee728b)
Start importing Assets/Simple city plain/Mesh/Materials/SideWalk.005.mat using Guid(c176db54fe3b29d458a452e7baf62062) Importer(815301076,1909f56bfc062723c751e8b465ee728b)  -> (artifact id: '3005fa5c0225aeeb0d2473bb355dceb1') in 0.013322 seconds 
========================================================================
Received Import Request.
  Time since last request: 0.876055 seconds.
  path: Assets/Simple city plain/Mesh/Materials/Roof_04.mat
  artifactKey: Guid(121b77add09bc964cb1a857a90dcec76) Importer(815301076,1909f56bfc062723c751e8b465ee728b)
Start importing Assets/Simple city plain/Mesh/Materials/Roof_04.mat using Guid(121b77add09bc964cb1a857a90dcec76) Importer(815301076,1909f56bfc062723c751e8b465ee728b)  -> (artifact id: '14355d876fa0df3f723dee4221f4622d') in 0.013122 seconds 
========================================================================
Received Import Request.
  Time since last request: 0.087021 seconds.
  path: Assets/Simple city plain/Mesh/Materials/Roof_02.mat
  artifactKey: Guid(9793f95ee36af02419802bdccdce3665) Importer(815301076,1909f56bfc062723c751e8b465ee728b)
Start importing Assets/Simple city plain/Mesh/Materials/Roof_02.mat using Guid(9793f95ee36af02419802bdccdce3665) Importer(815301076,1909f56bfc062723c751e8b465ee728b)  -> (artifact id: '244d2cc02fc7eb4a65d5c48b855fa08c') in 0.011622 seconds 
========================================================================
Received Import Request.
  Time since last request: 0.478707 seconds.
  path: Assets/Simple city plain/Mesh/Materials/Roof.001.mat
  artifactKey: Guid(3d8b9d40b29f3e345a65e84c4079d2ec) Importer(815301076,1909f56bfc062723c751e8b465ee728b)
Start importing Assets/Simple city plain/Mesh/Materials/Roof.001.mat using Guid(3d8b9d40b29f3e345a65e84c4079d2ec) Importer(815301076,1909f56bfc062723c751e8b465ee728b)  -> (artifact id: 'caab5441c936dab05f2450766675f3c1') in 0.011401 seconds 
========================================================================
Received Import Request.
  Time since last request: 0.021283 seconds.
  path: Assets/Simple city plain/Mesh/Materials/roof 1.mat
  artifactKey: Guid(77dbd7f6e9ff5d247a779306629a16f3) Importer(815301076,1909f56bfc062723c751e8b465ee728b)
Start importing Assets/Simple city plain/Mesh/Materials/roof 1.mat using Guid(77dbd7f6e9ff5d247a779306629a16f3) Importer(815301076,1909f56bfc062723c751e8b465ee728b)  -> (artifact id: 'd6c293edd8f6565e08fd04c7b5867220') in 0.013515 seconds 
========================================================================
Received Import Request.
  Time since last request: 0.053873 seconds.
  path: Assets/Simple city plain/Mesh/Materials/railing.mat
  artifactKey: Guid(e078b1a8d6c36dc479706a4a69bdbbe1) Importer(815301076,1909f56bfc062723c751e8b465ee728b)
Start importing Assets/Simple city plain/Mesh/Materials/railing.mat using Guid(e078b1a8d6c36dc479706a4a69bdbbe1) Importer(815301076,1909f56bfc062723c751e8b465ee728b)  -> (artifact id: '6c2dbfbf6de17c700d3b01d6dc69426f') in 0.010201 seconds 
========================================================================
Received Import Request.
  Time since last request: 0.372913 seconds.
  path: Assets/Simple city plain/Mesh/Materials/Pot.mat
  artifactKey: Guid(21ff735c9c218d44dbb5c856bda8e2d6) Importer(815301076,1909f56bfc062723c751e8b465ee728b)
Start importing Assets/Simple city plain/Mesh/Materials/Pot.mat using Guid(21ff735c9c218d44dbb5c856bda8e2d6) Importer(815301076,1909f56bfc062723c751e8b465ee728b)  -> (artifact id: '54a1d100dd4c918560fb90e75b11a293') in 0.009442 seconds 
========================================================================
Received Import Request.
  Time since last request: 0.499916 seconds.
  path: Assets/Simple city plain/Mesh/Materials/Metal_02.mat
  artifactKey: Guid(a14abf2b7189b604786c7517406e6b1a) Importer(815301076,1909f56bfc062723c751e8b465ee728b)
Start importing Assets/Simple city plain/Mesh/Materials/Metal_02.mat using Guid(a14abf2b7189b604786c7517406e6b1a) Importer(815301076,1909f56bfc062723c751e8b465ee728b)  -> (artifact id: '028519fce39f14dc25d278b7b2abef1a') in 0.010906 seconds 
========================================================================
Received Import Request.
  Time since last request: 0.027149 seconds.
  path: Assets/Simple city plain/Mesh/Materials/Material.mat
  artifactKey: Guid(108480fdc5410f9498ccd1b9360259b6) Importer(815301076,1909f56bfc062723c751e8b465ee728b)
Start importing Assets/Simple city plain/Mesh/Materials/Material.mat using Guid(108480fdc5410f9498ccd1b9360259b6) Importer(815301076,1909f56bfc062723c751e8b465ee728b)  -> (artifact id: '433f75b741ede7732db3178194b9ef95') in 0.013952 seconds 
========================================================================
Received Import Request.
  Time since last request: 0.303037 seconds.
  path: Assets/Simple city plain/Mesh/Materials/leafes.mat
  artifactKey: Guid(894b06e515fa1c74d969b980aa15d093) Importer(815301076,1909f56bfc062723c751e8b465ee728b)
Start importing Assets/Simple city plain/Mesh/Materials/leafes.mat using Guid(894b06e515fa1c74d969b980aa15d093) Importer(815301076,1909f56bfc062723c751e8b465ee728b)  -> (artifact id: 'dd3c3435466a2938e9c8f93ad8ed8451') in 0.010397 seconds 
========================================================================
Received Import Request.
  Time since last request: 0.020823 seconds.
  path: Assets/Simple city plain/Material & Texture/Colors_buildings/K13.mat
  artifactKey: Guid(385015333524c4947bf237c08e46d007) Importer(815301076,1909f56bfc062723c751e8b465ee728b)
Start importing Assets/Simple city plain/Material & Texture/Colors_buildings/K13.mat using Guid(385015333524c4947bf237c08e46d007) Importer(815301076,1909f56bfc062723c751e8b465ee728b)  -> (artifact id: '469cf84f89480e426f8108add0780de0') in 0.014705 seconds 
========================================================================
Received Import Request.
  Time since last request: 0.370495 seconds.
  path: Assets/Simple city plain/Material & Texture/Colors_buildings/k11.mat
  artifactKey: Guid(a7f2d3722f408d146b37cba315bc996f) Importer(815301076,1909f56bfc062723c751e8b465ee728b)
Start importing Assets/Simple city plain/Material & Texture/Colors_buildings/k11.mat using Guid(a7f2d3722f408d146b37cba315bc996f) Importer(815301076,1909f56bfc062723c751e8b465ee728b)  -> (artifact id: '0d1c3496fb5b9d98627333d8c23a48ed') in 0.011571 seconds 
========================================================================
Received Import Request.
  Time since last request: 0.093392 seconds.
  path: Assets/Simple city plain/Material & Texture/Colors_buildings/K9.mat
  artifactKey: Guid(8d368d2c617522b4f8385162f26cacfa) Importer(815301076,1909f56bfc062723c751e8b465ee728b)
Start importing Assets/Simple city plain/Material & Texture/Colors_buildings/K9.mat using Guid(8d368d2c617522b4f8385162f26cacfa) Importer(815301076,1909f56bfc062723c751e8b465ee728b)  -> (artifact id: '82af06649bb2ea0ddccaeaeeb36d4492') in 0.010994 seconds 
========================================================================
Received Import Request.
  Time since last request: 0.312544 seconds.
  path: Assets/Simple city plain/Material & Texture/Colors_buildings/K7.mat
  artifactKey: Guid(2100b85841ac32940a50ec36409b49c0) Importer(815301076,1909f56bfc062723c751e8b465ee728b)
Start importing Assets/Simple city plain/Material & Texture/Colors_buildings/K7.mat using Guid(2100b85841ac32940a50ec36409b49c0) Importer(815301076,1909f56bfc062723c751e8b465ee728b)  -> (artifact id: '2b14585ac580276813bb9c00dcf9a005') in 0.010679 seconds 
========================================================================
Received Import Request.
  Time since last request: 0.314270 seconds.
  path: Assets/Simple city plain/Material & Texture/Colors_buildings/k5.mat
  artifactKey: Guid(e495abf6588a1b944a3620fd1fee2b07) Importer(815301076,1909f56bfc062723c751e8b465ee728b)
Start importing Assets/Simple city plain/Material & Texture/Colors_buildings/k5.mat using Guid(e495abf6588a1b944a3620fd1fee2b07) Importer(815301076,1909f56bfc062723c751e8b465ee728b)  -> (artifact id: '8bc7a98c80f7571573a1c1f14d2c1306') in 0.009878 seconds 
========================================================================
Received Import Request.
  Time since last request: 0.035294 seconds.
  path: Assets/Simple city plain/Material & Texture/Colors_buildings/K3.mat
  artifactKey: Guid(623f2cfcc0ce09149a6f467ad4256295) Importer(815301076,1909f56bfc062723c751e8b465ee728b)
Start importing Assets/Simple city plain/Material & Texture/Colors_buildings/K3.mat using Guid(623f2cfcc0ce09149a6f467ad4256295) Importer(815301076,1909f56bfc062723c751e8b465ee728b)  -> (artifact id: '58597f3958472b568eae211c1f925f78') in 0.011344 seconds 
========================================================================
Received Import Request.
  Time since last request: 0.299623 seconds.
  path: Assets/Simple city plain/Material & Texture/Colors_buildings/K1.mat
  artifactKey: Guid(1a0dec1fa084e1b4abd7c6cf33e568ff) Importer(815301076,1909f56bfc062723c751e8b465ee728b)
Start importing Assets/Simple city plain/Material & Texture/Colors_buildings/K1.mat using Guid(1a0dec1fa084e1b4abd7c6cf33e568ff) Importer(815301076,1909f56bfc062723c751e8b465ee728b)  -> (artifact id: 'a08750fe41e8eff262c2e659de567068') in 0.011177 seconds 
========================================================================
Received Import Request.
  Time since last request: 0.038303 seconds.
  path: Assets/Simple city plain/Material & Texture/Colors_buildings/J2.mat
  artifactKey: Guid(fe6ba248f97095d49869fcb5611b50d4) Importer(815301076,1909f56bfc062723c751e8b465ee728b)
Start importing Assets/Simple city plain/Material & Texture/Colors_buildings/J2.mat using Guid(fe6ba248f97095d49869fcb5611b50d4) Importer(815301076,1909f56bfc062723c751e8b465ee728b)  -> (artifact id: '3886b7a77848c3ea60c53a41cdeabe64') in 0.012998 seconds 
========================================================================
Received Import Request.
  Time since last request: 13.088289 seconds.
  path: Assets/Simple city plain/Material & Texture/Colors_buildings/A1.mat
  artifactKey: Guid(1af4b0d855a4f694baba51a55f5c6cc9) Importer(815301076,1909f56bfc062723c751e8b465ee728b)
Start importing Assets/Simple city plain/Material & Texture/Colors_buildings/A1.mat using Guid(1af4b0d855a4f694baba51a55f5c6cc9) Importer(815301076,1909f56bfc062723c751e8b465ee728b)  -> (artifact id: 'e4ee8b2bc06c83b8011ae72b1cf24b01') in 0.016253 seconds 
========================================================================
Received Import Request.
  Time since last request: 0.000023 seconds.
  path: Assets/Simple city plain/Material & Texture/Colors_buildings/A2.mat
  artifactKey: Guid(5188c7492ef51d143a7128aa9700788a) Importer(815301076,1909f56bfc062723c751e8b465ee728b)
Start importing Assets/Simple city plain/Material & Texture/Colors_buildings/A2.mat using Guid(5188c7492ef51d143a7128aa9700788a) Importer(815301076,1909f56bfc062723c751e8b465ee728b)  -> (artifact id: '5f2abc9cfa6d8a22d5547e481840da3f') in 0.034478 seconds 
========================================================================
Received Import Request.
  Time since last request: 0.000025 seconds.
  path: Assets/Simple city plain/Material & Texture/Colors_buildings/E1.mat
  artifactKey: Guid(76d6265878226dc409ce872e24203b86) Importer(815301076,1909f56bfc062723c751e8b465ee728b)
Start importing Assets/Simple city plain/Material & Texture/Colors_buildings/E1.mat using Guid(76d6265878226dc409ce872e24203b86) Importer(815301076,1909f56bfc062723c751e8b465ee728b)  -> (artifact id: '9bdcfcab8250bb9e7c9e156f4d8e8783') in 0.019030 seconds 
========================================================================
Received Import Request.
  Time since last request: 0.000034 seconds.
  path: Assets/Simple city plain/Material & Texture/Colors_buildings/A3.mat
  artifactKey: Guid(c4d3a0c81c5ffb34889379e1a1cf85bb) Importer(815301076,1909f56bfc062723c751e8b465ee728b)
Start importing Assets/Simple city plain/Material & Texture/Colors_buildings/A3.mat using Guid(c4d3a0c81c5ffb34889379e1a1cf85bb) Importer(815301076,1909f56bfc062723c751e8b465ee728b)  -> (artifact id: 'ccf88e82a6e4baca76c3141b8432b5d1') in 0.018756 seconds 
========================================================================
Received Import Request.
  Time since last request: 0.000017 seconds.
  path: Assets/Simple city plain/Material & Texture/Colors_buildings/H2.mat
  artifactKey: Guid(6f227c8592ad80a41be32efd278da65a) Importer(815301076,1909f56bfc062723c751e8b465ee728b)
Start importing Assets/Simple city plain/Material & Texture/Colors_buildings/H2.mat using Guid(6f227c8592ad80a41be32efd278da65a) Importer(815301076,1909f56bfc062723c751e8b465ee728b)  -> (artifact id: 'ce3e9ad67a8c589584d2549254e8751d') in 0.018298 seconds 
========================================================================
Received Import Request.
  Time since last request: 0.000034 seconds.
  path: Assets/Simple city plain/Material & Texture/Colors_buildings/C1.mat
  artifactKey: Guid(b46491bf8bcc7974e9c5b185ed3a64df) Importer(815301076,1909f56bfc062723c751e8b465ee728b)
Start importing Assets/Simple city plain/Material & Texture/Colors_buildings/C1.mat using Guid(b46491bf8bcc7974e9c5b185ed3a64df) Importer(815301076,1909f56bfc062723c751e8b465ee728b)  -> (artifact id: '87b519854ca5833d229a65cccb6060f2') in 0.024456 seconds 
========================================================================
Received Import Request.
  Time since last request: 0.000044 seconds.
  path: Assets/Simple city plain/Material & Texture/Colors_buildings/D3.mat
  artifactKey: Guid(08e170aeffe61fd49b962982cf27cd52) Importer(815301076,1909f56bfc062723c751e8b465ee728b)
Start importing Assets/Simple city plain/Material & Texture/Colors_buildings/D3.mat using Guid(08e170aeffe61fd49b962982cf27cd52) Importer(815301076,1909f56bfc062723c751e8b465ee728b)  -> (artifact id: '5a10640376f7214b7080d406486c43ba') in 0.019995 seconds 
========================================================================
Received Import Request.
  Time since last request: 0.000024 seconds.
  path: Assets/Simple city plain/Material & Texture/Colors_buildings/F2.mat
  artifactKey: Guid(125b8e3d7d52f1a4a9341372677b8015) Importer(815301076,1909f56bfc062723c751e8b465ee728b)
Start importing Assets/Simple city plain/Material & Texture/Colors_buildings/F2.mat using Guid(125b8e3d7d52f1a4a9341372677b8015) Importer(815301076,1909f56bfc062723c751e8b465ee728b)  -> (artifact id: 'bde97a052d4de0e0e37d0a4aecea251c') in 0.025181 seconds 
========================================================================
Received Import Request.
  Time since last request: 0.000023 seconds.
  path: Assets/Simple city plain/Material & Texture/Colors_buildings/F1.mat
  artifactKey: Guid(0bce4c2bd5151644a8ec6f537140cbd6) Importer(815301076,1909f56bfc062723c751e8b465ee728b)
Start importing Assets/Simple city plain/Material & Texture/Colors_buildings/F1.mat using Guid(0bce4c2bd5151644a8ec6f537140cbd6) Importer(815301076,1909f56bfc062723c751e8b465ee728b)  -> (artifact id: '40b2264211afc355dd51e86213d5dad4') in 0.018741 seconds 
========================================================================
Received Import Request.
  Time since last request: 0.000021 seconds.
  path: Assets/Simple city plain/Material & Texture/Colors_buildings/I2.mat
  artifactKey: Guid(cea0c4191eb5cb440aa5355d44958681) Importer(815301076,1909f56bfc062723c751e8b465ee728b)
Start importing Assets/Simple city plain/Material & Texture/Colors_buildings/I2.mat using Guid(cea0c4191eb5cb440aa5355d44958681) Importer(815301076,1909f56bfc062723c751e8b465ee728b)  -> (artifact id: 'eb3e86bc02c1ce27c02a0f4aa1124005') in 0.021853 seconds 
========================================================================
Received Import Request.
  Time since last request: 0.000021 seconds.
  path: Assets/Simple city plain/Material & Texture/Colors_buildings/H1.mat
  artifactKey: Guid(764481942b4df2a40857026c71dfae1f) Importer(815301076,1909f56bfc062723c751e8b465ee728b)
Start importing Assets/Simple city plain/Material & Texture/Colors_buildings/H1.mat using Guid(764481942b4df2a40857026c71dfae1f) Importer(815301076,1909f56bfc062723c751e8b465ee728b)  -> (artifact id: 'df952af050db297bb86816696941f5c8') in 0.018642 seconds 
========================================================================
Received Import Request.
  Time since last request: 0.000031 seconds.
  path: Assets/Simple city plain/Material & Texture/Colors_buildings/B3.mat
  artifactKey: Guid(6654366d45d22054abd260171b0f7c04) Importer(815301076,1909f56bfc062723c751e8b465ee728b)
Start importing Assets/Simple city plain/Material & Texture/Colors_buildings/B3.mat using Guid(6654366d45d22054abd260171b0f7c04) Importer(815301076,1909f56bfc062723c751e8b465ee728b)  -> (artifact id: '8d2477e9f3b05a99b9337c1a62b6f104') in 0.018154 seconds 
========================================================================
Received Import Request.
  Time since last request: 0.000029 seconds.
  path: Assets/Simple city plain/Material & Texture/Colors_buildings/H3.mat
  artifactKey: Guid(9db90062b4af0004b94c5754b65e4379) Importer(815301076,1909f56bfc062723c751e8b465ee728b)
Start importing Assets/Simple city plain/Material & Texture/Colors_buildings/H3.mat using Guid(9db90062b4af0004b94c5754b65e4379) Importer(815301076,1909f56bfc062723c751e8b465ee728b)  -> (artifact id: 'd51f736faab9efdd20973778a63e94ca') in 0.019556 seconds 
========================================================================
Received Import Request.
  Time since last request: 0.000029 seconds.
  path: Assets/Simple city plain/Material & Texture/Colors_buildings/F3.mat
  artifactKey: Guid(2d6209e982156604ea6d7c513bc7b774) Importer(815301076,1909f56bfc062723c751e8b465ee728b)
Start importing Assets/Simple city plain/Material & Texture/Colors_buildings/F3.mat using Guid(2d6209e982156604ea6d7c513bc7b774) Importer(815301076,1909f56bfc062723c751e8b465ee728b)  -> (artifact id: 'b3af70d58b7c53f31c3eee492ca24900') in 0.016529 seconds 
========================================================================
Received Import Request.
  Time since last request: 341.946521 seconds.
  path: Assets/Simple city plain/Material & Texture/Material mesh/big trash bin texture.png
  artifactKey: Guid(cb629d531f414f64288cca236d43f674) Importer(815301076,1909f56bfc062723c751e8b465ee728b)
Start importing Assets/Simple city plain/Material & Texture/Material mesh/big trash bin texture.png using Guid(cb629d531f414f64288cca236d43f674) Importer(815301076,1909f56bfc062723c751e8b465ee728b)  -> (artifact id: 'd1df6df6dd2b4c4a82aaf12c76fde898') in 0.037602 seconds 
========================================================================
Received Import Request.
  Time since last request: 0.000102 seconds.
  path: Packages/com.unity.textmeshpro/Editor Resources/Textures/btn_AlignCapLine.psd
  artifactKey: Guid(0d9a36012a224080966c7b55896aa0f9) Importer(815301076,1909f56bfc062723c751e8b465ee728b)
Start importing Packages/com.unity.textmeshpro/Editor Resources/Textures/btn_AlignCapLine.psd using Guid(0d9a36012a224080966c7b55896aa0f9) Importer(815301076,1909f56bfc062723c751e8b465ee728b)  -> (artifact id: 'b03fa845761212c2e46fac3b4343677a') in 0.029132 seconds 
========================================================================
Received Import Request.
  Time since last request: 0.000029 seconds.
  path: Packages/com.unity.textmeshpro/Editor Resources/Textures/btn_AlignBottom.psd
  artifactKey: Guid(ca51b19024094d1b87f3e07edb0a75fb) Importer(815301076,1909f56bfc062723c751e8b465ee728b)
Start importing Packages/com.unity.textmeshpro/Editor Resources/Textures/btn_AlignBottom.psd using Guid(ca51b19024094d1b87f3e07edb0a75fb) Importer(815301076,1909f56bfc062723c751e8b465ee728b)  -> (artifact id: '688a0ac957d3505814a3661651efcf76') in 0.033430 seconds 
========================================================================
Received Import Request.
  Time since last request: 0.000029 seconds.
  path: Packages/com.unity.textmeshpro/Editor Resources/Textures/btn_AlignCapLine_Light.psd
  artifactKey: Guid(49679f302ac6408697f6b9314a38985c) Importer(815301076,1909f56bfc062723c751e8b465ee728b)
Start importing Packages/com.unity.textmeshpro/Editor Resources/Textures/btn_AlignCapLine_Light.psd using Guid(49679f302ac6408697f6b9314a38985c) Importer(815301076,1909f56bfc062723c751e8b465ee728b)  -> (artifact id: 'cfe7d1f075d98d33dc2c1ed45056eb5a') in 0.028263 seconds 
========================================================================
Received Import Request.
  Time since last request: 1.112677 seconds.
  path: Packages/com.unity.textmeshpro/Editor Resources/Textures/btn_AlignCenter_Light.psd
  artifactKey: Guid(6ace62d30f494c948b71d5594afce11d) Importer(815301076,1909f56bfc062723c751e8b465ee728b)
Start importing Packages/com.unity.textmeshpro/Editor Resources/Textures/btn_AlignCenter_Light.psd using Guid(6ace62d30f494c948b71d5594afce11d) Importer(815301076,1909f56bfc062723c751e8b465ee728b)  -> (artifact id: 'b015c9d5bdadc3317989916f713e5cc3') in 0.015896 seconds 
========================================================================
Received Import Request.
  Time since last request: 0.225158 seconds.
  path: Packages/com.unity.textmeshpro/Editor Resources/Textures/btn_AlignCenterGeo_Light.psd
  artifactKey: Guid(35ff0937876540d3bd4b6a941df62a92) Importer(815301076,1909f56bfc062723c751e8b465ee728b)
Start importing Packages/com.unity.textmeshpro/Editor Resources/Textures/btn_AlignCenterGeo_Light.psd using Guid(35ff0937876540d3bd4b6a941df62a92) Importer(815301076,1909f56bfc062723c751e8b465ee728b)  -> (artifact id: '6c314c1eab5db39322d40cbb3d09b00c') in 0.015610 seconds 
========================================================================
Received Import Request.
  Time since last request: 1.694875 seconds.
  path: Packages/com.unity.textmeshpro/Editor Resources/Textures/btn_AlignFlush_Light.psd
  artifactKey: Guid(64b9fad609434c489c32b1cdf2004a1c) Importer(815301076,1909f56bfc062723c751e8b465ee728b)
Start importing Packages/com.unity.textmeshpro/Editor Resources/Textures/btn_AlignFlush_Light.psd using Guid(64b9fad609434c489c32b1cdf2004a1c) Importer(815301076,1909f56bfc062723c751e8b465ee728b)  -> (artifact id: '080ca94bd020d165cb99e13f0475fd69') in 0.016433 seconds 
========================================================================
Received Import Request.
  Time since last request: 0.000021 seconds.
  path: Packages/com.unity.collab-proxy/Editor/PlasticSCM/Assets/Images/buttonssosigninunity.png
  artifactKey: Guid(f9161c6c9e06dc445ada3ee16d991f90) Importer(815301076,1909f56bfc062723c751e8b465ee728b)
Start importing Packages/com.unity.collab-proxy/Editor/PlasticSCM/Assets/Images/buttonssosigninunity.png using Guid(f9161c6c9e06dc445ada3ee16d991f90) Importer(815301076,1909f56bfc062723c751e8b465ee728b)  -> (artifact id: 'a82f4e16a42edbc51948a4d73c79b2da') in 0.036272 seconds 
========================================================================
Received Import Request.
  Time since last request: 0.000042 seconds.
  path: Packages/com.unity.collab-proxy/Editor/PlasticSCM/Assets/Images/buttonssosigninemail.png
  artifactKey: Guid(d24e7e0b75e1a244bb9687d6fd4315ef) Importer(815301076,1909f56bfc062723c751e8b465ee728b)
Start importing Packages/com.unity.collab-proxy/Editor/PlasticSCM/Assets/Images/buttonssosigninemail.png using Guid(d24e7e0b75e1a244bb9687d6fd4315ef) Importer(815301076,1909f56bfc062723c751e8b465ee728b)  -> (artifact id: '60110628988add16e0c7e9327e9cc15b') in 0.028598 seconds 
========================================================================
Received Import Request.
  Time since last request: 0.000036 seconds.
  path: Packages/com.unity.textmeshpro/Editor Resources/Textures/btn_AlignJustified_Light.psd
  artifactKey: Guid(fa6bd40a216346b783a4cce741d277a5) Importer(815301076,1909f56bfc062723c751e8b465ee728b)
Start importing Packages/com.unity.textmeshpro/Editor Resources/Textures/btn_AlignJustified_Light.psd using Guid(fa6bd40a216346b783a4cce741d277a5) Importer(815301076,1909f56bfc062723c751e8b465ee728b)  -> (artifact id: '792430ad32230141f377b9b5d51160e7') in 0.028807 seconds 
========================================================================
Received Import Request.
  Time since last request: 0.000037 seconds.
  path: Packages/com.unity.collab-proxy/Editor/PlasticSCM/Assets/Images/buttonssosigningoogle.png
  artifactKey: Guid(f09eae8c0ea04254b90c5386a034a225) Importer(815301076,1909f56bfc062723c751e8b465ee728b)
Start importing Packages/com.unity.collab-proxy/Editor/PlasticSCM/Assets/Images/buttonssosigningoogle.png using Guid(f09eae8c0ea04254b90c5386a034a225) Importer(815301076,1909f56bfc062723c751e8b465ee728b)  -> (artifact id: 'dc029fd442f150c2a6f3d843407686c7') in 0.039168 seconds 
========================================================================
Received Import Request.
  Time since last request: 0.724201 seconds.
  path: Packages/com.unity.collab-proxy/Editor/PlasticSCM/Assets/Images/d_cloudbuhochristmas.png
  artifactKey: Guid(70632ddfe8e71b04b8f90ef7e29a9e98) Importer(815301076,1909f56bfc062723c751e8b465ee728b)
Start importing Packages/com.unity.collab-proxy/Editor/PlasticSCM/Assets/Images/d_cloudbuhochristmas.png using Guid(70632ddfe8e71b04b8f90ef7e29a9e98) Importer(815301076,1909f56bfc062723c751e8b465ee728b)  -> (artifact id: 'a5ecae6995d84f01654a8b0a06678ebc') in 0.028688 seconds 
========================================================================
Received Import Request.
  Time since last request: 5.912940 seconds.
  path: Packages/com.unity.textmeshpro/Editor Resources/Textures/btn_AlignLeft_Light.psd
  artifactKey: Guid(12736c98af174f91827a26b66d2b01b9) Importer(815301076,1909f56bfc062723c751e8b465ee728b)
Start importing Packages/com.unity.textmeshpro/Editor Resources/Textures/btn_AlignLeft_Light.psd using Guid(12736c98af174f91827a26b66d2b01b9) Importer(815301076,1909f56bfc062723c751e8b465ee728b)  -> (artifact id: '381d7f72ec107bd8d5e9ba710f9d18cb') in 0.030187 seconds 
========================================================================
Received Import Request.
  Time since last request: 0.043908 seconds.
  path: Packages/com.unity.textmeshpro/Editor Resources/Textures/btn_AlignMiddle_Light.psd
  artifactKey: Guid(066619c9c9c84f89acb1b48c11a7efe2) Importer(815301076,1909f56bfc062723c751e8b465ee728b)
Start importing Packages/com.unity.textmeshpro/Editor Resources/Textures/btn_AlignMiddle_Light.psd using Guid(066619c9c9c84f89acb1b48c11a7efe2) Importer(815301076,1909f56bfc062723c751e8b465ee728b)  -> (artifact id: '2e6194476e9efb50269cfad29a426b5e') in 0.019152 seconds 
========================================================================
Received Import Request.
  Time since last request: 0.000032 seconds.
  path: Packages/com.unity.textmeshpro/Editor Resources/Textures/btn_AlignMidline_Light.psd
  artifactKey: Guid(bb42b2d967d6427983c901a4ffc8ecd9) Importer(815301076,1909f56bfc062723c751e8b465ee728b)
Start importing Packages/com.unity.textmeshpro/Editor Resources/Textures/btn_AlignMidline_Light.psd using Guid(bb42b2d967d6427983c901a4ffc8ecd9) Importer(815301076,1909f56bfc062723c751e8b465ee728b)  -> (artifact id: 'cb69f1da9fc996d9706563da5408834d') in 0.022394 seconds 
========================================================================
Received Import Request.
  Time since last request: 0.206286 seconds.
  path: Packages/com.unity.textmeshpro/Editor Resources/Textures/btn_AlignRight_Light.psd
  artifactKey: Guid(e05ace3bd15740cda0bad60d89092a5b) Importer(815301076,1909f56bfc062723c751e8b465ee728b)
Start importing Packages/com.unity.textmeshpro/Editor Resources/Textures/btn_AlignRight_Light.psd using Guid(e05ace3bd15740cda0bad60d89092a5b) Importer(815301076,1909f56bfc062723c751e8b465ee728b)  -> (artifact id: '215b1d54a9f89e17ffcf8907f0a5b953') in 0.019677 seconds 
========================================================================
Received Import Request.
  Time since last request: 0.000098 seconds.
  path: Packages/com.unity.textmeshpro/Editor Resources/Textures/btn_AlignTop_Light.psd
  artifactKey: Guid(ed041e68439749a69d0efa0e3d896c2e) Importer(815301076,1909f56bfc062723c751e8b465ee728b)
Start importing Packages/com.unity.textmeshpro/Editor Resources/Textures/btn_AlignTop_Light.psd using Guid(ed041e68439749a69d0efa0e3d896c2e) Importer(815301076,1909f56bfc062723c751e8b465ee728b)  -> (artifact id: '774935438ba6521b9e930de97257dbbc') in 0.021867 seconds 
========================================================================
Received Import Request.
  Time since last request: 0.281735 seconds.
  path: Packages/com.unity.testtools.codecoverage/Editor/Icons/CodeCoverage@2x.png
  artifactKey: Guid(37164f8d49df70f448b593fa86e488f5) Importer(815301076,1909f56bfc062723c751e8b465ee728b)
Start importing Packages/com.unity.testtools.codecoverage/Editor/Icons/CodeCoverage@2x.png using Guid(37164f8d49df70f448b593fa86e488f5) Importer(815301076,1909f56bfc062723c751e8b465ee728b)  -> (artifact id: 'd2eefb535b347c944cf36a89047e6775') in 0.011859 seconds 
========================================================================
Received Import Request.
  Time since last request: 0.030436 seconds.
  path: Packages/com.unity.collab-proxy/Editor/PlasticSCM/Assets/Images/d_cloudbuho.png
  artifactKey: Guid(e5600378dd761e64d9423790c482bf36) Importer(815301076,1909f56bfc062723c751e8b465ee728b)
Start importing Packages/com.unity.collab-proxy/Editor/PlasticSCM/Assets/Images/d_cloudbuho.png using Guid(e5600378dd761e64d9423790c482bf36) Importer(815301076,1909f56bfc062723c751e8b465ee728b)  -> (artifact id: '8abf222ae91efba17e44c3e9f4b0f8f8') in 0.028752 seconds 
========================================================================
Received Import Request.
  Time since last request: 0.315943 seconds.
  path: Packages/com.unity.testtools.codecoverage/Editor/Icons/d_CodeCoverage.png
  artifactKey: Guid(48e45b7f100ee4b48a02e05135e6cece) Importer(815301076,1909f56bfc062723c751e8b465ee728b)
Start importing Packages/com.unity.testtools.codecoverage/Editor/Icons/d_CodeCoverage.png using Guid(48e45b7f100ee4b48a02e05135e6cece) Importer(815301076,1909f56bfc062723c751e8b465ee728b)  -> (artifact id: '6b7037542e8310cbc1262e4b1c677f26') in 0.016432 seconds 
========================================================================
Received Import Request.
  Time since last request: 0.193339 seconds.
  path: Packages/com.unity.collab-proxy/Editor/PlasticSCM/Assets/Images/d_colorbuho.png
  artifactKey: Guid(3a0c527d7f890d64a9b56b086e6e766a) Importer(815301076,1909f56bfc062723c751e8b465ee728b)
Start importing Packages/com.unity.collab-proxy/Editor/PlasticSCM/Assets/Images/d_colorbuho.png using Guid(3a0c527d7f890d64a9b56b086e6e766a) Importer(815301076,1909f56bfc062723c751e8b465ee728b)  -> (artifact id: '1945c903b593348fdc14798ed53eef26') in 0.037306 seconds 
========================================================================
Received Import Request.
  Time since last request: 0.028665 seconds.
  path: Packages/com.unity.collab-proxy/Editor/PlasticSCM/Assets/Images/d_colorbuhoshe.png
  artifactKey: Guid(a04ecc9d5e12d5d449077414eb86635e) Importer(815301076,1909f56bfc062723c751e8b465ee728b)
Start importing Packages/com.unity.collab-proxy/Editor/PlasticSCM/Assets/Images/d_colorbuhoshe.png using Guid(a04ecc9d5e12d5d449077414eb86635e) Importer(815301076,1909f56bfc062723c751e8b465ee728b)  -> (artifact id: '9baf2b415eb8f8e21b7b1e8690fadd5c') in 0.025715 seconds 
========================================================================
Received Import Request.
  Time since last request: 0.274069 seconds.
  path: Packages/com.unity.collab-proxy/Editor/PlasticSCM/Assets/Images/d_expertbuho.png
  artifactKey: Guid(13e7e6fe43a8aa049bcd610bbc1f5ff8) Importer(815301076,1909f56bfc062723c751e8b465ee728b)
Start importing Packages/com.unity.collab-proxy/Editor/PlasticSCM/Assets/Images/d_expertbuho.png using Guid(13e7e6fe43a8aa049bcd610bbc1f5ff8) Importer(815301076,1909f56bfc062723c751e8b465ee728b)  -> (artifact id: 'bdf9ca67f562c30990d7f2ccde3ae039') in 0.028432 seconds 
========================================================================
Received Import Request.
  Time since last request: 0.000023 seconds.
  path: Packages/com.unity.collab-proxy/Editor/PlasticSCM/Assets/Images/d_expertbuhoshe.png
  artifactKey: Guid(8325d4ef0a6eb3d43952aff8a06d9f45) Importer(815301076,1909f56bfc062723c751e8b465ee728b)
Start importing Packages/com.unity.collab-proxy/Editor/PlasticSCM/Assets/Images/d_expertbuhoshe.png using Guid(8325d4ef0a6eb3d43952aff8a06d9f45) Importer(815301076,1909f56bfc062723c751e8b465ee728b)  -> (artifact id: 'b81212c8468e99743d5029be8da8d923') in 0.035029 seconds 
========================================================================
Received Import Request.
  Time since last request: 0.000122 seconds.
  path: Packages/com.unity.collab-proxy/Editor/PlasticSCM/Assets/Images/d_expertbuhoshechristmas.png
  artifactKey: Guid(372e7b39fc8f34549ac25d8757965a2c) Importer(815301076,1909f56bfc062723c751e8b465ee728b)
Start importing Packages/com.unity.collab-proxy/Editor/PlasticSCM/Assets/Images/d_expertbuhoshechristmas.png using Guid(372e7b39fc8f34549ac25d8757965a2c) Importer(815301076,1909f56bfc062723c751e8b465ee728b)  -> (artifact id: '3cd20813968673848a8e1eabbb07ea6a') in 0.037730 seconds 
