Using pre-set license
Built from '2021.3/staging' branch; Version is '2021.3.18f1 (3129e69bc0c7) revision 3221990'; Using compiler version '192829333'; Build Type 'Release'
OS: 'Windows 10  (10.0.19044) 64bit Professional' Language: 'ru' Physical Memory: 16163 MB
BatchMode: 1, IsHumanControllingUs: 0, StartBugReporterOnCrash: 0, Is64bit: 1, IsPro: 1

COMMAND LINE ARGUMENTS:
C:\Program Files\Unity\Hub\Editor\2021.3.18f1\Editor\Unity.exe
-adb2
-batchMode
-noUpm
-name
AssetImportWorker0
-projectPath
C:/Users/User/Desktop/dimarabotay/My project (2)
-logFile
Logs/AssetImportWorker0.log
-srvPort
62423
Successfully changed project path to: C:/Users/User/Desktop/dimarabotay/My project (2)
C:/Users/User/Desktop/dimarabotay/My project (2)
[UnityMemory] Configuration Parameters - Can be set up in boot.config
    "memorysetup-bucket-allocator-granularity=16"
    "memorysetup-bucket-allocator-bucket-count=8"
    "memorysetup-bucket-allocator-block-size=33554432"
    "memorysetup-bucket-allocator-block-count=8"
    "memorysetup-main-allocator-block-size=16777216"
    "memorysetup-thread-allocator-block-size=16777216"
    "memorysetup-gfx-main-allocator-block-size=16777216"
    "memorysetup-gfx-thread-allocator-block-size=16777216"
    "memorysetup-cache-allocator-block-size=4194304"
    "memorysetup-typetree-allocator-block-size=2097152"
    "memorysetup-profiler-bucket-allocator-granularity=16"
    "memorysetup-profiler-bucket-allocator-bucket-count=8"
    "memorysetup-profiler-bucket-allocator-block-size=33554432"
    "memorysetup-profiler-bucket-allocator-block-count=8"
    "memorysetup-profiler-allocator-block-size=16777216"
    "memorysetup-profiler-editor-allocator-block-size=1048576"
    "memorysetup-temp-allocator-size-main=16777216"
    "memorysetup-job-temp-allocator-block-size=2097152"
    "memorysetup-job-temp-allocator-block-size-background=1048576"
    "memorysetup-job-temp-allocator-reduction-small-platforms=262144"
    "memorysetup-temp-allocator-size-background-worker=32768"
    "memorysetup-temp-allocator-size-job-worker=262144"
    "memorysetup-temp-allocator-size-preload-manager=33554432"
    "memorysetup-temp-allocator-size-nav-mesh-worker=65536"
    "memorysetup-temp-allocator-size-audio-worker=65536"
    "memorysetup-temp-allocator-size-cloud-worker=32768"
    "memorysetup-temp-allocator-size-gi-baking-worker=262144"
    "memorysetup-temp-allocator-size-gfx=262144"
Player connection [8632] Host "[IP] 25.12.2.235 [Port] 0 [Flags] 2 [Guid] 339497152 [EditorId] 339497152 [Version] 1048832 [Id] WindowsEditor(7,WIN-VHP11R4SR6V) [Debug] 1 [PackageName] WindowsEditor [ProjectName] Editor" joined multi-casting on [225.0.0.222:54997]...

Player connection [8632] Host "[IP] 25.12.2.235 [Port] 0 [Flags] 2 [Guid] 339497152 [EditorId] 339497152 [Version] 1048832 [Id] WindowsEditor(7,WIN-VHP11R4SR6V) [Debug] 1 [PackageName] WindowsEditor [ProjectName] Editor" joined alternative multi-casting on [225.0.0.222:34997]...

Refreshing native plugins compatible for Editor in 92.22 ms, found 3 plugins.
Preloading 0 native plugins for Editor in 0.00 ms.
Initialize engine version: 2021.3.18f1 (3129e69bc0c7)
[Subsystems] Discovering subsystems at path C:/Program Files/Unity/Hub/Editor/2021.3.18f1/Editor/Data/Resources/UnitySubsystems
[Subsystems] Discovering subsystems at path C:/Users/User/Desktop/dimarabotay/My project (2)/Assets
GfxDevice: creating device client; threaded=0; jobified=0
Direct3D:
    Version:  Direct3D 11.0 [level 11.1]
    Renderer: NVIDIA GeForce RTX 3050 Ti Laptop GPU (ID=0x25a0)
    Vendor:   NVIDIA
    VRAM:     3976 MB
    Driver:   31.0.15.2756
Initialize mono
Mono path[0] = 'C:/Program Files/Unity/Hub/Editor/2021.3.18f1/Editor/Data/Managed'
Mono path[1] = 'C:/Program Files/Unity/Hub/Editor/2021.3.18f1/Editor/Data/MonoBleedingEdge/lib/mono/unityjit-win32'
Mono config path = 'C:/Program Files/Unity/Hub/Editor/2021.3.18f1/Editor/Data/MonoBleedingEdge/etc'
Using monoOptions --debugger-agent=transport=dt_socket,embedding=1,server=y,suspend=n,address=127.0.0.1:56580
Begin MonoManager ReloadAssembly
Registering precompiled unity dll's ...
Register platform support module: C:/Program Files/Unity/Hub/Editor/2021.3.18f1/Editor/Data/PlaybackEngines/WebGLSupport/UnityEditor.WebGL.Extensions.dll
Register platform support module: C:/Program Files/Unity/Hub/Editor/2021.3.18f1/Editor/Data/PlaybackEngines/WindowsStandaloneSupport/UnityEditor.WindowsStandalone.Extensions.dll
Registered in 0.006831 seconds.
Native extension for WindowsStandalone target not found
Native extension for WebGL target not found
Refreshing native plugins compatible for Editor in 114.30 ms, found 3 plugins.
Preloading 0 native plugins for Editor in 0.00 ms.
Mono: successfully reloaded assembly
- Completed reload, in  0.737 seconds
Domain Reload Profiling:
	ReloadAssembly (738ms)
		BeginReloadAssembly (57ms)
			ExecutionOrderSort (0ms)
			DisableScriptedObjects (0ms)
			BackupInstance (0ms)
			ReleaseScriptingObjects (0ms)
			CreateAndSetChildDomain (1ms)
		EndReloadAssembly (571ms)
			LoadAssemblies (55ms)
			RebuildTransferFunctionScriptingTraits (0ms)
			SetupTypeCache (129ms)
			ReleaseScriptCaches (0ms)
			RebuildScriptCaches (34ms)
			SetupLoadedEditorAssemblies (354ms)
				LogAssemblyErrors (0ms)
				InitializePlatformSupportModulesInManaged (12ms)
				SetLoadedEditorAssemblies (0ms)
				RefreshPlugins (114ms)
				BeforeProcessingInitializeOnLoad (2ms)
				ProcessInitializeOnLoadAttributes (169ms)
				ProcessInitializeOnLoadMethodAttributes (56ms)
				AfterProcessingInitializeOnLoad (0ms)
				EditorAssembliesLoaded (0ms)
			ExecutionOrderSort2 (0ms)
			AwakeInstancesAfterBackupRestoration (0ms)
Platform modules already initialized, skipping
Registering precompiled user dll's ...
Registered in 0.005374 seconds.
Begin MonoManager ReloadAssembly
Symbol file LoadedFromMemory doesn't match image C:\Users\User\Desktop\dimarabotay\My project (2)\Library\PackageCache\com.unity.visualscripting@1.8.0\Editor\VisualScripting.Core\Dependencies\YamlDotNet\Unity.VisualScripting.YamlDotNet.dll
Symbol file LoadedFromMemory doesn't match image C:\Users\User\Desktop\dimarabotay\My project (2)\Library\PackageCache\com.unity.visualscripting@1.8.0\Editor\VisualScripting.Core\Dependencies\DotNetZip\Unity.VisualScripting.IonicZip.dll
Native extension for WindowsStandalone target not found
Native extension for WebGL target not found
Refreshing native plugins compatible for Editor in 0.81 ms, found 3 plugins.
Preloading 0 native plugins for Editor in 0.00 ms.
Mono: successfully reloaded assembly
- Completed reload, in  1.121 seconds
Domain Reload Profiling:
	ReloadAssembly (1122ms)
		BeginReloadAssembly (118ms)
			ExecutionOrderSort (0ms)
			DisableScriptedObjects (7ms)
			BackupInstance (0ms)
			ReleaseScriptingObjects (0ms)
			CreateAndSetChildDomain (24ms)
		EndReloadAssembly (872ms)
			LoadAssemblies (77ms)
			RebuildTransferFunctionScriptingTraits (0ms)
			SetupTypeCache (320ms)
			ReleaseScriptCaches (1ms)
			RebuildScriptCaches (58ms)
			SetupLoadedEditorAssemblies (371ms)
				LogAssemblyErrors (0ms)
				InitializePlatformSupportModulesInManaged (8ms)
				SetLoadedEditorAssemblies (0ms)
				RefreshPlugins (1ms)
				BeforeProcessingInitializeOnLoad (112ms)
				ProcessInitializeOnLoadAttributes (224ms)
				ProcessInitializeOnLoadMethodAttributes (18ms)
				AfterProcessingInitializeOnLoad (7ms)
				EditorAssembliesLoaded (0ms)
			ExecutionOrderSort2 (0ms)
			AwakeInstancesAfterBackupRestoration (6ms)
Platform modules already initialized, skipping
========================================================================
Worker process is ready to serve import requests
Launched and connected shader compiler UnityShaderCompiler.exe after 0.04 seconds
Refreshing native plugins compatible for Editor in 0.80 ms, found 3 plugins.
Preloading 0 native plugins for Editor in 0.00 ms.
Unloading 3073 Unused Serialized files (Serialized files now loaded: 0)
Unloading 24 unused Assets / (114.0 KB). Loaded Objects now: 3551.
Memory consumption went from 121.9 MB to 121.8 MB.
Total: 3.541700 ms (FindLiveObjects: 0.318400 ms CreateObjectMapping: 0.195000 ms MarkObjects: 2.882400 ms  DeleteObjects: 0.144100 ms)

AssetImportParameters requested are different than current active one (requested -> active):
  custom:video-decoder-ogg-theora: a1e56fd34408186e4bbccfd4996cb3dc -> 
  custom:container-muxer-webm: aa71ff27fc2769a1b78a27578f13a17b -> 
  custom:container-demuxer-webm: 4f35f7cbe854078d1ac9338744f61a02 -> 
  custom:video-encoder-webm-vp8: eb34c28f22e8b96e1ab97ce403110664 -> 
  custom:audio-encoder-webm-vorbis: bf7c407c2cedff20999df2af8eb42d56 -> 
  custom:framework-win-MediaFoundation: 216162199b28c13a410421893ffa2e32 -> 
  custom:container-demuxer-ogg: 62fdf1f143b41e24485cea50d1cbac27 -> 
  custom:video-decoder-webm-vp8: 9c59270c3fd7afecdb556c50c9e8de78 -> 
  custom:audio-decoder-ogg-vorbis: bf7c407c2cedff20999df2af8eb42d56 -> 
========================================================================
Received Import Request.
  Time since last request: 1643.539424 seconds.
  path: Assets/LowPolyBarriersPackFree/BonusAssets/Materials
  artifactKey: Guid(0bbd410553883b34798c6bda0faf1e2f) Importer(815301076,1909f56bfc062723c751e8b465ee728b)
Start importing Assets/LowPolyBarriersPackFree/BonusAssets/Materials using Guid(0bbd410553883b34798c6bda0faf1e2f) Importer(815301076,1909f56bfc062723c751e8b465ee728b)  -> (artifact id: '59b5851cabb324cba0169dda6d7b54ea') in 0.013225 seconds 
========================================================================
Received Import Request.
  Time since last request: 0.354148 seconds.
  path: Assets/LowPolyBarriersPackFree/BonusAssets/PostProcess Settings
  artifactKey: Guid(94046ef030bda2642ad8e803a95cabc3) Importer(815301076,1909f56bfc062723c751e8b465ee728b)
Start importing Assets/LowPolyBarriersPackFree/BonusAssets/PostProcess Settings using Guid(94046ef030bda2642ad8e803a95cabc3) Importer(815301076,1909f56bfc062723c751e8b465ee728b)  -> (artifact id: '5d969b4611639c06408b05d098963a21') in 0.005426 seconds 
========================================================================
Received Import Request.
  Time since last request: 0.258966 seconds.
  path: Assets/LowPolyBarriersPackFree/BonusAssets/PostProcess Settings/PP_Demo_Scene.asset
  artifactKey: Guid(3b62728f241644f46b054d335d406b0c) Importer(815301076,1909f56bfc062723c751e8b465ee728b)
Start importing Assets/LowPolyBarriersPackFree/BonusAssets/PostProcess Settings/PP_Demo_Scene.asset using Guid(3b62728f241644f46b054d335d406b0c) Importer(815301076,1909f56bfc062723c751e8b465ee728b)  -> (artifact id: 'e5ade2d458e3f87935c3bba726628bf5') in 0.024340 seconds 
========================================================================
Received Import Request.
  Time since last request: 2.839983 seconds.
  path: Assets/LowPolyBarriersPackFree/BarriersAssets/Prefabs
  artifactKey: Guid(fe9a4f251de7c0e45a24b6aad38e9264) Importer(815301076,1909f56bfc062723c751e8b465ee728b)
Start importing Assets/LowPolyBarriersPackFree/BarriersAssets/Prefabs using Guid(fe9a4f251de7c0e45a24b6aad38e9264) Importer(815301076,1909f56bfc062723c751e8b465ee728b)  -> (artifact id: '4ea40e1f968b969b1dc87b0b57a30a22') in 0.007154 seconds 
========================================================================
Received Import Request.
  Time since last request: 2.214801 seconds.
  path: Assets/LowPolyBarriersPackFree/BarriersAssets/Prefabs/BarbedWireBarriers
  artifactKey: Guid(0c0afcfcb639c8f478aac550be5a396a) Importer(815301076,1909f56bfc062723c751e8b465ee728b)
Start importing Assets/LowPolyBarriersPackFree/BarriersAssets/Prefabs/BarbedWireBarriers using Guid(0c0afcfcb639c8f478aac550be5a396a) Importer(815301076,1909f56bfc062723c751e8b465ee728b)  -> (artifact id: 'a16172b33b6729f8bba8972527fe4592') in 0.005419 seconds 
========================================================================
Received Import Request.
  Time since last request: 2.600949 seconds.
  path: Assets/LowPolyBarriersPackFree/BarriersAssets/Prefabs/BarbedWireBarriers/BarbedWireFence_36_v1.prefab
  artifactKey: Guid(17ae22a8c221d254f84fbe0e68ed0705) Importer(815301076,1909f56bfc062723c751e8b465ee728b)
Start importing Assets/LowPolyBarriersPackFree/BarriersAssets/Prefabs/BarbedWireBarriers/BarbedWireFence_36_v1.prefab using Guid(17ae22a8c221d254f84fbe0e68ed0705) Importer(815301076,1909f56bfc062723c751e8b465ee728b)  -> (artifact id: '9a2baf1b7f4e8f4bdb58f5475c4df988') in 0.104381 seconds 
========================================================================
Received Import Request.
  Time since last request: 4.651220 seconds.
  path: Assets/LowPolyBarriersPackFree/BarriersAssets/Prefabs/ConcreteBarriers
  artifactKey: Guid(46019d08a523ba44bb92b4f9d6ba7f65) Importer(815301076,1909f56bfc062723c751e8b465ee728b)
Start importing Assets/LowPolyBarriersPackFree/BarriersAssets/Prefabs/ConcreteBarriers using Guid(46019d08a523ba44bb92b4f9d6ba7f65) Importer(815301076,1909f56bfc062723c751e8b465ee728b)  -> (artifact id: '64c19159fd50b0fb7fe344fe183220c2') in 0.005600 seconds 
========================================================================
Received Import Request.
  Time since last request: 0.103369 seconds.
  path: Assets/LowPolyBarriersPackFree/BarriersAssets/Prefabs/ConcreteBarriers/ConcreteBarrier_05_v1.prefab
  artifactKey: Guid(40b46e1d91f880f45981175d9b4d1af0) Importer(815301076,1909f56bfc062723c751e8b465ee728b)
Start importing Assets/LowPolyBarriersPackFree/BarriersAssets/Prefabs/ConcreteBarriers/ConcreteBarrier_05_v1.prefab using Guid(40b46e1d91f880f45981175d9b4d1af0) Importer(815301076,1909f56bfc062723c751e8b465ee728b)  -> (artifact id: 'b59765f6b66a60ea39de4999ec91d7b9') in 0.012496 seconds 
========================================================================
Received Import Request.
  Time since last request: 0.000020 seconds.
  path: Assets/LowPolyBarriersPackFree/BarriersAssets/Prefabs/ConcreteBarriers/ConcreteBarrier_29_v3.prefab
  artifactKey: Guid(f5b099e6487383d4f8661e894b5d3f64) Importer(815301076,1909f56bfc062723c751e8b465ee728b)
Start importing Assets/LowPolyBarriersPackFree/BarriersAssets/Prefabs/ConcreteBarriers/ConcreteBarrier_29_v3.prefab using Guid(f5b099e6487383d4f8661e894b5d3f64) Importer(815301076,1909f56bfc062723c751e8b465ee728b)  -> (artifact id: 'd8de450dbdb190437caa971431434b2a') in 0.011663 seconds 
========================================================================
Received Import Request.
  Time since last request: 3.614146 seconds.
  path: Assets/LowPolyBarriersPackFree/BarriersAssets/Prefabs/MetalBarriers
  artifactKey: Guid(c2458e78c9fcc8c4ea2cee9e21143c43) Importer(815301076,1909f56bfc062723c751e8b465ee728b)
Start importing Assets/LowPolyBarriersPackFree/BarriersAssets/Prefabs/MetalBarriers using Guid(c2458e78c9fcc8c4ea2cee9e21143c43) Importer(815301076,1909f56bfc062723c751e8b465ee728b)  -> (artifact id: 'c6f772510b754ddbffe73abdc67f97d1') in 0.005807 seconds 
========================================================================
Received Import Request.
  Time since last request: 0.083809 seconds.
  path: Assets/LowPolyBarriersPackFree/BarriersAssets/Prefabs/MetalBarriers/MetalBarrier_06_v2.prefab
  artifactKey: Guid(afc561f13a5ea0346867dabaab718d45) Importer(815301076,1909f56bfc062723c751e8b465ee728b)
Start importing Assets/LowPolyBarriersPackFree/BarriersAssets/Prefabs/MetalBarriers/MetalBarrier_06_v2.prefab using Guid(afc561f13a5ea0346867dabaab718d45) Importer(815301076,1909f56bfc062723c751e8b465ee728b)  -> (artifact id: '07634867b5cf128a2823ffc579ba2516') in 0.015405 seconds 
========================================================================
Received Import Request.
  Time since last request: 245.265735 seconds.
  path: Assets/LowPolyBarriersPackFree/BarriersAssets/Prefabs/SandBagBarriers
  artifactKey: Guid(730d0339fd02af244b5a4ab699160e87) Importer(815301076,1909f56bfc062723c751e8b465ee728b)
Start importing Assets/LowPolyBarriersPackFree/BarriersAssets/Prefabs/SandBagBarriers using Guid(730d0339fd02af244b5a4ab699160e87) Importer(815301076,1909f56bfc062723c751e8b465ee728b)  -> (artifact id: '91145e34194fc041447049a0f9545991') in 0.008049 seconds 
========================================================================
Received Import Request.
  Time since last request: 0.187197 seconds.
  path: Assets/LowPolyBarriersPackFree/BarriersAssets/Prefabs/SandBagBarriers/SandBagPallet_16_v3.prefab
  artifactKey: Guid(2e8e35039a5a5de429bb5ef87354e790) Importer(815301076,1909f56bfc062723c751e8b465ee728b)
Start importing Assets/LowPolyBarriersPackFree/BarriersAssets/Prefabs/SandBagBarriers/SandBagPallet_16_v3.prefab using Guid(2e8e35039a5a5de429bb5ef87354e790) Importer(815301076,1909f56bfc062723c751e8b465ee728b)  -> (artifact id: '28c8765b158cb7c73d10d75cf3e4bf3b') in 0.013107 seconds 
========================================================================
Received Import Request.
  Time since last request: 0.000020 seconds.
  path: Assets/LowPolyBarriersPackFree/BarriersAssets/Prefabs/SandBagBarriers/SandBarrier_28_v1.prefab
  artifactKey: Guid(0371f61bcdd2799478720637ee746b4f) Importer(815301076,1909f56bfc062723c751e8b465ee728b)
Start importing Assets/LowPolyBarriersPackFree/BarriersAssets/Prefabs/SandBagBarriers/SandBarrier_28_v1.prefab using Guid(0371f61bcdd2799478720637ee746b4f) Importer(815301076,1909f56bfc062723c751e8b465ee728b)  -> (artifact id: '499dd0a767eee474f551d0b0a6d95c9b') in 0.010449 seconds 
========================================================================
Received Import Request.
  Time since last request: 18.809720 seconds.
  path: Assets/LowPolyBarriersPackFree/BarriersAssets/Prefabs/WoodenBarriers
  artifactKey: Guid(edc8841c13da7e84181e5e6e11f6a785) Importer(815301076,1909f56bfc062723c751e8b465ee728b)
Start importing Assets/LowPolyBarriersPackFree/BarriersAssets/Prefabs/WoodenBarriers using Guid(edc8841c13da7e84181e5e6e11f6a785) Importer(815301076,1909f56bfc062723c751e8b465ee728b)  -> (artifact id: '4ee17bdd68bbd094980010f749290e53') in 0.005859 seconds 
========================================================================
Received Import Request.
  Time since last request: 0.159078 seconds.
  path: Assets/LowPolyBarriersPackFree/BarriersAssets/Prefabs/WoodenBarriers/WoodenBarrier_09_v1.prefab
  artifactKey: Guid(4d77b47f753caf24493215b264f25ad6) Importer(815301076,1909f56bfc062723c751e8b465ee728b)
Start importing Assets/LowPolyBarriersPackFree/BarriersAssets/Prefabs/WoodenBarriers/WoodenBarrier_09_v1.prefab using Guid(4d77b47f753caf24493215b264f25ad6) Importer(815301076,1909f56bfc062723c751e8b465ee728b)  -> (artifact id: '9b68abe3265a51fdb7c2cce3122b35d1') in 0.011085 seconds 
========================================================================
Received Import Request.
  Time since last request: 4.976152 seconds.
  path: Assets/LowPolyBarriersPackFree/BarriersAssets/Prefabs/WoodenBarriers/WoodenBarrierParts
  artifactKey: Guid(190e9fac903b74f47b669b6c2b32835e) Importer(815301076,1909f56bfc062723c751e8b465ee728b)
Start importing Assets/LowPolyBarriersPackFree/BarriersAssets/Prefabs/WoodenBarriers/WoodenBarrierParts using Guid(190e9fac903b74f47b669b6c2b32835e) Importer(815301076,1909f56bfc062723c751e8b465ee728b)  -> (artifact id: '9384bd71372cade06cedc2797aba5566') in 0.005305 seconds 
========================================================================
Received Import Request.
  Time since last request: 0.193665 seconds.
  path: Assets/LowPolyBarriersPackFree/BarriersAssets/Prefabs/WoodenBarriers/WoodenBarrierParts/SingleLog_09_v1.prefab
  artifactKey: Guid(c61730e7e4ed08945ac03d38e89efc05) Importer(815301076,1909f56bfc062723c751e8b465ee728b)
Start importing Assets/LowPolyBarriersPackFree/BarriersAssets/Prefabs/WoodenBarriers/WoodenBarrierParts/SingleLog_09_v1.prefab using Guid(c61730e7e4ed08945ac03d38e89efc05) Importer(815301076,1909f56bfc062723c751e8b465ee728b)  -> (artifact id: 'af39e70284ba901d20b978581749961b') in 0.011071 seconds 
========================================================================
Received Import Request.
  Time since last request: 1588.271453 seconds.
  path: Assets/Wand and Circles
  artifactKey: Guid(c5b1db68e758707439b4ae5d8b9e2822) Importer(815301076,1909f56bfc062723c751e8b465ee728b)
Start importing Assets/Wand and Circles using Guid(c5b1db68e758707439b4ae5d8b9e2822) Importer(815301076,1909f56bfc062723c751e8b465ee728b)  -> (artifact id: '0fe8005968a10e58bd8e0b4d69de83fb') in 0.006033 seconds 
========================================================================
Received Import Request.
  Time since last request: 5.533866 seconds.
  path: Assets/Lowpoly Style
  artifactKey: Guid(2826a914410bbfc4aa23b053133b6563) Importer(815301076,1909f56bfc062723c751e8b465ee728b)
Start importing Assets/Lowpoly Style using Guid(2826a914410bbfc4aa23b053133b6563) Importer(815301076,1909f56bfc062723c751e8b465ee728b)  -> (artifact id: '43b559fa689ed0abbc768ae78c6c861d') in 0.005522 seconds 
========================================================================
Received Import Request.
  Time since last request: 1.595095 seconds.
  path: Assets/LowPolyBarriersPackFree
  artifactKey: Guid(de91f248a9e65784ab12cd22984dc609) Importer(815301076,1909f56bfc062723c751e8b465ee728b)
Start importing Assets/LowPolyBarriersPackFree using Guid(de91f248a9e65784ab12cd22984dc609) Importer(815301076,1909f56bfc062723c751e8b465ee728b)  -> (artifact id: '849ebd3135ab4012d58f39b3873d7db8') in 0.005646 seconds 
========================================================================
Received Import Request.
  Time since last request: 5.119301 seconds.
  path: Assets/LowPolyBarriersPackFree/BarriersAssets
  artifactKey: Guid(0b8ec16315b085444a9364ec08d376a6) Importer(815301076,1909f56bfc062723c751e8b465ee728b)
Start importing Assets/LowPolyBarriersPackFree/BarriersAssets using Guid(0b8ec16315b085444a9364ec08d376a6) Importer(815301076,1909f56bfc062723c751e8b465ee728b)  -> (artifact id: '32461062c842a85b79898da5f2e5bb55') in 0.005797 seconds 
========================================================================
Received Prepare
Registering precompiled user dll's ...
Registered in 0.008951 seconds.
Begin MonoManager ReloadAssembly
Symbol file LoadedFromMemory doesn't match image C:\Users\User\Desktop\dimarabotay\My project (2)\Library\PackageCache\com.unity.visualscripting@1.8.0\Editor\VisualScripting.Core\Dependencies\YamlDotNet\Unity.VisualScripting.YamlDotNet.dll
Symbol file LoadedFromMemory doesn't match image C:\Users\User\Desktop\dimarabotay\My project (2)\Library\PackageCache\com.unity.visualscripting@1.8.0\Editor\VisualScripting.Core\Dependencies\DotNetZip\Unity.VisualScripting.IonicZip.dll
Native extension for WindowsStandalone target not found
Native extension for WebGL target not found
Refreshing native plugins compatible for Editor in 0.96 ms, found 3 plugins.
Preloading 0 native plugins for Editor in 0.00 ms.
Mono: successfully reloaded assembly
- Completed reload, in  1.536 seconds
Domain Reload Profiling:
	ReloadAssembly (1537ms)
		BeginReloadAssembly (204ms)
			ExecutionOrderSort (0ms)
			DisableScriptedObjects (8ms)
			BackupInstance (0ms)
			ReleaseScriptingObjects (0ms)
			CreateAndSetChildDomain (63ms)
		EndReloadAssembly (1176ms)
			LoadAssemblies (117ms)
			RebuildTransferFunctionScriptingTraits (0ms)
			SetupTypeCache (432ms)
			ReleaseScriptCaches (2ms)
			RebuildScriptCaches (72ms)
			SetupLoadedEditorAssemblies (485ms)
				LogAssemblyErrors (0ms)
				InitializePlatformSupportModulesInManaged (23ms)
				SetLoadedEditorAssemblies (1ms)
				RefreshPlugins (1ms)
				BeforeProcessingInitializeOnLoad (105ms)
				ProcessInitializeOnLoadAttributes (316ms)
				ProcessInitializeOnLoadMethodAttributes (28ms)
				AfterProcessingInitializeOnLoad (11ms)
				EditorAssembliesLoaded (0ms)
			ExecutionOrderSort2 (0ms)
			AwakeInstancesAfterBackupRestoration (10ms)
Platform modules already initialized, skipping
Refreshing native plugins compatible for Editor in 2.52 ms, found 3 plugins.
Preloading 0 native plugins for Editor in 0.00 ms.
Unloading 3067 Unused Serialized files (Serialized files now loaded: 0)
Unloading 17 unused Assets / (80.7 KB). Loaded Objects now: 3562.
Memory consumption went from 126.1 MB to 126.0 MB.
Total: 4.584900 ms (FindLiveObjects: 0.427100 ms CreateObjectMapping: 0.157400 ms MarkObjects: 3.826400 ms  DeleteObjects: 0.172200 ms)

AssetImportParameters requested are different than current active one (requested -> active):
  custom:video-decoder-ogg-theora: a1e56fd34408186e4bbccfd4996cb3dc -> 
  custom:container-muxer-webm: aa71ff27fc2769a1b78a27578f13a17b -> 
  custom:container-demuxer-webm: 4f35f7cbe854078d1ac9338744f61a02 -> 
  custom:video-encoder-webm-vp8: eb34c28f22e8b96e1ab97ce403110664 -> 
  custom:audio-encoder-webm-vorbis: bf7c407c2cedff20999df2af8eb42d56 -> 
  custom:framework-win-MediaFoundation: 216162199b28c13a410421893ffa2e32 -> 
  custom:container-demuxer-ogg: 62fdf1f143b41e24485cea50d1cbac27 -> 
  custom:video-decoder-webm-vp8: 9c59270c3fd7afecdb556c50c9e8de78 -> 
  custom:audio-decoder-ogg-vorbis: bf7c407c2cedff20999df2af8eb42d56 -> 
========================================================================
Received Import Request.
  Time since last request: 559.431221 seconds.
  path: Assets/POLYGON - FPS free/scripts/killer_bunny.cs
  artifactKey: Guid(5584e164dbdfc0d43863b19be2b90f86) Importer(815301076,1909f56bfc062723c751e8b465ee728b)
Start importing Assets/POLYGON - FPS free/scripts/killer_bunny.cs using Guid(5584e164dbdfc0d43863b19be2b90f86) Importer(815301076,1909f56bfc062723c751e8b465ee728b)  -> (artifact id: 'f0e62f2317c5b5e133660095f9af7fdd') in 0.021943 seconds 
========================================================================
Received Prepare
Registering precompiled user dll's ...
Registered in 0.003844 seconds.
Begin MonoManager ReloadAssembly
Symbol file LoadedFromMemory doesn't match image C:\Users\User\Desktop\dimarabotay\My project (2)\Library\PackageCache\com.unity.visualscripting@1.8.0\Editor\VisualScripting.Core\Dependencies\YamlDotNet\Unity.VisualScripting.YamlDotNet.dll
Symbol file LoadedFromMemory doesn't match image C:\Users\User\Desktop\dimarabotay\My project (2)\Library\PackageCache\com.unity.visualscripting@1.8.0\Editor\VisualScripting.Core\Dependencies\DotNetZip\Unity.VisualScripting.IonicZip.dll
Native extension for WindowsStandalone target not found
Native extension for WebGL target not found
Refreshing native plugins compatible for Editor in 1.09 ms, found 3 plugins.
Preloading 0 native plugins for Editor in 0.00 ms.
Mono: successfully reloaded assembly
- Completed reload, in  1.470 seconds
Domain Reload Profiling:
	ReloadAssembly (1471ms)
		BeginReloadAssembly (167ms)
			ExecutionOrderSort (0ms)
			DisableScriptedObjects (7ms)
			BackupInstance (0ms)
			ReleaseScriptingObjects (0ms)
			CreateAndSetChildDomain (39ms)
		EndReloadAssembly (1163ms)
			LoadAssemblies (112ms)
			RebuildTransferFunctionScriptingTraits (0ms)
			SetupTypeCache (396ms)
			ReleaseScriptCaches (2ms)
			RebuildScriptCaches (74ms)
			SetupLoadedEditorAssemblies (507ms)
				LogAssemblyErrors (0ms)
				InitializePlatformSupportModulesInManaged (30ms)
				SetLoadedEditorAssemblies (1ms)
				RefreshPlugins (1ms)
				BeforeProcessingInitializeOnLoad (115ms)
				ProcessInitializeOnLoadAttributes (321ms)
				ProcessInitializeOnLoadMethodAttributes (29ms)
				AfterProcessingInitializeOnLoad (10ms)
				EditorAssembliesLoaded (0ms)
			ExecutionOrderSort2 (0ms)
			AwakeInstancesAfterBackupRestoration (10ms)
Platform modules already initialized, skipping
Refreshing native plugins compatible for Editor in 3.39 ms, found 3 plugins.
Preloading 0 native plugins for Editor in 0.00 ms.
Unloading 3067 Unused Serialized files (Serialized files now loaded: 0)
Unloading 17 unused Assets / (80.7 KB). Loaded Objects now: 3565.
Memory consumption went from 126.1 MB to 126.0 MB.
Total: 3.619200 ms (FindLiveObjects: 0.314600 ms CreateObjectMapping: 0.113200 ms MarkObjects: 3.035700 ms  DeleteObjects: 0.153500 ms)

AssetImportParameters requested are different than current active one (requested -> active):
  custom:video-decoder-ogg-theora: a1e56fd34408186e4bbccfd4996cb3dc -> 
  custom:container-muxer-webm: aa71ff27fc2769a1b78a27578f13a17b -> 
  custom:container-demuxer-webm: 4f35f7cbe854078d1ac9338744f61a02 -> 
  custom:video-encoder-webm-vp8: eb34c28f22e8b96e1ab97ce403110664 -> 
  custom:audio-encoder-webm-vorbis: bf7c407c2cedff20999df2af8eb42d56 -> 
  custom:framework-win-MediaFoundation: 216162199b28c13a410421893ffa2e32 -> 
  custom:container-demuxer-ogg: 62fdf1f143b41e24485cea50d1cbac27 -> 
  custom:video-decoder-webm-vp8: 9c59270c3fd7afecdb556c50c9e8de78 -> 
  custom:audio-decoder-ogg-vorbis: bf7c407c2cedff20999df2af8eb42d56 -> 
========================================================================
Received Import Request.
  Time since last request: 1179.979168 seconds.
  path: Assets/Low Poly Free Vegetation Kit/Prefabs
  artifactKey: Guid(d4a22d696d01a7249981977642f3bb1a) Importer(815301076,1909f56bfc062723c751e8b465ee728b)
Start importing Assets/Low Poly Free Vegetation Kit/Prefabs using Guid(d4a22d696d01a7249981977642f3bb1a) Importer(815301076,1909f56bfc062723c751e8b465ee728b)  -> (artifact id: '5fac650d64c349f4ac4a977fbdb06f40') in 0.012535 seconds 
========================================================================
Received Import Request.
  Time since last request: 1.657242 seconds.
  path: Assets/Low Poly Free Vegetation Kit/Prefabs/Terrains
  artifactKey: Guid(fd427661ef22ee94bb8df7ea17974fa5) Importer(815301076,1909f56bfc062723c751e8b465ee728b)
Start importing Assets/Low Poly Free Vegetation Kit/Prefabs/Terrains using Guid(fd427661ef22ee94bb8df7ea17974fa5) Importer(815301076,1909f56bfc062723c751e8b465ee728b)  -> (artifact id: '184cf7caa352c85bdc41bcdf3c8fc7c6') in 0.005384 seconds 
========================================================================
Received Import Request.
  Time since last request: 0.160131 seconds.
  path: Assets/Low Poly Free Vegetation Kit/Prefabs/Terrains/Big Terrain 1.prefab
  artifactKey: Guid(021cac7915726eb4c849c3c16ebe90bb) Importer(815301076,1909f56bfc062723c751e8b465ee728b)
Start importing Assets/Low Poly Free Vegetation Kit/Prefabs/Terrains/Big Terrain 1.prefab using Guid(021cac7915726eb4c849c3c16ebe90bb) Importer(815301076,1909f56bfc062723c751e8b465ee728b)  -> (artifact id: '89bcac95b6696768c350d23a8f0bcad3') in 0.100827 seconds 
========================================================================
Received Import Request.
  Time since last request: 0.000025 seconds.
  path: Assets/Low Poly Free Vegetation Kit/Prefabs/Terrains/Terrain 4.prefab
  artifactKey: Guid(95825788e37296d41afedaf1f2acc1b9) Importer(815301076,1909f56bfc062723c751e8b465ee728b)
Start importing Assets/Low Poly Free Vegetation Kit/Prefabs/Terrains/Terrain 4.prefab using Guid(95825788e37296d41afedaf1f2acc1b9) Importer(815301076,1909f56bfc062723c751e8b465ee728b)  -> (artifact id: 'f053dd636fabd97bfed8ca5cba6939eb') in 0.011537 seconds 
========================================================================
Received Import Request.
  Time since last request: 0.000031 seconds.
  path: Assets/Low Poly Free Vegetation Kit/Prefabs/Terrains/Water 2.prefab
  artifactKey: Guid(2a4625c7296ca1848bf85307ce47de11) Importer(815301076,1909f56bfc062723c751e8b465ee728b)
Start importing Assets/Low Poly Free Vegetation Kit/Prefabs/Terrains/Water 2.prefab using Guid(2a4625c7296ca1848bf85307ce47de11) Importer(815301076,1909f56bfc062723c751e8b465ee728b)  -> (artifact id: '4177f6846b158ba18f046163beb2cdc6') in 0.197790 seconds 
========================================================================
Received Import Request.
  Time since last request: 0.000024 seconds.
  path: Assets/Low Poly Free Vegetation Kit/Prefabs/Terrains/Big Terrain 3.prefab
  artifactKey: Guid(4e37b4571247c824c999f8a0381993fd) Importer(815301076,1909f56bfc062723c751e8b465ee728b)
Start importing Assets/Low Poly Free Vegetation Kit/Prefabs/Terrains/Big Terrain 3.prefab using Guid(4e37b4571247c824c999f8a0381993fd) Importer(815301076,1909f56bfc062723c751e8b465ee728b)  -> (artifact id: '578a504a294514ff796f5589c8b56f94') in 0.011398 seconds 
========================================================================
Received Import Request.
  Time since last request: 0.000034 seconds.
  path: Assets/Low Poly Free Vegetation Kit/Prefabs/Terrains/Small Terrrain 5.prefab
  artifactKey: Guid(03cc72561cbb9e546b41049099284b6b) Importer(815301076,1909f56bfc062723c751e8b465ee728b)
Start importing Assets/Low Poly Free Vegetation Kit/Prefabs/Terrains/Small Terrrain 5.prefab using Guid(03cc72561cbb9e546b41049099284b6b) Importer(815301076,1909f56bfc062723c751e8b465ee728b)  -> (artifact id: '4eed46dd65b099fcb2027b0583734972') in 0.010314 seconds 
========================================================================
Received Import Request.
  Time since last request: 0.000020 seconds.
  path: Assets/Low Poly Free Vegetation Kit/Prefabs/Terrains/Big Terrain 5.prefab
  artifactKey: Guid(96e5bec91bac05948b08ef2214e0f074) Importer(815301076,1909f56bfc062723c751e8b465ee728b)
Start importing Assets/Low Poly Free Vegetation Kit/Prefabs/Terrains/Big Terrain 5.prefab using Guid(96e5bec91bac05948b08ef2214e0f074) Importer(815301076,1909f56bfc062723c751e8b465ee728b)  -> (artifact id: 'f6484a21e05b6d46b6ad80f3c4a94aa6') in 0.012514 seconds 
========================================================================
Received Import Request.
  Time since last request: 0.000037 seconds.
  path: Assets/Low Poly Free Vegetation Kit/Prefabs/Terrains/Small Terrrain 4.prefab
  artifactKey: Guid(5e506b9ce8ec1274cac6a26f50ec2f32) Importer(815301076,1909f56bfc062723c751e8b465ee728b)
Start importing Assets/Low Poly Free Vegetation Kit/Prefabs/Terrains/Small Terrrain 4.prefab using Guid(5e506b9ce8ec1274cac6a26f50ec2f32) Importer(815301076,1909f56bfc062723c751e8b465ee728b)  -> (artifact id: '128d9220ca0177eb4368a2a1bb8769fa') in 0.015149 seconds 
========================================================================
Received Import Request.
  Time since last request: 0.000025 seconds.
  path: Assets/Low Poly Free Vegetation Kit/Prefabs/Terrains/Terrain 3.prefab
  artifactKey: Guid(61e47e93992af424aa861db021ff3420) Importer(815301076,1909f56bfc062723c751e8b465ee728b)
Start importing Assets/Low Poly Free Vegetation Kit/Prefabs/Terrains/Terrain 3.prefab using Guid(61e47e93992af424aa861db021ff3420) Importer(815301076,1909f56bfc062723c751e8b465ee728b)  -> (artifact id: '68ca53a69b56a4cd266e39f07915f691') in 0.012093 seconds 
========================================================================
Received Import Request.
  Time since last request: 47.984603 seconds.
  path: Assets/Low Poly Free Vegetation Kit/Prefabs/Rocks
  artifactKey: Guid(531060859d8a0a746acd00a01aef886f) Importer(815301076,1909f56bfc062723c751e8b465ee728b)
Start importing Assets/Low Poly Free Vegetation Kit/Prefabs/Rocks using Guid(531060859d8a0a746acd00a01aef886f) Importer(815301076,1909f56bfc062723c751e8b465ee728b)  -> (artifact id: 'aea5691e643f19d71809fca0b9142539') in 0.006280 seconds 
========================================================================
Received Import Request.
  Time since last request: 0.110895 seconds.
  path: Assets/Low Poly Free Vegetation Kit/Prefabs/Rocks/Big Rock 1.prefab
  artifactKey: Guid(83145382902cecc4286a4f62b720fb37) Importer(815301076,1909f56bfc062723c751e8b465ee728b)
Start importing Assets/Low Poly Free Vegetation Kit/Prefabs/Rocks/Big Rock 1.prefab using Guid(83145382902cecc4286a4f62b720fb37) Importer(815301076,1909f56bfc062723c751e8b465ee728b)  -> (artifact id: 'c482d82305d0a78e0a354d62fdb48fc9') in 0.011896 seconds 
========================================================================
Received Import Request.
  Time since last request: 0.000022 seconds.
  path: Assets/Low Poly Free Vegetation Kit/Prefabs/Rocks/Rock 1.prefab
  artifactKey: Guid(ed18eacbf5bb4514d8a6b7a36c669520) Importer(815301076,1909f56bfc062723c751e8b465ee728b)
Start importing Assets/Low Poly Free Vegetation Kit/Prefabs/Rocks/Rock 1.prefab using Guid(ed18eacbf5bb4514d8a6b7a36c669520) Importer(815301076,1909f56bfc062723c751e8b465ee728b)  -> (artifact id: '895b4f4b250f32681ac542d3b501ece5') in 0.011079 seconds 
========================================================================
Received Import Request.
  Time since last request: 0.000026 seconds.
  path: Assets/Low Poly Free Vegetation Kit/Prefabs/Rocks/Mountain.prefab
  artifactKey: Guid(81d960fe44e3f6b46bcda7b24988e254) Importer(815301076,1909f56bfc062723c751e8b465ee728b)
Start importing Assets/Low Poly Free Vegetation Kit/Prefabs/Rocks/Mountain.prefab using Guid(81d960fe44e3f6b46bcda7b24988e254) Importer(815301076,1909f56bfc062723c751e8b465ee728b)  -> (artifact id: 'fa13dab16ce80368390d6ca1ef52d4df') in 0.011424 seconds 
========================================================================
Received Import Request.
  Time since last request: 0.000015 seconds.
  path: Assets/Low Poly Free Vegetation Kit/Prefabs/Rocks/Rock 3.prefab
  artifactKey: Guid(ed0cb6b83666ad94ea9fbf08b3ed5d46) Importer(815301076,1909f56bfc062723c751e8b465ee728b)
Start importing Assets/Low Poly Free Vegetation Kit/Prefabs/Rocks/Rock 3.prefab using Guid(ed0cb6b83666ad94ea9fbf08b3ed5d46) Importer(815301076,1909f56bfc062723c751e8b465ee728b)  -> (artifact id: 'c5ff2d650f40d6c92a686eecc02ac083') in 0.010289 seconds 
========================================================================
Received Import Request.
  Time since last request: 0.000027 seconds.
  path: Assets/Low Poly Free Vegetation Kit/Prefabs/Rocks/Rock 2.prefab
  artifactKey: Guid(4de9cfc6da7eef349881466ae54ea745) Importer(815301076,1909f56bfc062723c751e8b465ee728b)
Start importing Assets/Low Poly Free Vegetation Kit/Prefabs/Rocks/Rock 2.prefab using Guid(4de9cfc6da7eef349881466ae54ea745) Importer(815301076,1909f56bfc062723c751e8b465ee728b)  -> (artifact id: 'e3db4509c070c6f7dbbc33d6da81c269') in 0.012466 seconds 
========================================================================
Received Import Request.
  Time since last request: 0.000027 seconds.
  path: Assets/Low Poly Free Vegetation Kit/Prefabs/Rocks/Big Rock 5.prefab
  artifactKey: Guid(4462df8489303ba448bfd5971b82232f) Importer(815301076,1909f56bfc062723c751e8b465ee728b)
Start importing Assets/Low Poly Free Vegetation Kit/Prefabs/Rocks/Big Rock 5.prefab using Guid(4462df8489303ba448bfd5971b82232f) Importer(815301076,1909f56bfc062723c751e8b465ee728b)  -> (artifact id: '32b5ca82387d9e4cda86cb6f4ecea369') in 0.012510 seconds 
========================================================================
Received Import Request.
  Time since last request: 0.000023 seconds.
  path: Assets/Low Poly Free Vegetation Kit/Prefabs/Rocks/Small Rock 3.prefab
  artifactKey: Guid(8402ea267d711e6439b198a4526755b2) Importer(815301076,1909f56bfc062723c751e8b465ee728b)
Start importing Assets/Low Poly Free Vegetation Kit/Prefabs/Rocks/Small Rock 3.prefab using Guid(8402ea267d711e6439b198a4526755b2) Importer(815301076,1909f56bfc062723c751e8b465ee728b)  -> (artifact id: '038e6b333f1a71874d6c65c6c7fdb807') in 0.012298 seconds 
========================================================================
Received Import Request.
  Time since last request: 0.000048 seconds.
  path: Assets/Low Poly Free Vegetation Kit/Prefabs/Rocks/Small Rock 4.prefab
  artifactKey: Guid(03129de0bceaad4418f7f0375b4b3c38) Importer(815301076,1909f56bfc062723c751e8b465ee728b)
Start importing Assets/Low Poly Free Vegetation Kit/Prefabs/Rocks/Small Rock 4.prefab using Guid(03129de0bceaad4418f7f0375b4b3c38) Importer(815301076,1909f56bfc062723c751e8b465ee728b)  -> (artifact id: 'a42c7a825e2cacafe318af075fe4b88a') in 0.016098 seconds 
========================================================================
Received Import Request.
  Time since last request: 13.521684 seconds.
  path: Assets/Low Poly Free Vegetation Kit/Prefabs/Vegetation
  artifactKey: Guid(f3b87a002ea6ee6439efcc0bd65e95ad) Importer(815301076,1909f56bfc062723c751e8b465ee728b)
Start importing Assets/Low Poly Free Vegetation Kit/Prefabs/Vegetation using Guid(f3b87a002ea6ee6439efcc0bd65e95ad) Importer(815301076,1909f56bfc062723c751e8b465ee728b)  -> (artifact id: 'b1a0b56f142a3678178b7c839f62bc7c') in 0.006099 seconds 
========================================================================
Received Import Request.
  Time since last request: 0.164992 seconds.
  path: Assets/Low Poly Free Vegetation Kit/Prefabs/Vegetation/Branch 1.prefab
  artifactKey: Guid(37f9aeb2fdaf19f4a8efd7ce8a593dcd) Importer(815301076,1909f56bfc062723c751e8b465ee728b)
Start importing Assets/Low Poly Free Vegetation Kit/Prefabs/Vegetation/Branch 1.prefab using Guid(37f9aeb2fdaf19f4a8efd7ce8a593dcd) Importer(815301076,1909f56bfc062723c751e8b465ee728b)  -> (artifact id: '226e370b7db2d746f6e11fbbc4124a79') in 0.016877 seconds 
========================================================================
Received Import Request.
  Time since last request: 0.000023 seconds.
  path: Assets/Low Poly Free Vegetation Kit/Prefabs/Vegetation/Branch 3.prefab
  artifactKey: Guid(fdd3446cc2b63d44fb714ae3ca931241) Importer(815301076,1909f56bfc062723c751e8b465ee728b)
Start importing Assets/Low Poly Free Vegetation Kit/Prefabs/Vegetation/Branch 3.prefab using Guid(fdd3446cc2b63d44fb714ae3ca931241) Importer(815301076,1909f56bfc062723c751e8b465ee728b)  -> (artifact id: 'ec8438e9ebc9b8fa2552818d74e9bd09') in 0.011273 seconds 
========================================================================
Received Import Request.
  Time since last request: 0.000019 seconds.
  path: Assets/Low Poly Free Vegetation Kit/Prefabs/Vegetation/Plant 3.prefab
  artifactKey: Guid(64ca9e302d16490429d2a0f349d72095) Importer(815301076,1909f56bfc062723c751e8b465ee728b)
Start importing Assets/Low Poly Free Vegetation Kit/Prefabs/Vegetation/Plant 3.prefab using Guid(64ca9e302d16490429d2a0f349d72095) Importer(815301076,1909f56bfc062723c751e8b465ee728b)  -> (artifact id: '3b89277440514f04cc54f1d802549b38') in 0.014365 seconds 
========================================================================
Received Import Request.
  Time since last request: 0.000019 seconds.
  path: Assets/Low Poly Free Vegetation Kit/Prefabs/Vegetation/Tree 4.prefab
  artifactKey: Guid(2e0bdbada749e6f48b12cd3f5cadc4f3) Importer(815301076,1909f56bfc062723c751e8b465ee728b)
Start importing Assets/Low Poly Free Vegetation Kit/Prefabs/Vegetation/Tree 4.prefab using Guid(2e0bdbada749e6f48b12cd3f5cadc4f3) Importer(815301076,1909f56bfc062723c751e8b465ee728b)  -> (artifact id: 'ce60279ed69c7bafbcc5519edc4d0195') in 0.011338 seconds 
========================================================================
Received Import Request.
  Time since last request: 0.000025 seconds.
  path: Assets/Low Poly Free Vegetation Kit/Prefabs/Vegetation/Tree 5.prefab
  artifactKey: Guid(5bec60f4b2bc22b4fa1dcca2ca18225f) Importer(815301076,1909f56bfc062723c751e8b465ee728b)
Start importing Assets/Low Poly Free Vegetation Kit/Prefabs/Vegetation/Tree 5.prefab using Guid(5bec60f4b2bc22b4fa1dcca2ca18225f) Importer(815301076,1909f56bfc062723c751e8b465ee728b)  -> (artifact id: '4f4c66458acbd271a94ee855c88cc730') in 0.013997 seconds 
========================================================================
Received Import Request.
  Time since last request: 0.000017 seconds.
  path: Assets/Low Poly Free Vegetation Kit/Prefabs/Vegetation/Flower 1.prefab
  artifactKey: Guid(a620afd0f970b5d41a1c9398ef276fd4) Importer(815301076,1909f56bfc062723c751e8b465ee728b)
Start importing Assets/Low Poly Free Vegetation Kit/Prefabs/Vegetation/Flower 1.prefab using Guid(a620afd0f970b5d41a1c9398ef276fd4) Importer(815301076,1909f56bfc062723c751e8b465ee728b)  -> (artifact id: '5018caaeaae8ddc41290a2b0f1f758a5') in 0.009888 seconds 
========================================================================
Received Import Request.
  Time since last request: 0.000019 seconds.
  path: Assets/Low Poly Free Vegetation Kit/Prefabs/Vegetation/Flower 2.prefab
  artifactKey: Guid(eb027d38027a0474f9ac33e96dc2db19) Importer(815301076,1909f56bfc062723c751e8b465ee728b)
Start importing Assets/Low Poly Free Vegetation Kit/Prefabs/Vegetation/Flower 2.prefab using Guid(eb027d38027a0474f9ac33e96dc2db19) Importer(815301076,1909f56bfc062723c751e8b465ee728b)  -> (artifact id: '37508647254deab56ad8354a785d3091') in 0.014867 seconds 
========================================================================
Received Import Request.
  Time since last request: 0.000030 seconds.
  path: Assets/Low Poly Free Vegetation Kit/Prefabs/Vegetation/Log.prefab
  artifactKey: Guid(4b21e533c871dba4bb5c56ba22947be8) Importer(815301076,1909f56bfc062723c751e8b465ee728b)
Start importing Assets/Low Poly Free Vegetation Kit/Prefabs/Vegetation/Log.prefab using Guid(4b21e533c871dba4bb5c56ba22947be8) Importer(815301076,1909f56bfc062723c751e8b465ee728b)  -> (artifact id: 'c98a4d12ab08ec4bf09f86e9bc82e0cb') in 0.013707 seconds 
========================================================================
Received Import Request.
  Time since last request: 0.000034 seconds.
  path: Assets/Low Poly Free Vegetation Kit/Prefabs/Vegetation/Stump 3.prefab
  artifactKey: Guid(284148a5985781342877af69bf326a2e) Importer(815301076,1909f56bfc062723c751e8b465ee728b)
Start importing Assets/Low Poly Free Vegetation Kit/Prefabs/Vegetation/Stump 3.prefab using Guid(284148a5985781342877af69bf326a2e) Importer(815301076,1909f56bfc062723c751e8b465ee728b)  -> (artifact id: '817faa6bd2384177755c05a6d60d0370') in 0.012657 seconds 
========================================================================
Received Import Request.
  Time since last request: 0.000016 seconds.
  path: Assets/Low Poly Free Vegetation Kit/Prefabs/Vegetation/Grass Patch 1.prefab
  artifactKey: Guid(d483cda7cf88d5c43a719c90483764f1) Importer(815301076,1909f56bfc062723c751e8b465ee728b)
Start importing Assets/Low Poly Free Vegetation Kit/Prefabs/Vegetation/Grass Patch 1.prefab using Guid(d483cda7cf88d5c43a719c90483764f1) Importer(815301076,1909f56bfc062723c751e8b465ee728b)  -> (artifact id: '6607156dda10506051e9841ce2556719') in 0.011329 seconds 
========================================================================
Received Import Request.
  Time since last request: 0.000017 seconds.
  path: Assets/Low Poly Free Vegetation Kit/Prefabs/Vegetation/Grass Patch 3.prefab
  artifactKey: Guid(94041ccdef74f7d408ff9d1382f49eae) Importer(815301076,1909f56bfc062723c751e8b465ee728b)
Start importing Assets/Low Poly Free Vegetation Kit/Prefabs/Vegetation/Grass Patch 3.prefab using Guid(94041ccdef74f7d408ff9d1382f49eae) Importer(815301076,1909f56bfc062723c751e8b465ee728b)  -> (artifact id: 'f3b1bfcc3319b819e81f8c2bebfaa81f') in 0.012103 seconds 
========================================================================
Received Import Request.
  Time since last request: 0.000021 seconds.
  path: Assets/Low Poly Free Vegetation Kit/Prefabs/Vegetation/Grass Patch 4.prefab
  artifactKey: Guid(32d76070fd4329949a147d840b3a3fdf) Importer(815301076,1909f56bfc062723c751e8b465ee728b)
Start importing Assets/Low Poly Free Vegetation Kit/Prefabs/Vegetation/Grass Patch 4.prefab using Guid(32d76070fd4329949a147d840b3a3fdf) Importer(815301076,1909f56bfc062723c751e8b465ee728b)  -> (artifact id: '852004f83c5736bb307a4b71541ceb4d') in 0.011480 seconds 
========================================================================
Received Import Request.
  Time since last request: 0.000030 seconds.
  path: Assets/Low Poly Free Vegetation Kit/Prefabs/Vegetation/Stump 2.prefab
  artifactKey: Guid(89c243b5404a4554985c1d903093fa00) Importer(815301076,1909f56bfc062723c751e8b465ee728b)
Start importing Assets/Low Poly Free Vegetation Kit/Prefabs/Vegetation/Stump 2.prefab using Guid(89c243b5404a4554985c1d903093fa00) Importer(815301076,1909f56bfc062723c751e8b465ee728b)  -> (artifact id: '24ec5f3c22da9397f2a67e32ede3c5d7') in 0.012125 seconds 
========================================================================
Received Import Request.
  Time since last request: 32.994392 seconds.
  path: Assets/Low Poly Free Vegetation Kit/Textures/Color Pallet.png
  artifactKey: Guid(3a3ec579ae0a6cd458d30670586415b5) Importer(815301076,1909f56bfc062723c751e8b465ee728b)
Start importing Assets/Low Poly Free Vegetation Kit/Textures/Color Pallet.png using Guid(3a3ec579ae0a6cd458d30670586415b5) Importer(815301076,1909f56bfc062723c751e8b465ee728b)  -> (artifact id: '3cd3b04e3490cbb1ea26f51f1e433fa9') in 0.045039 seconds 
========================================================================
Received Import Request.
  Time since last request: 0.000017 seconds.
  path: Assets/Low Poly Free Vegetation Kit/Textures/Pine Tree Branch.png
  artifactKey: Guid(eef8afe969073cd4d9cfb6cc540b93aa) Importer(815301076,1909f56bfc062723c751e8b465ee728b)
Start importing Assets/Low Poly Free Vegetation Kit/Textures/Pine Tree Branch.png using Guid(eef8afe969073cd4d9cfb6cc540b93aa) Importer(815301076,1909f56bfc062723c751e8b465ee728b)  -> (artifact id: '01f3b3e515ca23da6fbaa941de05d5ec') in 0.010688 seconds 
========================================================================
Received Import Request.
  Time since last request: 5.859668 seconds.
  path: Assets/Low Poly Free Vegetation Kit/Scenes/Scene 1.unity
  artifactKey: Guid(ccc5b6334ec377b498ce4052ba9f1134) Importer(815301076,1909f56bfc062723c751e8b465ee728b)
Start importing Assets/Low Poly Free Vegetation Kit/Scenes/Scene 1.unity using Guid(ccc5b6334ec377b498ce4052ba9f1134) Importer(815301076,1909f56bfc062723c751e8b465ee728b)  -> (artifact id: 'ce768bc711d25b2040f85e445282af7e') in 0.006614 seconds 
========================================================================
Received Prepare
Registering precompiled user dll's ...
Registered in 0.004443 seconds.
Begin MonoManager ReloadAssembly
Symbol file LoadedFromMemory doesn't match image C:\Users\User\Desktop\dimarabotay\My project (2)\Library\PackageCache\com.unity.visualscripting@1.8.0\Editor\VisualScripting.Core\Dependencies\YamlDotNet\Unity.VisualScripting.YamlDotNet.dll
Symbol file LoadedFromMemory doesn't match image C:\Users\User\Desktop\dimarabotay\My project (2)\Library\PackageCache\com.unity.visualscripting@1.8.0\Editor\VisualScripting.Core\Dependencies\DotNetZip\Unity.VisualScripting.IonicZip.dll
Native extension for WindowsStandalone target not found
Native extension for WebGL target not found
Refreshing native plugins compatible for Editor in 1.37 ms, found 3 plugins.
Preloading 0 native plugins for Editor in 0.00 ms.
Mono: successfully reloaded assembly
- Completed reload, in  1.491 seconds
Domain Reload Profiling:
	ReloadAssembly (1492ms)
		BeginReloadAssembly (185ms)
			ExecutionOrderSort (0ms)
			DisableScriptedObjects (7ms)
			BackupInstance (0ms)
			ReleaseScriptingObjects (0ms)
			CreateAndSetChildDomain (59ms)
		EndReloadAssembly (1166ms)
			LoadAssemblies (97ms)
			RebuildTransferFunctionScriptingTraits (0ms)
			SetupTypeCache (406ms)
			ReleaseScriptCaches (2ms)
			RebuildScriptCaches (66ms)
			SetupLoadedEditorAssemblies (491ms)
				LogAssemblyErrors (0ms)
				InitializePlatformSupportModulesInManaged (27ms)
				SetLoadedEditorAssemblies (1ms)
				RefreshPlugins (2ms)
				BeforeProcessingInitializeOnLoad (101ms)
				ProcessInitializeOnLoadAttributes (318ms)
				ProcessInitializeOnLoadMethodAttributes (30ms)
				AfterProcessingInitializeOnLoad (12ms)
				EditorAssembliesLoaded (0ms)
			ExecutionOrderSort2 (0ms)
			AwakeInstancesAfterBackupRestoration (12ms)
Platform modules already initialized, skipping
Refreshing native plugins compatible for Editor in 2.94 ms, found 3 plugins.
Preloading 0 native plugins for Editor in 0.00 ms.
Unloading 3067 Unused Serialized files (Serialized files now loaded: 0)
Unloading 17 unused Assets / (80.7 KB). Loaded Objects now: 3570.
Memory consumption went from 126.2 MB to 126.1 MB.
Total: 3.767500 ms (FindLiveObjects: 0.278200 ms CreateObjectMapping: 0.110700 ms MarkObjects: 3.204800 ms  DeleteObjects: 0.172100 ms)

AssetImportParameters requested are different than current active one (requested -> active):
  custom:video-decoder-ogg-theora: a1e56fd34408186e4bbccfd4996cb3dc -> 
  custom:container-muxer-webm: aa71ff27fc2769a1b78a27578f13a17b -> 
  custom:container-demuxer-webm: 4f35f7cbe854078d1ac9338744f61a02 -> 
  custom:video-encoder-webm-vp8: eb34c28f22e8b96e1ab97ce403110664 -> 
  custom:audio-encoder-webm-vorbis: bf7c407c2cedff20999df2af8eb42d56 -> 
  custom:framework-win-MediaFoundation: 216162199b28c13a410421893ffa2e32 -> 
  custom:container-demuxer-ogg: 62fdf1f143b41e24485cea50d1cbac27 -> 
  custom:video-decoder-webm-vp8: 9c59270c3fd7afecdb556c50c9e8de78 -> 
  custom:audio-decoder-ogg-vorbis: bf7c407c2cedff20999df2af8eb42d56 -> 
